Running overcast with high resolution
[2m[36m(pid=51702)[0m 2022-06-09 17:14:23,562 overcast.models.core.AppendedTreatmentAttentionNetwork INFO: Loading saved checkpoint output/jasmin-daily_treatment-MERRA_aod_covariates-MERRA_RH950-MERRA_RH850-MERRA_RH700-MERRA_LTS-MERRA_W500-ERA_sst_outcomes-Cloud_Effective_Radius-Cloud_Optical_Thickness-Cloud_Water_Path_bins-1_bs-False/appended-treatment-transformer/dh-256_nco-24_nct-24_dp-3_nh-4_ns-0.01_bt-0.0_ln-False_dr-0.5_sn-0.0_lr-0.0002_bs-32_ep-10/checkpoints/model-3/mu/best_checkpoint.pt
[2m[36m(pid=51702)[0m 2022-06-09 17:14:24,302 overcast.models.core.AppendedTreatmentAttentionNetwork INFO: Loading saved checkpoint output/jasmin-daily_treatment-MERRA_aod_covariates-MERRA_RH950-MERRA_RH850-MERRA_RH700-MERRA_LTS-MERRA_W500-ERA_sst_outcomes-Cloud_Effective_Radius-Cloud_Optical_Thickness-Cloud_Water_Path_bins-1_bs-False/appended-treatment-transformer/dh-256_nco-24_nct-24_dp-3_nh-4_ns-0.01_bt-0.0_ln-False_dr-0.5_sn-0.0_lr-0.0002_bs-32_ep-10/checkpoints/model-3/mu/best_checkpoint.pt
[2m[36m(pid=51684)[0m 2022-06-09 17:14:31,001 overcast.models.core.AppendedTreatmentAttentionNetwork INFO: Loading saved checkpoint output/jasmin-daily_treatment-MERRA_aod_covariates-MERRA_RH950-MERRA_RH850-MERRA_RH700-MERRA_LTS-MERRA_W500-ERA_sst_outcomes-Cloud_Effective_Radius-Cloud_Optical_Thickness-Cloud_Water_Path_bins-1_bs-False/appended-treatment-transformer/dh-256_nco-24_nct-24_dp-3_nh-4_ns-0.01_bt-0.0_ln-False_dr-0.5_sn-0.0_lr-0.0002_bs-32_ep-10/checkpoints/model-2/mu/best_checkpoint.pt
[2m[36m(pid=51701)[0m 2022-06-09 17:14:31,457 overcast.models.core.AppendedTreatmentAttentionNetwork INFO: Loading saved checkpoint output/jasmin-daily_treatment-MERRA_aod_covariates-MERRA_RH950-MERRA_RH850-MERRA_RH700-MERRA_LTS-MERRA_W500-ERA_sst_outcomes-Cloud_Effective_Radius-Cloud_Optical_Thickness-Cloud_Water_Path_bins-1_bs-False/appended-treatment-transformer/dh-256_nco-24_nct-24_dp-3_nh-4_ns-0.01_bt-0.0_ln-False_dr-0.5_sn-0.0_lr-0.0002_bs-32_ep-10/checkpoints/model-1/mu/best_checkpoint.pt
[2m[36m(pid=51684)[0m 2022-06-09 17:14:31,905 overcast.models.core.AppendedTreatmentAttentionNetwork INFO: Loading saved checkpoint output/jasmin-daily_treatment-MERRA_aod_covariates-MERRA_RH950-MERRA_RH850-MERRA_RH700-MERRA_LTS-MERRA_W500-ERA_sst_outcomes-Cloud_Effective_Radius-Cloud_Optical_Thickness-Cloud_Water_Path_bins-1_bs-False/appended-treatment-transformer/dh-256_nco-24_nct-24_dp-3_nh-4_ns-0.01_bt-0.0_ln-False_dr-0.5_sn-0.0_lr-0.0002_bs-32_ep-10/checkpoints/model-2/mu/best_checkpoint.pt
[2m[36m(pid=51701)[0m 2022-06-09 17:14:32,249 overcast.models.core.AppendedTreatmentAttentionNetwork INFO: Loading saved checkpoint output/jasmin-daily_treatment-MERRA_aod_covariates-MERRA_RH950-MERRA_RH850-MERRA_RH700-MERRA_LTS-MERRA_W500-ERA_sst_outcomes-Cloud_Effective_Radius-Cloud_Optical_Thickness-Cloud_Water_Path_bins-1_bs-False/appended-treatment-transformer/dh-256_nco-24_nct-24_dp-3_nh-4_ns-0.01_bt-0.0_ln-False_dr-0.5_sn-0.0_lr-0.0002_bs-32_ep-10/checkpoints/model-1/mu/best_checkpoint.pt
[2m[36m(pid=51695)[0m 2022-06-09 17:14:33,414 overcast.models.core.AppendedTreatmentAttentionNetwork INFO: Loading saved checkpoint output/jasmin-daily_treatment-MERRA_aod_covariates-MERRA_RH950-MERRA_RH850-MERRA_RH700-MERRA_LTS-MERRA_W500-ERA_sst_outcomes-Cloud_Effective_Radius-Cloud_Optical_Thickness-Cloud_Water_Path_bins-1_bs-False/appended-treatment-transformer/dh-256_nco-24_nct-24_dp-3_nh-4_ns-0.01_bt-0.0_ln-False_dr-0.5_sn-0.0_lr-0.0002_bs-32_ep-10/checkpoints/model-0/mu/best_checkpoint.pt
[2m[36m(pid=51695)[0m 2022-06-09 17:14:34,006 overcast.models.core.AppendedTreatmentAttentionNetwork INFO: Loading saved checkpoint output/jasmin-daily_treatment-MERRA_aod_covariates-MERRA_RH950-MERRA_RH850-MERRA_RH700-MERRA_LTS-MERRA_W500-ERA_sst_outcomes-Cloud_Effective_Radius-Cloud_Optical_Thickness-Cloud_Water_Path_bins-1_bs-False/appended-treatment-transformer/dh-256_nco-24_nct-24_dp-3_nh-4_ns-0.01_bt-0.0_ln-False_dr-0.5_sn-0.0_lr-0.0002_bs-32_ep-10/checkpoints/model-0/mu/best_checkpoint.pt
[2m[36m(pid=51702)[0m 2022-06-09 17:15:25,809 overcast.models.core.AppendedTreatmentAttentionNetwork INFO: Loading saved checkpoint output/jasmin-daily_treatment-MERRA_aod_covariates-MERRA_RH950-MERRA_RH850-MERRA_RH700-MERRA_LTS-MERRA_W500-ERA_sst_outcomes-Cloud_Effective_Radius-Cloud_Optical_Thickness-Cloud_Water_Path_bins-1_bs-False/appended-treatment-transformer/dh-256_nco-24_nct-24_dp-3_nh-4_ns-0.01_bt-0.0_ln-False_dr-0.5_sn-0.0_lr-0.0002_bs-32_ep-10/checkpoints/model-4/mu/best_checkpoint.pt
[2m[36m(pid=51702)[0m 2022-06-09 17:15:26,707 overcast.models.core.AppendedTreatmentAttentionNetwork INFO: Loading saved checkpoint output/jasmin-daily_treatment-MERRA_aod_covariates-MERRA_RH950-MERRA_RH850-MERRA_RH700-MERRA_LTS-MERRA_W500-ERA_sst_outcomes-Cloud_Effective_Radius-Cloud_Optical_Thickness-Cloud_Water_Path_bins-1_bs-False/appended-treatment-transformer/dh-256_nco-24_nct-24_dp-3_nh-4_ns-0.01_bt-0.0_ln-False_dr-0.5_sn-0.0_lr-0.0002_bs-32_ep-10/checkpoints/model-4/mu/best_checkpoint.pt
[2m[36m(pid=51684)[0m 2022-06-09 17:15:42,791 overcast.models.core.AppendedTreatmentAttentionNetwork INFO: Loading saved checkpoint output/jasmin-daily_treatment-MERRA_aod_covariates-MERRA_RH950-MERRA_RH850-MERRA_RH700-MERRA_LTS-MERRA_W500-ERA_sst_outcomes-Cloud_Effective_Radius-Cloud_Optical_Thickness-Cloud_Water_Path_bins-1_bs-False/appended-treatment-transformer/dh-256_nco-24_nct-24_dp-3_nh-4_ns-0.01_bt-0.0_ln-False_dr-0.5_sn-0.0_lr-0.0002_bs-32_ep-10/checkpoints/model-5/mu/best_checkpoint.pt
[2m[36m(pid=51701)[0m 2022-06-09 17:15:43,187 overcast.models.core.AppendedTreatmentAttentionNetwork INFO: Loading saved checkpoint output/jasmin-daily_treatment-MERRA_aod_covariates-MERRA_RH950-MERRA_RH850-MERRA_RH700-MERRA_LTS-MERRA_W500-ERA_sst_outcomes-Cloud_Effective_Radius-Cloud_Optical_Thickness-Cloud_Water_Path_bins-1_bs-False/appended-treatment-transformer/dh-256_nco-24_nct-24_dp-3_nh-4_ns-0.01_bt-0.0_ln-False_dr-0.5_sn-0.0_lr-0.0002_bs-32_ep-10/checkpoints/model-6/mu/best_checkpoint.pt
[2m[36m(pid=51684)[0m 2022-06-09 17:15:43,675 overcast.models.core.AppendedTreatmentAttentionNetwork INFO: Loading saved checkpoint output/jasmin-daily_treatment-MERRA_aod_covariates-MERRA_RH950-MERRA_RH850-MERRA_RH700-MERRA_LTS-MERRA_W500-ERA_sst_outcomes-Cloud_Effective_Radius-Cloud_Optical_Thickness-Cloud_Water_Path_bins-1_bs-False/appended-treatment-transformer/dh-256_nco-24_nct-24_dp-3_nh-4_ns-0.01_bt-0.0_ln-False_dr-0.5_sn-0.0_lr-0.0002_bs-32_ep-10/checkpoints/model-5/mu/best_checkpoint.pt
[2m[36m(pid=51701)[0m 2022-06-09 17:15:43,748 overcast.models.core.AppendedTreatmentAttentionNetwork INFO: Loading saved checkpoint output/jasmin-daily_treatment-MERRA_aod_covariates-MERRA_RH950-MERRA_RH850-MERRA_RH700-MERRA_LTS-MERRA_W500-ERA_sst_outcomes-Cloud_Effective_Radius-Cloud_Optical_Thickness-Cloud_Water_Path_bins-1_bs-False/appended-treatment-transformer/dh-256_nco-24_nct-24_dp-3_nh-4_ns-0.01_bt-0.0_ln-False_dr-0.5_sn-0.0_lr-0.0002_bs-32_ep-10/checkpoints/model-6/mu/best_checkpoint.pt
[2m[36m(pid=51695)[0m 2022-06-09 17:15:44,817 overcast.models.core.AppendedTreatmentAttentionNetwork INFO: Loading saved checkpoint output/jasmin-daily_treatment-MERRA_aod_covariates-MERRA_RH950-MERRA_RH850-MERRA_RH700-MERRA_LTS-MERRA_W500-ERA_sst_outcomes-Cloud_Effective_Radius-Cloud_Optical_Thickness-Cloud_Water_Path_bins-1_bs-False/appended-treatment-transformer/dh-256_nco-24_nct-24_dp-3_nh-4_ns-0.01_bt-0.0_ln-False_dr-0.5_sn-0.0_lr-0.0002_bs-32_ep-10/checkpoints/model-7/mu/best_checkpoint.pt
[2m[36m(pid=51695)[0m 2022-06-09 17:15:45,467 overcast.models.core.AppendedTreatmentAttentionNetwork INFO: Loading saved checkpoint output/jasmin-daily_treatment-MERRA_aod_covariates-MERRA_RH950-MERRA_RH850-MERRA_RH700-MERRA_LTS-MERRA_W500-ERA_sst_outcomes-Cloud_Effective_Radius-Cloud_Optical_Thickness-Cloud_Water_Path_bins-1_bs-False/appended-treatment-transformer/dh-256_nco-24_nct-24_dp-3_nh-4_ns-0.01_bt-0.0_ln-False_dr-0.5_sn-0.0_lr-0.0002_bs-32_ep-10/checkpoints/model-7/mu/best_checkpoint.pt
[2m[36m(pid=51702)[0m 2022-06-09 17:16:07,288 overcast.models.core.AppendedTreatmentAttentionNetwork INFO: Loading saved checkpoint output/jasmin-daily_treatment-MERRA_aod_covariates-MERRA_RH950-MERRA_RH850-MERRA_RH700-MERRA_LTS-MERRA_W500-ERA_sst_outcomes-Cloud_Effective_Radius-Cloud_Optical_Thickness-Cloud_Water_Path_bins-1_bs-False/appended-treatment-transformer/dh-256_nco-24_nct-24_dp-3_nh-4_ns-0.01_bt-0.0_ln-False_dr-0.5_sn-0.0_lr-0.0002_bs-32_ep-10/checkpoints/model-8/mu/best_checkpoint.pt
[2m[36m(pid=51702)[0m 2022-06-09 17:16:07,953 overcast.models.core.AppendedTreatmentAttentionNetwork INFO: Loading saved checkpoint output/jasmin-daily_treatment-MERRA_aod_covariates-MERRA_RH950-MERRA_RH850-MERRA_RH700-MERRA_LTS-MERRA_W500-ERA_sst_outcomes-Cloud_Effective_Radius-Cloud_Optical_Thickness-Cloud_Water_Path_bins-1_bs-False/appended-treatment-transformer/dh-256_nco-24_nct-24_dp-3_nh-4_ns-0.01_bt-0.0_ln-False_dr-0.5_sn-0.0_lr-0.0002_bs-32_ep-10/checkpoints/model-8/mu/best_checkpoint.pt
[2m[36m(pid=51684)[0m 2022-06-09 17:16:20,377 overcast.models.core.AppendedTreatmentAttentionNetwork INFO: Loading saved checkpoint output/jasmin-daily_treatment-MERRA_aod_covariates-MERRA_RH950-MERRA_RH850-MERRA_RH700-MERRA_LTS-MERRA_W500-ERA_sst_outcomes-Cloud_Effective_Radius-Cloud_Optical_Thickness-Cloud_Water_Path_bins-1_bs-False/appended-treatment-transformer/dh-256_nco-24_nct-24_dp-3_nh-4_ns-0.01_bt-0.0_ln-False_dr-0.5_sn-0.0_lr-0.0002_bs-32_ep-10/checkpoints/model-9/mu/best_checkpoint.pt
[2m[36m(pid=51684)[0m 2022-06-09 17:16:20,846 overcast.models.core.AppendedTreatmentAttentionNetwork INFO: Loading saved checkpoint output/jasmin-daily_treatment-MERRA_aod_covariates-MERRA_RH950-MERRA_RH850-MERRA_RH700-MERRA_LTS-MERRA_W500-ERA_sst_outcomes-Cloud_Effective_Radius-Cloud_Optical_Thickness-Cloud_Water_Path_bins-1_bs-False/appended-treatment-transformer/dh-256_nco-24_nct-24_dp-3_nh-4_ns-0.01_bt-0.0_ln-False_dr-0.5_sn-0.0_lr-0.0002_bs-32_ep-10/checkpoints/model-9/mu/best_checkpoint.pt
[2m[36m(trainer pid=51702)[0m MERRA_aod
[2m[36m(trainer pid=51684)[0m MERRA_aod
[2m[36m(trainer pid=51701)[0m MERRA_aod
[2m[36m(trainer pid=51695)[0m MERRA_aod
[2m[36m(trainer pid=51702)[0m MERRA_aod
[2m[36m(trainer pid=51684)[0m MERRA_aod
[2m[36m(trainer pid=51701)[0m MERRA_aod
[2m[36m(trainer pid=51702)[0m Metrics Epoch 1
[2m[36m(trainer pid=51702)[0m time (seconds)      2.448989
[2m[36m(trainer pid=51702)[0m train loss                11.831123
[2m[36m(trainer pid=51702)[0m train neg_log_prob        9.956903
[2m[36m(trainer pid=51702)[0m train neg_log_prob_task   3.959131
[2m[36m(trainer pid=51702)[0m tune loss                0.109765
[2m[36m(trainer pid=51702)[0m tune neg_log_prob        4.987421
[2m[36m(trainer pid=51702)[0m tune neg_log_prob_task   2.405624
[2m[36m(trainer pid=51695)[0m MERRA_aod
[2m[36m(trainer pid=51702)[0m Metrics Epoch 2
[2m[36m(trainer pid=51702)[0m time (seconds)      4.644861
[2m[36m(trainer pid=51702)[0m train loss                9.462019
[2m[36m(trainer pid=51702)[0m train neg_log_prob        8.909701
[2m[36m(trainer pid=51702)[0m train neg_log_prob_task   3.517834
[2m[36m(trainer pid=51702)[0m tune loss                0.014098
[2m[36m(trainer pid=51702)[0m tune neg_log_prob        4.440121
[2m[36m(trainer pid=51702)[0m tune neg_log_prob_task   2.312225
[2m[36m(trainer pid=51684)[0m Metrics Epoch 1
[2m[36m(trainer pid=51684)[0m time (seconds)      4.377454
[2m[36m(trainer pid=51684)[0m train loss                9.108549
[2m[36m(trainer pid=51684)[0m train neg_log_prob        9.727678
[2m[36m(trainer pid=51684)[0m train neg_log_prob_task   3.780301
[2m[36m(trainer pid=51684)[0m tune loss                0.047456
[2m[36m(trainer pid=51684)[0m tune neg_log_prob        4.889791
[2m[36m(trainer pid=51684)[0m tune neg_log_prob_task   2.377550
[2m[36m(trainer pid=51701)[0m Metrics Epoch 1
[2m[36m(trainer pid=51701)[0m time (seconds)      4.789327
[2m[36m(trainer pid=51701)[0m train loss                11.638657
[2m[36m(trainer pid=51701)[0m train neg_log_prob        9.943452
[2m[36m(trainer pid=51701)[0m train neg_log_prob_task   4.050300
[2m[36m(trainer pid=51702)[0m Metrics Epoch 3
[2m[36m(trainer pid=51702)[0m time (seconds)      4.359751
[2m[36m(trainer pid=51702)[0m train loss                4.895803
[2m[36m(trainer pid=51702)[0m train neg_log_prob        8.112696
[2m[36m(trainer pid=51702)[0m train neg_log_prob_task   3.442714
[2m[36m(trainer pid=51701)[0m tune loss                0.102803
[2m[36m(trainer pid=51701)[0m tune neg_log_prob        5.000030
[2m[36m(trainer pid=51701)[0m tune neg_log_prob_task   2.344485
[2m[36m(trainer pid=51702)[0m tune loss                0.004176
[2m[36m(trainer pid=51702)[0m tune neg_log_prob        4.184046
[2m[36m(trainer pid=51702)[0m tune neg_log_prob_task   2.233184
[2m[36m(trainer pid=51684)[0m Metrics Epoch 2
[2m[36m(trainer pid=51684)[0m time (seconds)      9.440611
[2m[36m(trainer pid=51684)[0m train loss                7.441080
[2m[36m(trainer pid=51684)[0m train neg_log_prob        8.686513
[2m[36m(trainer pid=51684)[0m train neg_log_prob_task   3.515115
[2m[36m(trainer pid=51684)[0m tune loss                0.018887
[2m[36m(trainer pid=51684)[0m tune neg_log_prob        4.400530
[2m[36m(trainer pid=51684)[0m tune neg_log_prob_task   2.236711
[2m[36m(trainer pid=51701)[0m Metrics Epoch 2
[2m[36m(trainer pid=51701)[0m time (seconds)      10.226278
[2m[36m(trainer pid=51701)[0m train loss                7.845008
[2m[36m(trainer pid=51701)[0m train neg_log_prob        8.764090
[2m[36m(trainer pid=51701)[0m train neg_log_prob_task   3.540859
[2m[36m(trainer pid=51702)[0m Metrics Epoch 4
[2m[36m(trainer pid=51702)[0m time (seconds)      4.704433
[2m[36m(trainer pid=51702)[0m train loss                2.572890
[2m[36m(trainer pid=51702)[0m train neg_log_prob        7.348425
[2m[36m(trainer pid=51702)[0m train neg_log_prob_task   3.336723
[2m[36m(trainer pid=51695)[0m Metrics Epoch 1
[2m[36m(trainer pid=51695)[0m time (seconds)      6.213704
[2m[36m(trainer pid=51695)[0m train loss                8.698679
[2m[36m(trainer pid=51695)[0m train neg_log_prob        9.449623
[2m[36m(trainer pid=51695)[0m train neg_log_prob_task   3.716511
[2m[36m(trainer pid=51702)[0m tune loss                -0.000741
[2m[36m(trainer pid=51702)[0m tune neg_log_prob        4.066105
[2m[36m(trainer pid=51702)[0m tune neg_log_prob_task   2.184736
[2m[36m(trainer pid=51695)[0m tune loss                0.016250
[2m[36m(trainer pid=51695)[0m tune neg_log_prob        4.826380
[2m[36m(trainer pid=51695)[0m tune neg_log_prob_task   2.316684
[2m[36m(trainer pid=51701)[0m tune loss                0.029673
[2m[36m(trainer pid=51701)[0m tune neg_log_prob        4.477146
[2m[36m(trainer pid=51701)[0m tune neg_log_prob_task   2.243318
[2m[36m(trainer pid=51684)[0m Metrics Epoch 3
[2m[36m(trainer pid=51684)[0m time (seconds)      7.397932
[2m[36m(trainer pid=51684)[0m train loss                3.499311
[2m[36m(trainer pid=51684)[0m train neg_log_prob        7.715140
[2m[36m(trainer pid=51684)[0m train neg_log_prob_task   3.408351
[2m[36m(trainer pid=51684)[0m tune loss                0.008385
[2m[36m(trainer pid=51684)[0m tune neg_log_prob        4.125669
[2m[36m(trainer pid=51684)[0m tune neg_log_prob_task   2.145501
[2m[36m(trainer pid=51695)[0m Metrics Epoch 2
[2m[36m(trainer pid=51695)[0m time (seconds)      11.641793
[2m[36m(trainer pid=51695)[0m train loss                6.798341
[2m[36m(trainer pid=51695)[0m train neg_log_prob        8.617732
[2m[36m(trainer pid=51695)[0m train neg_log_prob_task   3.505420
[2m[36m(trainer pid=51701)[0m Metrics Epoch 3
[2m[36m(trainer pid=51701)[0m time (seconds)      7.890054
[2m[36m(trainer pid=51701)[0m train loss                3.658249
[2m[36m(trainer pid=51701)[0m train neg_log_prob        7.858779
[2m[36m(trainer pid=51701)[0m train neg_log_prob_task   3.499336
[2m[36m(trainer pid=51702)[0m Metrics Epoch 5
[2m[36m(trainer pid=51702)[0m time (seconds)      4.899232
[2m[36m(trainer pid=51702)[0m train loss                1.681607
[2m[36m(trainer pid=51702)[0m train neg_log_prob        6.832925
[2m[36m(trainer pid=51702)[0m train neg_log_prob_task   3.285963
[2m[36m(trainer pid=51695)[0m tune loss                0.010851
[2m[36m(trainer pid=51695)[0m tune neg_log_prob        4.382553
[2m[36m(trainer pid=51695)[0m tune neg_log_prob_task   2.285495
[2m[36m(trainer pid=51701)[0m tune loss                0.008422
[2m[36m(trainer pid=51701)[0m tune neg_log_prob        4.201973
[2m[36m(trainer pid=51701)[0m tune neg_log_prob_task   2.275351
[2m[36m(trainer pid=51702)[0m tune loss                0.000414
[2m[36m(trainer pid=51702)[0m tune neg_log_prob        4.008647
[2m[36m(trainer pid=51702)[0m tune neg_log_prob_task   2.097208
[2m[36m(trainer pid=51684)[0m Metrics Epoch 4
[2m[36m(trainer pid=51684)[0m time (seconds)      6.745472
[2m[36m(trainer pid=51684)[0m train loss                1.817874
[2m[36m(trainer pid=51684)[0m train neg_log_prob        6.952727
[2m[36m(trainer pid=51684)[0m train neg_log_prob_task   3.338209
[2m[36m(trainer pid=51684)[0m tune loss                0.005043
[2m[36m(trainer pid=51684)[0m tune neg_log_prob        4.018092
[2m[36m(trainer pid=51684)[0m tune neg_log_prob_task   2.101137
[2m[36m(trainer pid=51695)[0m Metrics Epoch 3
[2m[36m(trainer pid=51695)[0m time (seconds)      8.543930
[2m[36m(trainer pid=51695)[0m train loss                3.805606
[2m[36m(trainer pid=51695)[0m train neg_log_prob        7.849601
[2m[36m(trainer pid=51695)[0m train neg_log_prob_task   3.437516
[2m[36m(trainer pid=51701)[0m Metrics Epoch 4
[2m[36m(trainer pid=51701)[0m time (seconds)      7.084149
[2m[36m(trainer pid=51701)[0m train loss                1.932928
[2m[36m(trainer pid=51701)[0m train neg_log_prob        7.065547
[2m[36m(trainer pid=51701)[0m train neg_log_prob_task   3.442282
[2m[36m(trainer pid=51702)[0m Metrics Epoch 6
[2m[36m(trainer pid=51702)[0m time (seconds)      5.013366
[2m[36m(trainer pid=51702)[0m train loss                1.046257
[2m[36m(trainer pid=51702)[0m train neg_log_prob        6.358221
[2m[36m(trainer pid=51702)[0m train neg_log_prob_task   3.161709
[2m[36m(trainer pid=51695)[0m tune loss                0.006332
[2m[36m(trainer pid=51695)[0m tune neg_log_prob        4.151371
[2m[36m(trainer pid=51695)[0m tune neg_log_prob_task   2.215080
[2m[36m(trainer pid=51701)[0m tune loss                0.002830
[2m[36m(trainer pid=51701)[0m tune neg_log_prob        4.007811
[2m[36m(trainer pid=51701)[0m tune neg_log_prob_task   2.189737
[2m[36m(trainer pid=51702)[0m tune loss                0.000312
[2m[36m(trainer pid=51702)[0m tune neg_log_prob        3.952143
[2m[36m(trainer pid=51702)[0m tune neg_log_prob_task   1.993985
[2m[36m(trainer pid=51684)[0m Metrics Epoch 5
[2m[36m(trainer pid=51684)[0m time (seconds)      6.415059
[2m[36m(trainer pid=51684)[0m train loss                0.863947
[2m[36m(trainer pid=51684)[0m train neg_log_prob        6.268927
[2m[36m(trainer pid=51684)[0m train neg_log_prob_task   3.222508
[2m[36m(trainer pid=51684)[0m tune loss                0.001164
[2m[36m(trainer pid=51684)[0m tune neg_log_prob        3.979925
[2m[36m(trainer pid=51684)[0m tune neg_log_prob_task   1.937281
[2m[36m(trainer pid=51701)[0m Metrics Epoch 5
[2m[36m(trainer pid=51701)[0m time (seconds)      6.665640
[2m[36m(trainer pid=51701)[0m train loss                0.818919
[2m[36m(trainer pid=51701)[0m train neg_log_prob        6.228199
[2m[36m(trainer pid=51701)[0m train neg_log_prob_task   3.311393
[2m[36m(trainer pid=51702)[0m Metrics Epoch 7
[2m[36m(trainer pid=51702)[0m time (seconds)      5.089433
[2m[36m(trainer pid=51702)[0m train loss                0.597246
[2m[36m(trainer pid=51702)[0m train neg_log_prob        5.811594
[2m[36m(trainer pid=51702)[0m train neg_log_prob_task   2.972519
[2m[36m(trainer pid=51695)[0m Metrics Epoch 4
[2m[36m(trainer pid=51695)[0m time (seconds)      7.553061
[2m[36m(trainer pid=51695)[0m train loss                1.953644
[2m[36m(trainer pid=51695)[0m train neg_log_prob        7.067204
[2m[36m(trainer pid=51695)[0m train neg_log_prob_task   3.340022
[2m[36m(trainer pid=51702)[0m tune loss                -0.000139
[2m[36m(trainer pid=51702)[0m tune neg_log_prob        3.946460
[2m[36m(trainer pid=51702)[0m tune neg_log_prob_task   1.856906
[2m[36m(trainer pid=51701)[0m tune loss                -0.001437
[2m[36m(trainer pid=51701)[0m tune neg_log_prob        3.976459
[2m[36m(trainer pid=51701)[0m tune neg_log_prob_task   2.050708
[2m[36m(trainer pid=51695)[0m tune loss                0.001438
[2m[36m(trainer pid=51695)[0m tune neg_log_prob        4.031187
[2m[36m(trainer pid=51695)[0m tune neg_log_prob_task   2.139022
[2m[36m(trainer pid=51684)[0m Metrics Epoch 6
[2m[36m(trainer pid=51684)[0m time (seconds)      6.230699
[2m[36m(trainer pid=51684)[0m train loss                0.425062
[2m[36m(trainer pid=51684)[0m train neg_log_prob        5.667551
[2m[36m(trainer pid=51684)[0m train neg_log_prob_task   3.060662
[2m[36m(trainer pid=51684)[0m tune loss                0.000740
[2m[36m(trainer pid=51684)[0m tune neg_log_prob        3.976369
[2m[36m(trainer pid=51684)[0m tune neg_log_prob_task   1.802388
[2m[36m(trainer pid=51701)[0m Metrics Epoch 6
[2m[36m(trainer pid=51701)[0m time (seconds)      6.414113
[2m[36m(trainer pid=51701)[0m train loss                0.392206
[2m[36m(trainer pid=51701)[0m train neg_log_prob        5.599520
[2m[36m(trainer pid=51701)[0m train neg_log_prob_task   3.142938
[2m[36m(trainer pid=51702)[0m Metrics Epoch 8
[2m[36m(trainer pid=51702)[0m time (seconds)      5.131587
[2m[36m(trainer pid=51702)[0m train loss                0.399709
[2m[36m(trainer pid=51702)[0m train neg_log_prob        5.526785
[2m[36m(trainer pid=51702)[0m train neg_log_prob_task   2.839531
[2m[36m(trainer pid=51695)[0m Metrics Epoch 5
[2m[36m(trainer pid=51695)[0m time (seconds)      7.030348
[2m[36m(trainer pid=51695)[0m train loss                1.024909
[2m[36m(trainer pid=51695)[0m train neg_log_prob        6.438732
[2m[36m(trainer pid=51695)[0m train neg_log_prob_task   3.253689
[2m[36m(trainer pid=51701)[0m tune loss                -0.003022
[2m[36m(trainer pid=51701)[0m tune neg_log_prob        3.893848
[2m[36m(trainer pid=51701)[0m tune neg_log_prob_task   1.958613
[2m[36m(trainer pid=51702)[0m tune loss                0.000298
[2m[36m(trainer pid=51702)[0m tune neg_log_prob        3.930673
[2m[36m(trainer pid=51702)[0m tune neg_log_prob_task   1.759396
[2m[36m(trainer pid=51695)[0m tune loss                0.000354
[2m[36m(trainer pid=51695)[0m tune neg_log_prob        4.020828
[2m[36m(trainer pid=51695)[0m tune neg_log_prob_task   2.035754
[2m[36m(trainer pid=51684)[0m Metrics Epoch 7
[2m[36m(trainer pid=51684)[0m time (seconds)      6.099579
[2m[36m(trainer pid=51684)[0m train loss                0.226926
[2m[36m(trainer pid=51684)[0m train neg_log_prob        5.248253
[2m[36m(trainer pid=51684)[0m train neg_log_prob_task   2.861169
[2m[36m(trainer pid=51684)[0m tune loss                0.000888
[2m[36m(trainer pid=51684)[0m tune neg_log_prob        3.956406
[2m[36m(trainer pid=51684)[0m tune neg_log_prob_task   1.721787
[2m[36m(trainer pid=51701)[0m Metrics Epoch 7
[2m[36m(trainer pid=51701)[0m time (seconds)      6.255188
[2m[36m(trainer pid=51701)[0m train loss                0.198258
[2m[36m(trainer pid=51701)[0m train neg_log_prob        5.163128
[2m[36m(trainer pid=51701)[0m train neg_log_prob_task   2.955840
[2m[36m(trainer pid=51702)[0m Metrics Epoch 9
[2m[36m(trainer pid=51702)[0m time (seconds)      5.172758
[2m[36m(trainer pid=51702)[0m train loss                0.287500
[2m[36m(trainer pid=51702)[0m train neg_log_prob        5.197364
[2m[36m(trainer pid=51702)[0m train neg_log_prob_task   2.662544
[2m[36m(trainer pid=51695)[0m Metrics Epoch 6
[2m[36m(trainer pid=51695)[0m time (seconds)      6.724066
[2m[36m(trainer pid=51695)[0m train loss                0.571926
[2m[36m(trainer pid=51695)[0m train neg_log_prob        5.873896
[2m[36m(trainer pid=51695)[0m train neg_log_prob_task   3.138610
[2m[36m(trainer pid=51701)[0m tune loss                -0.003288
[2m[36m(trainer pid=51701)[0m tune neg_log_prob        3.939742
[2m[36m(trainer pid=51701)[0m tune neg_log_prob_task   1.798337
[2m[36m(trainer pid=51702)[0m tune loss                -0.001650
[2m[36m(trainer pid=51702)[0m tune neg_log_prob        3.918560
[2m[36m(trainer pid=51702)[0m tune neg_log_prob_task   1.679745
[2m[36m(trainer pid=51695)[0m tune loss                -0.001268
[2m[36m(trainer pid=51695)[0m tune neg_log_prob        3.959580
[2m[36m(trainer pid=51695)[0m tune neg_log_prob_task   1.948320
[2m[36m(trainer pid=51684)[0m Metrics Epoch 8
[2m[36m(trainer pid=51684)[0m time (seconds)      5.994843
[2m[36m(trainer pid=51684)[0m train loss                0.121900
[2m[36m(trainer pid=51684)[0m train neg_log_prob        4.863912
[2m[36m(trainer pid=51684)[0m train neg_log_prob_task   2.575895
[2m[36m(trainer pid=51684)[0m tune loss                -0.001174
[2m[36m(trainer pid=51684)[0m tune neg_log_prob        3.920661
[2m[36m(trainer pid=51684)[0m tune neg_log_prob_task   1.602136
[2m[36m(trainer pid=51701)[0m Metrics Epoch 8
[2m[36m(trainer pid=51701)[0m time (seconds)      6.143523
[2m[36m(trainer pid=51701)[0m train loss                0.108271
[2m[36m(trainer pid=51701)[0m train neg_log_prob        4.834103
[2m[36m(trainer pid=51701)[0m train neg_log_prob_task   2.731772
[2m[36m(trainer pid=51702)[0m Metrics Epoch 10
[2m[36m(trainer pid=51702)[0m time (seconds)      5.209343
[2m[36m(trainer pid=51702)[0m train loss                0.183981
[2m[36m(trainer pid=51702)[0m train neg_log_prob        4.757639
[2m[36m(trainer pid=51702)[0m train neg_log_prob_task   2.433113
[2m[36m(trainer pid=51695)[0m Metrics Epoch 7
[2m[36m(trainer pid=51695)[0m time (seconds)      6.524012
[2m[36m(trainer pid=51695)[0m train loss                0.312552
[2m[36m(trainer pid=51695)[0m train neg_log_prob        5.464563
[2m[36m(trainer pid=51695)[0m train neg_log_prob_task   3.021232
[2m[36m(trainer pid=51701)[0m tune loss                -0.002896
[2m[36m(trainer pid=51701)[0m tune neg_log_prob        3.911361
[2m[36m(trainer pid=51701)[0m tune neg_log_prob_task   1.720533
[2m[36m(trainer pid=51702)[0m tune loss                -0.001830
[2m[36m(trainer pid=51702)[0m tune neg_log_prob        3.923641
[2m[36m(trainer pid=51702)[0m tune neg_log_prob_task   1.595535
[2m[36m(trainer pid=51695)[0m tune loss                -0.003692
[2m[36m(trainer pid=51695)[0m tune neg_log_prob        3.920485
[2m[36m(trainer pid=51695)[0m tune neg_log_prob_task   1.870744
[2m[36m(trainer pid=51684)[0m Metrics Epoch 9
[2m[36m(trainer pid=51684)[0m time (seconds)      5.828572
[2m[36m(trainer pid=51684)[0m train loss                0.070901
[2m[36m(trainer pid=51684)[0m train neg_log_prob        4.588869
[2m[36m(trainer pid=51684)[0m train neg_log_prob_task   2.311191
[2m[36m(trainer pid=51684)[0m tune loss                -0.001986
[2m[36m(trainer pid=51684)[0m tune neg_log_prob        3.843865
[2m[36m(trainer pid=51684)[0m tune neg_log_prob_task   1.542774
[2m[36m(trainer pid=51702)[0m Metrics Epoch 10
[2m[36m(trainer pid=51702)[0m best loss                -0.001998
[2m[36m(trainer pid=51702)[0m best neg_log_prob        3.915875
[2m[36m(trainer pid=51702)[0m best neg_log_prob_task   1.610318
[2m[36m(trainer pid=51701)[0m Metrics Epoch 9
[2m[36m(trainer pid=51701)[0m time (seconds)      5.924407
[2m[36m(trainer pid=51701)[0m train loss                0.069391
[2m[36m(trainer pid=51701)[0m train neg_log_prob        4.570946
[2m[36m(trainer pid=51701)[0m train neg_log_prob_task   2.486700
[2m[36m(trainer pid=51695)[0m Metrics Epoch 8
[2m[36m(trainer pid=51695)[0m time (seconds)      6.203696
[2m[36m(trainer pid=51695)[0m train loss                0.200988
[2m[36m(trainer pid=51695)[0m train neg_log_prob        5.159926
[2m[36m(trainer pid=51695)[0m train neg_log_prob_task   2.890185
[2m[36m(trainer pid=51701)[0m tune loss                -0.003219
[2m[36m(trainer pid=51701)[0m tune neg_log_prob        3.903574
[2m[36m(trainer pid=51701)[0m tune neg_log_prob_task   1.640656
[2m[36m(trainer pid=51695)[0m tune loss                -0.004830
[2m[36m(trainer pid=51695)[0m tune neg_log_prob        3.926832
[2m[36m(trainer pid=51695)[0m tune neg_log_prob_task   1.762998
[2m[36m(trainer pid=51684)[0m Metrics Epoch 10
[2m[36m(trainer pid=51684)[0m time (seconds)      5.676879
[2m[36m(trainer pid=51684)[0m train loss                0.054165
[2m[36m(trainer pid=51684)[0m train neg_log_prob        4.308512
[2m[36m(trainer pid=51684)[0m train neg_log_prob_task   2.022873
[2m[36m(trainer pid=51684)[0m tune loss                -0.002060
[2m[36m(trainer pid=51684)[0m tune neg_log_prob        3.730358
[2m[36m(trainer pid=51684)[0m 
[2m[36m(trainer pid=51684)[0m tune neg_log_prob_task   1.473219
[2m[36m(trainer pid=51695)[0m Metrics Epoch 9
[2m[36m(trainer pid=51695)[0m time (seconds)      5.901652
[2m[36m(trainer pid=51695)[0m train loss                0.139433
[2m[36m(trainer pid=51695)[0m train neg_log_prob        4.908745
[2m[36m(trainer pid=51695)[0m train neg_log_prob_task   2.683216
[2m[36m(trainer pid=51701)[0m Metrics Epoch 10
[2m[36m(trainer pid=51701)[0m time (seconds)      5.705563
[2m[36m(trainer pid=51701)[0m train loss                0.043228
[2m[36m(trainer pid=51701)[0m train neg_log_prob        4.349210
[2m[36m(trainer pid=51701)[0m train neg_log_prob_task   2.223827
[2m[36m(trainer pid=51695)[0m tune loss                -0.004809
[2m[36m(trainer pid=51695)[0m tune neg_log_prob        3.920240
[2m[36m(trainer pid=51695)[0m tune neg_log_prob_task   1.705369
[2m[36m(trainer pid=51701)[0m tune loss                -0.002316
[2m[36m(trainer pid=51701)[0m tune neg_log_prob        3.874625
[2m[36m(trainer pid=51701)[0m tune neg_log_prob_task   1.520505
[2m[36m(trainer pid=51695)[0m Metrics Epoch 10
[2m[36m(trainer pid=51695)[0m time (seconds)      5.474733
[2m[36m(trainer pid=51695)[0m train loss                0.103541
[2m[36m(trainer pid=51695)[0m train neg_log_prob        4.760619
[2m[36m(trainer pid=51695)[0m train neg_log_prob_task   2.478161
[2m[36m(trainer pid=51695)[0m tune loss                -0.004210
[2m[36m(trainer pid=51695)[0m tune neg_log_prob        3.898164
[2m[36m(trainer pid=51695)[0m tune neg_log_prob_task   1.652124
[2m[36m(trainer pid=51684)[0m Metrics Epoch 10
[2m[36m(trainer pid=51684)[0m best loss                -0.002261
[2m[36m(trainer pid=51684)[0m best neg_log_prob        3.745707
[2m[36m(trainer pid=51684)[0m best neg_log_prob_task   1.475534
[2m[36m(trainer pid=51701)[0m Metrics Epoch 7
[2m[36m(trainer pid=51701)[0m best loss                -0.003102
[2m[36m(trainer pid=51701)[0m best neg_log_prob        3.929670
[2m[36m(trainer pid=51701)[0m best neg_log_prob_task   1.803743
[2m[36m(trainer pid=51702)[0m MERRA_aod
[2m[36m(trainer pid=51695)[0m Metrics Epoch 8
[2m[36m(trainer pid=51695)[0m best loss                -0.004834
[2m[36m(trainer pid=51695)[0m best neg_log_prob        3.969100
[2m[36m(trainer pid=51695)[0m best neg_log_prob_task   1.766535
[2m[36m(trainer pid=51684)[0m MERRA_aod
[2m[36m(trainer pid=51701)[0m MERRA_aod
[2m[36m(trainer pid=51702)[0m MERRA_aod
[2m[36m(trainer pid=51695)[0m MERRA_aod
[2m[36m(trainer pid=51702)[0m Metrics Epoch 1
[2m[36m(trainer pid=51702)[0m time (seconds)      1.501800
[2m[36m(trainer pid=51702)[0m train loss                10.753916
[2m[36m(trainer pid=51702)[0m train neg_log_prob        9.718556
[2m[36m(trainer pid=51702)[0m train neg_log_prob_task   3.815731
[2m[36m(trainer pid=51702)[0m tune loss                0.039633
[2m[36m(trainer pid=51702)[0m tune neg_log_prob        4.885273
[2m[36m(trainer pid=51702)[0m tune neg_log_prob_task   2.356607
[2m[36m(trainer pid=51702)[0m Metrics Epoch 2
[2m[36m(trainer pid=51702)[0m time (seconds)      3.335967
[2m[36m(trainer pid=51702)[0m train loss                7.698738
[2m[36m(trainer pid=51702)[0m train neg_log_prob        8.690675
[2m[36m(trainer pid=51702)[0m train neg_log_prob_task   3.507407
[2m[36m(trainer pid=51702)[0m tune loss                0.018279
[2m[36m(trainer pid=51702)[0m tune neg_log_prob        4.421969
[2m[36m(trainer pid=51702)[0m tune neg_log_prob_task   2.266119
[2m[36m(trainer pid=51702)[0m Metrics Epoch 3
[2m[36m(trainer pid=51702)[0m time (seconds)      2.526226
[2m[36m(trainer pid=51702)[0m train loss                3.857995
[2m[36m(trainer pid=51702)[0m train neg_log_prob        7.827837
[2m[36m(trainer pid=51702)[0m train neg_log_prob_task   3.396761
[2m[36m(trainer pid=51702)[0m tune loss                0.006829
[2m[36m(trainer pid=51702)[0m tune neg_log_prob        4.181595
[2m[36m(trainer pid=51702)[0m tune neg_log_prob_task   2.225213
[2m[36m(trainer pid=51684)[0m MERRA_aod
[2m[36m(trainer pid=51701)[0m MERRA_aod
[2m[36m(trainer pid=51702)[0m Metrics Epoch 4
[2m[36m(trainer pid=51702)[0m time (seconds)      2.229095
[2m[36m(trainer pid=51702)[0m train loss                2.053186
[2m[36m(trainer pid=51702)[0m train neg_log_prob        7.120432
[2m[36m(trainer pid=51702)[0m train neg_log_prob_task   3.323058
[2m[36m(trainer pid=51702)[0m tune loss                -0.000082
[2m[36m(trainer pid=51702)[0m tune neg_log_prob        4.061453
[2m[36m(trainer pid=51702)[0m tune neg_log_prob_task   2.154256
[2m[36m(trainer pid=51702)[0m Metrics Epoch 5
[2m[36m(trainer pid=51702)[0m time (seconds)      2.465216
[2m[36m(trainer pid=51702)[0m train loss                1.147191
[2m[36m(trainer pid=51702)[0m train neg_log_prob        6.471268
[2m[36m(trainer pid=51702)[0m train neg_log_prob_task   3.227355
[2m[36m(trainer pid=51695)[0m MERRA_aod
[2m[36m(trainer pid=51702)[0m tune loss                -0.002659
[2m[36m(trainer pid=51702)[0m tune neg_log_prob        4.017105
[2m[36m(trainer pid=51702)[0m tune neg_log_prob_task   2.073419
[2m[36m(trainer pid=51684)[0m Metrics Epoch 1
[2m[36m(trainer pid=51684)[0m time (seconds)      3.498740
[2m[36m(trainer pid=51684)[0m train loss                11.000690
[2m[36m(trainer pid=51684)[0m train neg_log_prob        9.605354
[2m[36m(trainer pid=51684)[0m train neg_log_prob_task   3.673465
[2m[36m(trainer pid=51684)[0m tune loss                0.068579
[2m[36m(trainer pid=51684)[0m tune neg_log_prob        4.632149
[2m[36m(trainer pid=51684)[0m tune neg_log_prob_task   2.199577
[2m[36m(trainer pid=51701)[0m Metrics Epoch 1
[2m[36m(trainer pid=51701)[0m time (seconds)      3.587617
[2m[36m(trainer pid=51701)[0m train loss                10.627628
[2m[36m(trainer pid=51701)[0m train neg_log_prob        9.833731
[2m[36m(trainer pid=51701)[0m train neg_log_prob_task   3.910690
[2m[36m(trainer pid=51701)[0m tune loss                0.027165
[2m[36m(trainer pid=51701)[0m tune neg_log_prob        4.799303
[2m[36m(trainer pid=51701)[0m tune neg_log_prob_task   2.331466
[2m[36m(trainer pid=51702)[0m Metrics Epoch 6
[2m[36m(trainer pid=51702)[0m time (seconds)      2.969838
[2m[36m(trainer pid=51702)[0m train loss                0.664433
[2m[36m(trainer pid=51702)[0m train neg_log_prob        5.990835
[2m[36m(trainer pid=51702)[0m train neg_log_prob_task   3.156084
[2m[36m(trainer pid=51702)[0m tune loss                -0.003822
[2m[36m(trainer pid=51702)[0m tune neg_log_prob        3.947441
[2m[36m(trainer pid=51702)[0m tune neg_log_prob_task   1.972759
[2m[36m(trainer pid=51695)[0m Metrics Epoch 1
[2m[36m(trainer pid=51695)[0m time (seconds)      4.834955
[2m[36m(trainer pid=51695)[0m train loss                10.151217
[2m[36m(trainer pid=51695)[0m train neg_log_prob        9.746827
[2m[36m(trainer pid=51695)[0m train neg_log_prob_task   3.657436
[2m[36m(trainer pid=51684)[0m Metrics Epoch 2
[2m[36m(trainer pid=51684)[0m time (seconds)      8.957747
[2m[36m(trainer pid=51684)[0m train loss                5.333581
[2m[36m(trainer pid=51684)[0m train neg_log_prob        8.207138
[2m[36m(trainer pid=51684)[0m train neg_log_prob_task   3.463061
[2m[36m(trainer pid=51701)[0m Metrics Epoch 2
[2m[36m(trainer pid=51701)[0m time (seconds)      8.966035
[2m[36m(trainer pid=51701)[0m train loss                7.225533
[2m[36m(trainer pid=51701)[0m train neg_log_prob        8.697893
[2m[36m(trainer pid=51701)[0m train neg_log_prob_task   3.629655
[2m[36m(trainer pid=51695)[0m tune loss                0.047873
[2m[36m(trainer pid=51695)[0m tune neg_log_prob        4.921409
[2m[36m(trainer pid=51695)[0m tune neg_log_prob_task   2.422070
[2m[36m(trainer pid=51684)[0m tune loss                0.008859
[2m[36m(trainer pid=51684)[0m tune neg_log_prob        4.223179
[2m[36m(trainer pid=51684)[0m tune neg_log_prob_task   2.189480
[2m[36m(trainer pid=51701)[0m tune loss                0.004733
[2m[36m(trainer pid=51701)[0m tune neg_log_prob        4.338090
[2m[36m(trainer pid=51701)[0m tune neg_log_prob_task   2.295861
[2m[36m(trainer pid=51702)[0m Metrics Epoch 7
[2m[36m(trainer pid=51702)[0m time (seconds)      3.405131
[2m[36m(trainer pid=51702)[0m train loss                0.365289
[2m[36m(trainer pid=51702)[0m train neg_log_prob        5.555768
[2m[36m(trainer pid=51702)[0m train neg_log_prob_task   3.059688
[2m[36m(trainer pid=51702)[0m tune loss                -0.006165
[2m[36m(trainer pid=51702)[0m tune neg_log_prob        3.938600
[2m[36m(trainer pid=51702)[0m tune neg_log_prob_task   1.937548
[2m[36m(trainer pid=51695)[0m Metrics Epoch 2
[2m[36m(trainer pid=51695)[0m time (seconds)      10.238639
[2m[36m(trainer pid=51695)[0m train loss                7.514640
[2m[36m(trainer pid=51695)[0m train neg_log_prob        8.654395
[2m[36m(trainer pid=51695)[0m train neg_log_prob_task   3.458606
[2m[36m(trainer pid=51684)[0m Metrics Epoch 3
[2m[36m(trainer pid=51684)[0m time (seconds)      7.181470
[2m[36m(trainer pid=51684)[0m train loss                2.792807
[2m[36m(trainer pid=51684)[0m train neg_log_prob        7.460658
[2m[36m(trainer pid=51684)[0m train neg_log_prob_task   3.453762
[2m[36m(trainer pid=51701)[0m Metrics Epoch 3
[2m[36m(trainer pid=51701)[0m time (seconds)      7.179525
[2m[36m(trainer pid=51701)[0m train loss                3.423486
[2m[36m(trainer pid=51701)[0m train neg_log_prob        7.675300
[2m[36m(trainer pid=51701)[0m train neg_log_prob_task   3.465922
[2m[36m(trainer pid=51695)[0m tune loss                0.006572
[2m[36m(trainer pid=51695)[0m tune neg_log_prob        4.432663
[2m[36m(trainer pid=51695)[0m tune neg_log_prob_task   2.262663
[2m[36m(trainer pid=51684)[0m tune loss                0.004908
[2m[36m(trainer pid=51684)[0m tune neg_log_prob        4.088568
[2m[36m(trainer pid=51684)[0m tune neg_log_prob_task   2.134868
[2m[36m(trainer pid=51701)[0m tune loss                0.000079
[2m[36m(trainer pid=51701)[0m tune neg_log_prob        4.108084
[2m[36m(trainer pid=51701)[0m tune neg_log_prob_task   2.280039
[2m[36m(trainer pid=51702)[0m Metrics Epoch 8
[2m[36m(trainer pid=51702)[0m time (seconds)      3.718175
[2m[36m(trainer pid=51702)[0m train loss                0.248779
[2m[36m(trainer pid=51702)[0m train neg_log_prob        5.275029
[2m[36m(trainer pid=51702)[0m train neg_log_prob_task   2.954705
[2m[36m(trainer pid=51702)[0m tune loss                -0.007479
[2m[36m(trainer pid=51702)[0m tune neg_log_prob        3.909387
[2m[36m(trainer pid=51702)[0m tune neg_log_prob_task   1.879813
[2m[36m(trainer pid=51695)[0m Metrics Epoch 3
[2m[36m(trainer pid=51695)[0m time (seconds)      7.830639
[2m[36m(trainer pid=51695)[0m train loss                3.829924
[2m[36m(trainer pid=51695)[0m train neg_log_prob        7.840872
[2m[36m(trainer pid=51695)[0m train neg_log_prob_task   3.396671
[2m[36m(trainer pid=51684)[0m Metrics Epoch 4
[2m[36m(trainer pid=51684)[0m time (seconds)      6.598254
[2m[36m(trainer pid=51684)[0m train loss                1.426726
[2m[36m(trainer pid=51684)[0m train neg_log_prob        6.703826
[2m[36m(trainer pid=51684)[0m train neg_log_prob_task   3.338014
[2m[36m(trainer pid=51701)[0m Metrics Epoch 4
[2m[36m(trainer pid=51701)[0m time (seconds)      6.589931
[2m[36m(trainer pid=51701)[0m train loss                1.777715
[2m[36m(trainer pid=51701)[0m train neg_log_prob        6.950832
[2m[36m(trainer pid=51701)[0m train neg_log_prob_task   3.432849
[2m[36m(trainer pid=51695)[0m tune loss                0.011805
[2m[36m(trainer pid=51695)[0m tune neg_log_prob        4.229372
[2m[36m(trainer pid=51695)[0m tune neg_log_prob_task   2.231092
[2m[36m(trainer pid=51684)[0m tune loss                -0.001487
[2m[36m(trainer pid=51684)[0m tune neg_log_prob        3.963087
[2m[36m(trainer pid=51684)[0m tune neg_log_prob_task   1.984776
[2m[36m(trainer pid=51701)[0m tune loss                -0.004567
[2m[36m(trainer pid=51701)[0m tune neg_log_prob        3.964500
[2m[36m(trainer pid=51701)[0m tune neg_log_prob_task   2.238553
[2m[36m(trainer pid=51702)[0m Metrics Epoch 9
[2m[36m(trainer pid=51702)[0m time (seconds)      3.956215
[2m[36m(trainer pid=51702)[0m train loss                0.171769
[2m[36m(trainer pid=51702)[0m train neg_log_prob        4.957609
[2m[36m(trainer pid=51702)[0m train neg_log_prob_task   2.813115
[2m[36m(trainer pid=51702)[0m tune loss                -0.007242
[2m[36m(trainer pid=51702)[0m tune neg_log_prob        3.896018
[2m[36m(trainer pid=51702)[0m tune neg_log_prob_task   1.778546
[2m[36m(trainer pid=51695)[0m Metrics Epoch 4
[2m[36m(trainer pid=51695)[0m time (seconds)      7.010917
[2m[36m(trainer pid=51695)[0m train loss                2.980999
[2m[36m(trainer pid=51695)[0m train neg_log_prob        7.554070
[2m[36m(trainer pid=51695)[0m train neg_log_prob_task   3.457355
[2m[36m(trainer pid=51684)[0m Metrics Epoch 5
[2m[36m(trainer pid=51684)[0m time (seconds)      6.302558
[2m[36m(trainer pid=51684)[0m train loss                0.596433
[2m[36m(trainer pid=51684)[0m train neg_log_prob        5.868791
[2m[36m(trainer pid=51684)[0m train neg_log_prob_task   3.125120
[2m[36m(trainer pid=51701)[0m Metrics Epoch 5
[2m[36m(trainer pid=51701)[0m time (seconds)      6.295123
[2m[36m(trainer pid=51701)[0m train loss                0.743972
[2m[36m(trainer pid=51701)[0m train neg_log_prob        6.163136
[2m[36m(trainer pid=51701)[0m train neg_log_prob_task   3.336615
[2m[36m(trainer pid=51695)[0m tune loss                0.002033
[2m[36m(trainer pid=51695)[0m tune neg_log_prob        4.112376
[2m[36m(trainer pid=51695)[0m tune neg_log_prob_task   2.204264
[2m[36m(trainer pid=51684)[0m tune loss                -0.001779
[2m[36m(trainer pid=51684)[0m tune neg_log_prob        3.965576
[2m[36m(trainer pid=51684)[0m tune neg_log_prob_task   1.900490
[2m[36m(trainer pid=51701)[0m tune loss                -0.003549
[2m[36m(trainer pid=51701)[0m tune neg_log_prob        3.914451
[2m[36m(trainer pid=51701)[0m tune neg_log_prob_task   2.147056
[2m[36m(trainer pid=51702)[0m Metrics Epoch 10
[2m[36m(trainer pid=51702)[0m time (seconds)      4.140828
[2m[36m(trainer pid=51702)[0m train loss                0.126738
[2m[36m(trainer pid=51702)[0m train neg_log_prob        4.700891
[2m[36m(trainer pid=51702)[0m train neg_log_prob_task   2.650942
[2m[36m(trainer pid=51695)[0m Metrics Epoch 5
[2m[36m(trainer pid=51695)[0m time (seconds)      6.622330
[2m[36m(trainer pid=51695)[0m train loss                1.556145
[2m[36m(trainer pid=51695)[0m train neg_log_prob        6.815546
[2m[36m(trainer pid=51695)[0m train neg_log_prob_task   3.368890
[2m[36m(trainer pid=51702)[0m tune loss                -0.006976
[2m[36m(trainer pid=51702)[0m tune neg_log_prob        3.903482
[2m[36m(trainer pid=51702)[0m tune neg_log_prob_task   1.661854
[2m[36m(trainer pid=51684)[0m Metrics Epoch 6
[2m[36m(trainer pid=51684)[0m time (seconds)      6.128048
[2m[36m(trainer pid=51684)[0m train loss                0.286859
[2m[36m(trainer pid=51684)[0m train neg_log_prob        5.380539
[2m[36m(trainer pid=51684)[0m train neg_log_prob_task   2.931268
[2m[36m(trainer pid=51701)[0m Metrics Epoch 6
[2m[36m(trainer pid=51701)[0m time (seconds)      6.103364
[2m[36m(trainer pid=51701)[0m train loss                0.375890
[2m[36m(trainer pid=51701)[0m train neg_log_prob        5.613263
[2m[36m(trainer pid=51701)[0m train neg_log_prob_task   3.282018
[2m[36m(trainer pid=51695)[0m tune loss                0.000212
[2m[36m(trainer pid=51695)[0m tune neg_log_prob        3.992329
[2m[36m(trainer pid=51695)[0m tune neg_log_prob_task   2.124572
[2m[36m(trainer pid=51684)[0m tune loss                -0.002720
[2m[36m(trainer pid=51684)[0m tune neg_log_prob        3.954664
[2m[36m(trainer pid=51684)[0m tune neg_log_prob_task   1.749667
[2m[36m(trainer pid=51701)[0m tune loss                -0.001081
[2m[36m(trainer pid=51701)[0m tune neg_log_prob        3.941178
[2m[36m(trainer pid=51701)[0m tune neg_log_prob_task   2.047636
[2m[36m(trainer pid=51702)[0m Metrics Epoch 8
[2m[36m(trainer pid=51702)[0m best loss                -0.007187
[2m[36m(trainer pid=51702)[0m best neg_log_prob        3.937204
[2m[36m(trainer pid=51702)[0m best neg_log_prob_task   1.868752
[2m[36m(trainer pid=51695)[0m Metrics Epoch 6
[2m[36m(trainer pid=51695)[0m time (seconds)      6.139548
[2m[36m(trainer pid=51695)[0m train loss                0.787868
[2m[36m(trainer pid=51695)[0m train neg_log_prob        6.158438
[2m[36m(trainer pid=51695)[0m train neg_log_prob_task   3.302407
[2m[36m(trainer pid=51684)[0m Metrics Epoch 7
[2m[36m(trainer pid=51684)[0m time (seconds)      5.806776
[2m[36m(trainer pid=51684)[0m train loss                0.146528
[2m[36m(trainer pid=51684)[0m train neg_log_prob        4.951435
[2m[36m(trainer pid=51684)[0m train neg_log_prob_task   2.674661
[2m[36m(trainer pid=51695)[0m tune loss                0.001391
[2m[36m(trainer pid=51695)[0m tune neg_log_prob        3.992121
[2m[36m(trainer pid=51695)[0m tune neg_log_prob_task   2.115933
[2m[36m(trainer pid=51684)[0m tune loss                -0.002154
[2m[36m(trainer pid=51684)[0m tune neg_log_prob        3.923369
[2m[36m(trainer pid=51684)[0m tune neg_log_prob_task   1.615519
[2m[36m(trainer pid=51701)[0m Metrics Epoch 7
[2m[36m(trainer pid=51701)[0m time (seconds)      5.801636
[2m[36m(trainer pid=51701)[0m train loss                0.196427
[2m[36m(trainer pid=51701)[0m train neg_log_prob        5.147327
[2m[36m(trainer pid=51701)[0m train neg_log_prob_task   3.192794
[2m[36m(trainer pid=51701)[0m tune loss                -0.001115
[2m[36m(trainer pid=51701)[0m tune neg_log_prob        3.891806
[2m[36m(trainer pid=51701)[0m tune neg_log_prob_task   1.940357
[2m[36m(trainer pid=51695)[0m Metrics Epoch 7
[2m[36m(trainer pid=51695)[0m time (seconds)      5.805113
[2m[36m(trainer pid=51695)[0m train loss                0.544562
[2m[36m(trainer pid=51695)[0m train neg_log_prob        5.771129
[2m[36m(trainer pid=51695)[0m train neg_log_prob_task   3.267068
[2m[36m(trainer pid=51684)[0m Metrics Epoch 8
[2m[36m(trainer pid=51684)[0m time (seconds)      5.564715
[2m[36m(trainer pid=51684)[0m train loss                0.098890
[2m[36m(trainer pid=51684)[0m train neg_log_prob        4.710702
[2m[36m(trainer pid=51684)[0m train neg_log_prob_task   2.398676
[2m[36m(trainer pid=51695)[0m tune loss                -0.000107
[2m[36m(trainer pid=51695)[0m tune neg_log_prob        3.976007
[2m[36m(trainer pid=51695)[0m tune neg_log_prob_task   1.994190
[2m[36m(trainer pid=51684)[0m tune loss                -0.002405
[2m[36m(trainer pid=51684)[0m tune neg_log_prob        3.950681
[2m[36m(trainer pid=51684)[0m tune neg_log_prob_task   1.502816
[2m[36m(trainer pid=51701)[0m Metrics Epoch 8
[2m[36m(trainer pid=51701)[0m time (seconds)      5.563188
[2m[36m(trainer pid=51701)[0m train loss                0.109934
[2m[36m(trainer pid=51701)[0m train neg_log_prob        4.777465
[2m[36m(trainer pid=51701)[0m train neg_log_prob_task   3.076997
[2m[36m(trainer pid=51701)[0m tune loss                -0.000375
[2m[36m(trainer pid=51701)[0m tune neg_log_prob        3.944147
[2m[36m(trainer pid=51701)[0m tune neg_log_prob_task   1.894571
[2m[36m(trainer pid=51702)[0m MERRA_aod
[2m[36m(trainer pid=51695)[0m Metrics Epoch 8
[2m[36m(trainer pid=51695)[0m time (seconds)      5.568672
[2m[36m(trainer pid=51695)[0m train loss                0.281671
[2m[36m(trainer pid=51695)[0m train neg_log_prob        5.235439
[2m[36m(trainer pid=51695)[0m train neg_log_prob_task   3.113776
[2m[36m(trainer pid=51684)[0m Metrics Epoch 9
[2m[36m(trainer pid=51684)[0m time (seconds)      5.383815
[2m[36m(trainer pid=51684)[0m train loss                0.061602
[2m[36m(trainer pid=51684)[0m train neg_log_prob        4.492806
[2m[36m(trainer pid=51684)[0m train neg_log_prob_task   2.075459
[2m[36m(trainer pid=51695)[0m tune loss                0.000385
[2m[36m(trainer pid=51695)[0m tune neg_log_prob        3.926329
[2m[36m(trainer pid=51695)[0m tune neg_log_prob_task   1.883480
[2m[36m(trainer pid=51684)[0m tune loss                -0.003322
[2m[36m(trainer pid=51684)[0m tune neg_log_prob        3.884653
[2m[36m(trainer pid=51684)[0m tune neg_log_prob_task   1.437943
[2m[36m(trainer pid=51701)[0m Metrics Epoch 9
[2m[36m(trainer pid=51701)[0m time (seconds)      5.383400
[2m[36m(trainer pid=51701)[0m train loss                0.065717
[2m[36m(trainer pid=51701)[0m train neg_log_prob        4.463764
[2m[36m(trainer pid=51701)[0m train neg_log_prob_task   2.937567
[2m[36m(trainer pid=51701)[0m tune loss                -0.000376
[2m[36m(trainer pid=51701)[0m tune neg_log_prob        3.883301
[2m[36m(trainer pid=51701)[0m tune neg_log_prob_task   1.801552
[2m[36m(trainer pid=51695)[0m Metrics Epoch 9
[2m[36m(trainer pid=51695)[0m time (seconds)      5.385407
[2m[36m(trainer pid=51695)[0m train loss                0.183269
[2m[36m(trainer pid=51695)[0m train neg_log_prob        4.820922
[2m[36m(trainer pid=51695)[0m train neg_log_prob_task   2.940741
[2m[36m(trainer pid=51684)[0m Metrics Epoch 10
[2m[36m(trainer pid=51684)[0m time (seconds)      5.244205
[2m[36m(trainer pid=51684)[0m train loss                0.048127
[2m[36m(trainer pid=51684)[0m train neg_log_prob        4.330380
[2m[36m(trainer pid=51684)[0m train neg_log_prob_task   1.859697
[2m[36m(trainer pid=51695)[0m tune loss                0.000130
[2m[36m(trainer pid=51695)[0m tune neg_log_prob        3.894053
[2m[36m(trainer pid=51695)[0m tune neg_log_prob_task   1.796568
[2m[36m(trainer pid=51684)[0m tune loss                -0.002925
[2m[36m(trainer pid=51684)[0m tune neg_log_prob        3.821496
[2m[36m(trainer pid=51684)[0m tune neg_log_prob_task   1.381051
[2m[36m(trainer pid=51701)[0m Metrics Epoch 10
[2m[36m(trainer pid=51701)[0m time (seconds)      5.247645
[2m[36m(trainer pid=51701)[0m train loss                0.046464
[2m[36m(trainer pid=51701)[0m train neg_log_prob        4.104579
[2m[36m(trainer pid=51701)[0m train neg_log_prob_task   2.737085
[2m[36m(trainer pid=51701)[0m tune loss                -0.000021
[2m[36m(trainer pid=51701)[0m tune neg_log_prob        3.700020
[2m[36m(trainer pid=51701)[0m tune neg_log_prob_task   1.725072
[2m[36m(trainer pid=51695)[0m Metrics Epoch 10
[2m[36m(trainer pid=51695)[0m time (seconds)      5.042524
[2m[36m(trainer pid=51695)[0m train loss                0.119849
[2m[36m(trainer pid=51695)[0m train neg_log_prob        4.403626
[2m[36m(trainer pid=51695)[0m train neg_log_prob_task   2.750093
[2m[36m(trainer pid=51695)[0m tune loss                0.000820
[2m[36m(trainer pid=51695)[0m tune neg_log_prob        3.818948
[2m[36m(trainer pid=51695)[0m tune neg_log_prob_task   1.717973
[2m[36m(trainer pid=51684)[0m Metrics Epoch 9
[2m[36m(trainer pid=51684)[0m best loss                -0.003469
[2m[36m(trainer pid=51684)[0m best neg_log_prob        3.918921
[2m[36m(trainer pid=51684)[0m best neg_log_prob_task   1.451109
[2m[36m(trainer pid=51701)[0m Metrics Epoch 4
[2m[36m(trainer pid=51701)[0m best loss                -0.003429
[2m[36m(trainer pid=51701)[0m best neg_log_prob        3.997574
[2m[36m(trainer pid=51701)[0m best neg_log_prob_task   2.238666
[2m[36m(trainer pid=51695)[0m Metrics Epoch 7
[2m[36m(trainer pid=51695)[0m best loss                -0.000136
[2m[36m(trainer pid=51695)[0m best neg_log_prob        3.940450
[2m[36m(trainer pid=51695)[0m best neg_log_prob_task   1.982543
[2m[36m(trainer pid=51702)[0m MERRA_aod
[2m[36m(trainer pid=51702)[0m Metrics Epoch 1
[2m[36m(trainer pid=51702)[0m time (seconds)      1.474854
[2m[36m(trainer pid=51702)[0m train loss                8.817985
[2m[36m(trainer pid=51702)[0m train neg_log_prob        9.420278
[2m[36m(trainer pid=51702)[0m train neg_log_prob_task   3.819641
[2m[36m(trainer pid=51702)[0m tune loss                0.031209
[2m[36m(trainer pid=51702)[0m tune neg_log_prob        4.583566
[2m[36m(trainer pid=51702)[0m tune neg_log_prob_task   2.232811
[2m[36m(trainer pid=51684)[0m MERRA_aod
[2m[36m(trainer pid=51702)[0m Metrics Epoch 2
[2m[36m(trainer pid=51702)[0m time (seconds)      3.031495
[2m[36m(trainer pid=51702)[0m train loss                6.221252
[2m[36m(trainer pid=51702)[0m train neg_log_prob        8.435664
[2m[36m(trainer pid=51702)[0m train neg_log_prob_task   3.452031
[2m[36m(trainer pid=51702)[0m tune loss                0.010904
[2m[36m(trainer pid=51702)[0m tune neg_log_prob        4.252318
[2m[36m(trainer pid=51702)[0m tune neg_log_prob_task   2.237541
[2m[36m(trainer pid=51702)[0m Metrics Epoch 3
[2m[36m(trainer pid=51702)[0m time (seconds)      2.301389
[2m[36m(trainer pid=51702)[0m train loss                3.314194
[2m[36m(trainer pid=51702)[0m train neg_log_prob        7.681349
[2m[36m(trainer pid=51702)[0m train neg_log_prob_task   3.395844
[2m[36m(trainer pid=51702)[0m tune loss                0.001867
[2m[36m(trainer pid=51702)[0m tune neg_log_prob        4.083101
[2m[36m(trainer pid=51702)[0m tune neg_log_prob_task   2.158551
[2m[36m(trainer pid=51702)[0m Metrics Epoch 4
[2m[36m(trainer pid=51702)[0m time (seconds)      2.055750
[2m[36m(trainer pid=51702)[0m train loss                1.741754
[2m[36m(trainer pid=51702)[0m train neg_log_prob        6.949779
[2m[36m(trainer pid=51702)[0m train neg_log_prob_task   3.302328
[2m[36m(trainer pid=51702)[0m tune loss                -0.000433
[2m[36m(trainer pid=51702)[0m tune neg_log_prob        4.011851
[2m[36m(trainer pid=51702)[0m tune neg_log_prob_task   2.116238
[2m[36m(trainer pid=51702)[0m Metrics Epoch 5
[2m[36m(trainer pid=51702)[0m time (seconds)      1.938398
[2m[36m(trainer pid=51702)[0m train loss                0.864493
[2m[36m(trainer pid=51702)[0m train neg_log_prob        6.268221
[2m[36m(trainer pid=51702)[0m train neg_log_prob_task   3.192376
[2m[36m(trainer pid=51702)[0m tune loss                -0.000161
[2m[36m(trainer pid=51702)[0m tune neg_log_prob        3.976845
[2m[36m(trainer pid=51702)[0m tune neg_log_prob_task   2.021210
[2m[36m(trainer pid=51702)[0m Metrics Epoch 6
[2m[36m(trainer pid=51702)[0m time (seconds)      1.864955
[2m[36m(trainer pid=51702)[0m train loss                0.522331
[2m[36m(trainer pid=51702)[0m train neg_log_prob        5.818535
[2m[36m(trainer pid=51702)[0m train neg_log_prob_task   3.076829
[2m[36m(trainer pid=51702)[0m tune loss                -0.001161
[2m[36m(trainer pid=51702)[0m tune neg_log_prob        3.945469
[2m[36m(trainer pid=51702)[0m tune neg_log_prob_task   1.918702
[2m[36m(trainer pid=51702)[0m Metrics Epoch 7
[2m[36m(trainer pid=51702)[0m time (seconds)      1.816841
[2m[36m(trainer pid=51702)[0m train loss                0.312951
[2m[36m(trainer pid=51702)[0m train neg_log_prob        5.407352
[2m[36m(trainer pid=51702)[0m train neg_log_prob_task   2.907554
[2m[36m(trainer pid=51702)[0m tune loss                -0.002747
[2m[36m(trainer pid=51702)[0m tune neg_log_prob        3.929544
[2m[36m(trainer pid=51702)[0m tune neg_log_prob_task   1.794455
[2m[36m(trainer pid=51684)[0m MERRA_aod
[2m[36m(trainer pid=51702)[0m Metrics Epoch 8
[2m[36m(trainer pid=51702)[0m time (seconds)      1.778700
[2m[36m(trainer pid=51702)[0m train loss                0.201448
[2m[36m(trainer pid=51702)[0m train neg_log_prob        5.157769
[2m[36m(trainer pid=51702)[0m train neg_log_prob_task   2.701490
[2m[36m(trainer pid=51702)[0m tune loss                -0.003540
[2m[36m(trainer pid=51702)[0m tune neg_log_prob        3.906101
[2m[36m(trainer pid=51702)[0m tune neg_log_prob_task   1.701897
[2m[36m(trainer pid=51702)[0m Metrics Epoch 9
[2m[36m(trainer pid=51702)[0m time (seconds)      1.816568
[2m[36m(trainer pid=51702)[0m train loss                0.131039
[2m[36m(trainer pid=51702)[0m train neg_log_prob        4.869049
[2m[36m(trainer pid=51702)[0m train neg_log_prob_task   2.432754
[2m[36m(trainer pid=51702)[0m tune loss                -0.004973
[2m[36m(trainer pid=51702)[0m tune neg_log_prob        3.897908
[2m[36m(trainer pid=51702)[0m tune neg_log_prob_task   1.598322
[2m[36m(trainer pid=51684)[0m Metrics Epoch 1
[2m[36m(trainer pid=51684)[0m time (seconds)      2.494811
[2m[36m(trainer pid=51684)[0m train loss                8.014867
[2m[36m(trainer pid=51684)[0m train neg_log_prob        9.215290
[2m[36m(trainer pid=51684)[0m train neg_log_prob_task   3.831177
[2m[36m(trainer pid=51684)[0m tune loss                0.020454
[2m[36m(trainer pid=51684)[0m tune neg_log_prob        4.547916
[2m[36m(trainer pid=51684)[0m tune neg_log_prob_task   2.256624
[2m[36m(trainer pid=51702)[0m Metrics Epoch 10
[2m[36m(trainer pid=51702)[0m time (seconds)      1.925325
[2m[36m(trainer pid=51702)[0m train loss                0.092394
[2m[36m(trainer pid=51702)[0m train neg_log_prob        4.643828
[2m[36m(trainer pid=51702)[0m train neg_log_prob_task   2.135204
[2m[36m(trainer pid=51702)[0m tune loss                -0.005727
[2m[36m(trainer pid=51702)[0m tune neg_log_prob        3.791498
[2m[36m(trainer pid=51702)[0m tune neg_log_prob_task   1.579941
[2m[36m(trainer pid=51684)[0m Metrics Epoch 2
[2m[36m(trainer pid=51684)[0m time (seconds)      4.830340
[2m[36m(trainer pid=51684)[0m train loss                4.435594
[2m[36m(trainer pid=51684)[0m train neg_log_prob        8.018786
[2m[36m(trainer pid=51684)[0m train neg_log_prob_task   3.459465
[2m[36m(trainer pid=51684)[0m tune loss                0.002056
[2m[36m(trainer pid=51684)[0m tune neg_log_prob        4.187131
[2m[36m(trainer pid=51684)[0m tune neg_log_prob_task   2.156104
[2m[36m(trainer pid=51702)[0m Metrics Epoch 10
[2m[36m(trainer pid=51702)[0m best loss                -0.005934
[2m[36m(trainer pid=51702)[0m best neg_log_prob        3.811988
[2m[36m(trainer pid=51702)[0m best neg_log_prob_task   1.582504
[2m[36m(trainer pid=51684)[0m Metrics Epoch 3
[2m[36m(trainer pid=51684)[0m time (seconds)      3.257195
[2m[36m(trainer pid=51684)[0m train loss                2.960797
[2m[36m(trainer pid=51684)[0m train neg_log_prob        7.539371
[2m[36m(trainer pid=51684)[0m train neg_log_prob_task   3.488356
[2m[36m(trainer pid=51684)[0m tune loss                -0.003165
[2m[36m(trainer pid=51684)[0m tune neg_log_prob        4.037130
[2m[36m(trainer pid=51684)[0m tune neg_log_prob_task   2.136947
[2m[36m(trainer pid=51684)[0m Metrics Epoch 4
[2m[36m(trainer pid=51684)[0m time (seconds)      2.695269
[2m[36m(trainer pid=51684)[0m train loss                1.444730
[2m[36m(trainer pid=51684)[0m train neg_log_prob        6.715533
[2m[36m(trainer pid=51684)[0m train neg_log_prob_task   3.370419
[2m[36m(trainer pid=51684)[0m tune loss                -0.002178
[2m[36m(trainer pid=51684)[0m tune neg_log_prob        3.956107
[2m[36m(trainer pid=51684)[0m tune neg_log_prob_task   2.059525
[2m[36m(trainer pid=51684)[0m Metrics Epoch 5
[2m[36m(trainer pid=51684)[0m time (seconds)      2.403721
[2m[36m(trainer pid=51684)[0m train loss                0.653802
[2m[36m(trainer pid=51684)[0m train neg_log_prob        6.018082
[2m[36m(trainer pid=51684)[0m train neg_log_prob_task   3.222552
[2m[36m(trainer pid=51684)[0m tune loss                -0.002842
[2m[36m(trainer pid=51684)[0m tune neg_log_prob        3.927112
[2m[36m(trainer pid=51684)[0m tune neg_log_prob_task   1.958445
[2m[36m(trainer pid=51684)[0m Metrics Epoch 6
[2m[36m(trainer pid=51684)[0m time (seconds)      2.225817
[2m[36m(trainer pid=51684)[0m train loss                0.357341
[2m[36m(trainer pid=51684)[0m train neg_log_prob        5.562290
[2m[36m(trainer pid=51684)[0m train neg_log_prob_task   3.103710
[2m[36m(trainer pid=51684)[0m tune loss                -0.003537
[2m[36m(trainer pid=51684)[0m tune neg_log_prob        3.960188
[2m[36m(trainer pid=51684)[0m tune neg_log_prob_task   1.862502
[2m[36m(trainer pid=51684)[0m Metrics Epoch 7
[2m[36m(trainer pid=51684)[0m time (seconds)      2.110461
[2m[36m(trainer pid=51684)[0m train loss                0.212490
[2m[36m(trainer pid=51684)[0m train neg_log_prob        5.213358
[2m[36m(trainer pid=51684)[0m train neg_log_prob_task   2.945060
[2m[36m(trainer pid=51684)[0m tune loss                -0.004881
[2m[36m(trainer pid=51684)[0m tune neg_log_prob        3.908101
[2m[36m(trainer pid=51684)[0m tune neg_log_prob_task   1.781755
[2m[36m(trainer pid=51684)[0m Metrics Epoch 8
[2m[36m(trainer pid=51684)[0m time (seconds)      2.028192
[2m[36m(trainer pid=51684)[0m train loss                0.134029
[2m[36m(trainer pid=51684)[0m train neg_log_prob        4.880844
[2m[36m(trainer pid=51684)[0m train neg_log_prob_task   2.735619
[2m[36m(trainer pid=51684)[0m tune loss                -0.003835
[2m[36m(trainer pid=51684)[0m tune neg_log_prob        3.882971
[2m[36m(trainer pid=51684)[0m tune neg_log_prob_task   1.713562
[2m[36m(trainer pid=51684)[0m Metrics Epoch 9
[2m[36m(trainer pid=51684)[0m time (seconds)      1.963250
[2m[36m(trainer pid=51684)[0m train loss                0.088191
[2m[36m(trainer pid=51684)[0m train neg_log_prob        4.611263
[2m[36m(trainer pid=51684)[0m train neg_log_prob_task   2.494863
[2m[36m(trainer pid=51684)[0m tune loss                -0.004481
[2m[36m(trainer pid=51684)[0m tune neg_log_prob        3.864963
[2m[36m(trainer pid=51684)[0m tune neg_log_prob_task   1.577025
[2m[36m(trainer pid=51684)[0m Metrics Epoch 10
[2m[36m(trainer pid=51684)[0m time (seconds)      1.913586
[2m[36m(trainer pid=51684)[0m train loss                0.063558
[2m[36m(trainer pid=51684)[0m train neg_log_prob        4.359913
[2m[36m(trainer pid=51684)[0m train neg_log_prob_task   2.219949
[2m[36m(trainer pid=51684)[0m tune loss                -0.004853
[2m[36m(trainer pid=51684)[0m tune neg_log_prob        3.826402
[2m[36m(trainer pid=51684)[0m tune neg_log_prob_task   1.539961
[2m[36m(trainer pid=51684)[0m Metrics Epoch 7
[2m[36m(trainer pid=51684)[0m best loss                -0.004255
[2m[36m(trainer pid=51684)[0m best neg_log_prob        3.917272
[2m[36m(trainer pid=51684)[0m best neg_log_prob_task   1.772771
