Running overcast
[2m[36m(pid=72794)[0m 2022-06-10 09:14:33,900 overcast.models.core.AppendedTreatmentAttentionNetwork INFO: Loading saved checkpoint output/jasmin-daily-lr_treatment-tot_aod_covariates-RH900-RH850-RH700-LTS-EIS-w500-whoi_sst_outcomes-l_re-liq_pc-cod-cwp_bins-1_bs-True/appended-treatment-transformer/dh-256_nco-24_nct-24_dp-3_nh-4_ns-0.01_bt-0.0_ln-False_dr-0.5_sn-0.0_lr-0.0002_bs-32_ep-10/checkpoints/model-0/mu/best_checkpoint.pt
[2m[36m(pid=72794)[0m 2022-06-10 09:14:34,319 overcast.models.core.AppendedTreatmentAttentionNetwork INFO: Loading saved checkpoint output/jasmin-daily-lr_treatment-tot_aod_covariates-RH900-RH850-RH700-LTS-EIS-w500-whoi_sst_outcomes-l_re-liq_pc-cod-cwp_bins-1_bs-True/appended-treatment-transformer/dh-256_nco-24_nct-24_dp-3_nh-4_ns-0.01_bt-0.0_ln-False_dr-0.5_sn-0.0_lr-0.0002_bs-32_ep-10/checkpoints/model-0/mu/best_checkpoint.pt
[2m[36m(pid=72799)[0m 2022-06-10 09:14:34,914 overcast.models.core.AppendedTreatmentAttentionNetwork INFO: Loading saved checkpoint output/jasmin-daily-lr_treatment-tot_aod_covariates-RH900-RH850-RH700-LTS-EIS-w500-whoi_sst_outcomes-l_re-liq_pc-cod-cwp_bins-1_bs-True/appended-treatment-transformer/dh-256_nco-24_nct-24_dp-3_nh-4_ns-0.01_bt-0.0_ln-False_dr-0.5_sn-0.0_lr-0.0002_bs-32_ep-10/checkpoints/model-1/mu/best_checkpoint.pt
[2m[36m(pid=72799)[0m 2022-06-10 09:14:35,507 overcast.models.core.AppendedTreatmentAttentionNetwork INFO: Loading saved checkpoint output/jasmin-daily-lr_treatment-tot_aod_covariates-RH900-RH850-RH700-LTS-EIS-w500-whoi_sst_outcomes-l_re-liq_pc-cod-cwp_bins-1_bs-True/appended-treatment-transformer/dh-256_nco-24_nct-24_dp-3_nh-4_ns-0.01_bt-0.0_ln-False_dr-0.5_sn-0.0_lr-0.0002_bs-32_ep-10/checkpoints/model-1/mu/best_checkpoint.pt
[2m[36m(pid=72801)[0m 2022-06-10 09:14:35,769 overcast.models.core.AppendedTreatmentAttentionNetwork INFO: Loading saved checkpoint output/jasmin-daily-lr_treatment-tot_aod_covariates-RH900-RH850-RH700-LTS-EIS-w500-whoi_sst_outcomes-l_re-liq_pc-cod-cwp_bins-1_bs-True/appended-treatment-transformer/dh-256_nco-24_nct-24_dp-3_nh-4_ns-0.01_bt-0.0_ln-False_dr-0.5_sn-0.0_lr-0.0002_bs-32_ep-10/checkpoints/model-2/mu/best_checkpoint.pt
[2m[36m(pid=72801)[0m 2022-06-10 09:14:36,154 overcast.models.core.AppendedTreatmentAttentionNetwork INFO: Loading saved checkpoint output/jasmin-daily-lr_treatment-tot_aod_covariates-RH900-RH850-RH700-LTS-EIS-w500-whoi_sst_outcomes-l_re-liq_pc-cod-cwp_bins-1_bs-True/appended-treatment-transformer/dh-256_nco-24_nct-24_dp-3_nh-4_ns-0.01_bt-0.0_ln-False_dr-0.5_sn-0.0_lr-0.0002_bs-32_ep-10/checkpoints/model-2/mu/best_checkpoint.pt
[2m[36m(pid=72802)[0m 2022-06-10 09:14:37,201 overcast.models.core.AppendedTreatmentAttentionNetwork INFO: Loading saved checkpoint output/jasmin-daily-lr_treatment-tot_aod_covariates-RH900-RH850-RH700-LTS-EIS-w500-whoi_sst_outcomes-l_re-liq_pc-cod-cwp_bins-1_bs-True/appended-treatment-transformer/dh-256_nco-24_nct-24_dp-3_nh-4_ns-0.01_bt-0.0_ln-False_dr-0.5_sn-0.0_lr-0.0002_bs-32_ep-10/checkpoints/model-3/mu/best_checkpoint.pt
[2m[36m(pid=72802)[0m 2022-06-10 09:14:37,716 overcast.models.core.AppendedTreatmentAttentionNetwork INFO: Loading saved checkpoint output/jasmin-daily-lr_treatment-tot_aod_covariates-RH900-RH850-RH700-LTS-EIS-w500-whoi_sst_outcomes-l_re-liq_pc-cod-cwp_bins-1_bs-True/appended-treatment-transformer/dh-256_nco-24_nct-24_dp-3_nh-4_ns-0.01_bt-0.0_ln-False_dr-0.5_sn-0.0_lr-0.0002_bs-32_ep-10/checkpoints/model-3/mu/best_checkpoint.pt
[2m[36m(pid=72794)[0m 2022-06-10 09:18:26,117 overcast.models.core.AppendedTreatmentAttentionNetwork INFO: Loading saved checkpoint output/jasmin-daily-lr_treatment-tot_aod_covariates-RH900-RH850-RH700-LTS-EIS-w500-whoi_sst_outcomes-l_re-liq_pc-cod-cwp_bins-1_bs-True/appended-treatment-transformer/dh-256_nco-24_nct-24_dp-3_nh-4_ns-0.01_bt-0.0_ln-False_dr-0.5_sn-0.0_lr-0.0002_bs-32_ep-10/checkpoints/model-4/mu/best_checkpoint.pt
[2m[36m(pid=72794)[0m 2022-06-10 09:18:26,661 overcast.models.core.AppendedTreatmentAttentionNetwork INFO: Loading saved checkpoint output/jasmin-daily-lr_treatment-tot_aod_covariates-RH900-RH850-RH700-LTS-EIS-w500-whoi_sst_outcomes-l_re-liq_pc-cod-cwp_bins-1_bs-True/appended-treatment-transformer/dh-256_nco-24_nct-24_dp-3_nh-4_ns-0.01_bt-0.0_ln-False_dr-0.5_sn-0.0_lr-0.0002_bs-32_ep-10/checkpoints/model-4/mu/best_checkpoint.pt
[2m[36m(pid=72799)[0m 2022-06-10 09:18:30,264 overcast.models.core.AppendedTreatmentAttentionNetwork INFO: Loading saved checkpoint output/jasmin-daily-lr_treatment-tot_aod_covariates-RH900-RH850-RH700-LTS-EIS-w500-whoi_sst_outcomes-l_re-liq_pc-cod-cwp_bins-1_bs-True/appended-treatment-transformer/dh-256_nco-24_nct-24_dp-3_nh-4_ns-0.01_bt-0.0_ln-False_dr-0.5_sn-0.0_lr-0.0002_bs-32_ep-10/checkpoints/model-5/mu/best_checkpoint.pt
[2m[36m(pid=72799)[0m 2022-06-10 09:18:30,752 overcast.models.core.AppendedTreatmentAttentionNetwork INFO: Loading saved checkpoint output/jasmin-daily-lr_treatment-tot_aod_covariates-RH900-RH850-RH700-LTS-EIS-w500-whoi_sst_outcomes-l_re-liq_pc-cod-cwp_bins-1_bs-True/appended-treatment-transformer/dh-256_nco-24_nct-24_dp-3_nh-4_ns-0.01_bt-0.0_ln-False_dr-0.5_sn-0.0_lr-0.0002_bs-32_ep-10/checkpoints/model-5/mu/best_checkpoint.pt
[2m[36m(pid=72802)[0m 2022-06-10 09:18:31,341 overcast.models.core.AppendedTreatmentAttentionNetwork INFO: Loading saved checkpoint output/jasmin-daily-lr_treatment-tot_aod_covariates-RH900-RH850-RH700-LTS-EIS-w500-whoi_sst_outcomes-l_re-liq_pc-cod-cwp_bins-1_bs-True/appended-treatment-transformer/dh-256_nco-24_nct-24_dp-3_nh-4_ns-0.01_bt-0.0_ln-False_dr-0.5_sn-0.0_lr-0.0002_bs-32_ep-10/checkpoints/model-7/mu/best_checkpoint.pt
[2m[36m(pid=72802)[0m 2022-06-10 09:18:31,764 overcast.models.core.AppendedTreatmentAttentionNetwork INFO: Loading saved checkpoint output/jasmin-daily-lr_treatment-tot_aod_covariates-RH900-RH850-RH700-LTS-EIS-w500-whoi_sst_outcomes-l_re-liq_pc-cod-cwp_bins-1_bs-True/appended-treatment-transformer/dh-256_nco-24_nct-24_dp-3_nh-4_ns-0.01_bt-0.0_ln-False_dr-0.5_sn-0.0_lr-0.0002_bs-32_ep-10/checkpoints/model-7/mu/best_checkpoint.pt
[2m[36m(pid=72801)[0m 2022-06-10 09:18:31,948 overcast.models.core.AppendedTreatmentAttentionNetwork INFO: Loading saved checkpoint output/jasmin-daily-lr_treatment-tot_aod_covariates-RH900-RH850-RH700-LTS-EIS-w500-whoi_sst_outcomes-l_re-liq_pc-cod-cwp_bins-1_bs-True/appended-treatment-transformer/dh-256_nco-24_nct-24_dp-3_nh-4_ns-0.01_bt-0.0_ln-False_dr-0.5_sn-0.0_lr-0.0002_bs-32_ep-10/checkpoints/model-6/mu/best_checkpoint.pt
[2m[36m(pid=72801)[0m 2022-06-10 09:18:32,457 overcast.models.core.AppendedTreatmentAttentionNetwork INFO: Loading saved checkpoint output/jasmin-daily-lr_treatment-tot_aod_covariates-RH900-RH850-RH700-LTS-EIS-w500-whoi_sst_outcomes-l_re-liq_pc-cod-cwp_bins-1_bs-True/appended-treatment-transformer/dh-256_nco-24_nct-24_dp-3_nh-4_ns-0.01_bt-0.0_ln-False_dr-0.5_sn-0.0_lr-0.0002_bs-32_ep-10/checkpoints/model-6/mu/best_checkpoint.pt
[2m[36m(pid=72794)[0m 2022-06-10 09:20:37,149 overcast.models.core.AppendedTreatmentAttentionNetwork INFO: Loading saved checkpoint output/jasmin-daily-lr_treatment-tot_aod_covariates-RH900-RH850-RH700-LTS-EIS-w500-whoi_sst_outcomes-l_re-liq_pc-cod-cwp_bins-1_bs-True/appended-treatment-transformer/dh-256_nco-24_nct-24_dp-3_nh-4_ns-0.01_bt-0.0_ln-False_dr-0.5_sn-0.0_lr-0.0002_bs-32_ep-10/checkpoints/model-8/mu/best_checkpoint.pt
[2m[36m(pid=72794)[0m 2022-06-10 09:20:37,503 overcast.models.core.AppendedTreatmentAttentionNetwork INFO: Loading saved checkpoint output/jasmin-daily-lr_treatment-tot_aod_covariates-RH900-RH850-RH700-LTS-EIS-w500-whoi_sst_outcomes-l_re-liq_pc-cod-cwp_bins-1_bs-True/appended-treatment-transformer/dh-256_nco-24_nct-24_dp-3_nh-4_ns-0.01_bt-0.0_ln-False_dr-0.5_sn-0.0_lr-0.0002_bs-32_ep-10/checkpoints/model-8/mu/best_checkpoint.pt
[2m[36m(pid=72799)[0m 2022-06-10 09:20:39,672 overcast.models.core.AppendedTreatmentAttentionNetwork INFO: Loading saved checkpoint output/jasmin-daily-lr_treatment-tot_aod_covariates-RH900-RH850-RH700-LTS-EIS-w500-whoi_sst_outcomes-l_re-liq_pc-cod-cwp_bins-1_bs-True/appended-treatment-transformer/dh-256_nco-24_nct-24_dp-3_nh-4_ns-0.01_bt-0.0_ln-False_dr-0.5_sn-0.0_lr-0.0002_bs-32_ep-10/checkpoints/model-9/mu/best_checkpoint.pt
[2m[36m(pid=72799)[0m 2022-06-10 09:20:39,971 overcast.models.core.AppendedTreatmentAttentionNetwork INFO: Loading saved checkpoint output/jasmin-daily-lr_treatment-tot_aod_covariates-RH900-RH850-RH700-LTS-EIS-w500-whoi_sst_outcomes-l_re-liq_pc-cod-cwp_bins-1_bs-True/appended-treatment-transformer/dh-256_nco-24_nct-24_dp-3_nh-4_ns-0.01_bt-0.0_ln-False_dr-0.5_sn-0.0_lr-0.0002_bs-32_ep-10/checkpoints/model-9/mu/best_checkpoint.pt
[2m[36m(trainer pid=72794)[0m Metrics Epoch 1
[2m[36m(trainer pid=72794)[0m time (seconds)      18.550873
[2m[36m(trainer pid=72794)[0m train loss                10.388892
[2m[36m(trainer pid=72794)[0m train neg_log_prob        9.634608
[2m[36m(trainer pid=72794)[0m train neg_log_prob_task   2.912397
[2m[36m(trainer pid=72799)[0m Metrics Epoch 1
[2m[36m(trainer pid=72799)[0m time (seconds)      19.543151
[2m[36m(trainer pid=72799)[0m train loss                13.067833
[2m[36m(trainer pid=72799)[0m train neg_log_prob        9.979464
[2m[36m(trainer pid=72799)[0m train neg_log_prob_task   3.041678
[2m[36m(trainer pid=72801)[0m Metrics Epoch 1
[2m[36m(trainer pid=72801)[0m time (seconds)      19.930151
[2m[36m(trainer pid=72801)[0m train loss                8.601108
[2m[36m(trainer pid=72801)[0m train neg_log_prob        9.458760
[2m[36m(trainer pid=72801)[0m train neg_log_prob_task   2.973607
[2m[36m(trainer pid=72794)[0m tune loss                -0.013787
[2m[36m(trainer pid=72794)[0m tune neg_log_prob        5.783434
[2m[36m(trainer pid=72794)[0m tune neg_log_prob_task   2.033222
[2m[36m(trainer pid=72799)[0m tune loss                0.022637
[2m[36m(trainer pid=72799)[0m tune neg_log_prob        5.820166
[2m[36m(trainer pid=72799)[0m tune neg_log_prob_task   2.019001
[2m[36m(trainer pid=72801)[0m tune loss                -0.004861
[2m[36m(trainer pid=72801)[0m tune neg_log_prob        5.658296
[2m[36m(trainer pid=72801)[0m tune neg_log_prob_task   2.147068
[2m[36m(trainer pid=72802)[0m Metrics Epoch 1
[2m[36m(trainer pid=72802)[0m time (seconds)      20.740178
[2m[36m(trainer pid=72802)[0m train loss                13.311458
[2m[36m(trainer pid=72802)[0m train neg_log_prob        9.815890
[2m[36m(trainer pid=72802)[0m train neg_log_prob_task   2.948679
[2m[36m(trainer pid=72802)[0m tune loss                0.015436
[2m[36m(trainer pid=72802)[0m tune neg_log_prob        5.813179
[2m[36m(trainer pid=72802)[0m tune neg_log_prob_task   2.223939
[2m[36m(trainer pid=72794)[0m Metrics Epoch 2
[2m[36m(trainer pid=72794)[0m time (seconds)      40.266669
[2m[36m(trainer pid=72794)[0m train loss                2.243011
[2m[36m(trainer pid=72794)[0m train neg_log_prob        7.520382
[2m[36m(trainer pid=72794)[0m train neg_log_prob_task   2.666868
[2m[36m(trainer pid=72799)[0m Metrics Epoch 2
[2m[36m(trainer pid=72799)[0m time (seconds)      41.318525
[2m[36m(trainer pid=72799)[0m train loss                2.272698
[2m[36m(trainer pid=72799)[0m train neg_log_prob        7.592976
[2m[36m(trainer pid=72799)[0m train neg_log_prob_task   2.690242
[2m[36m(trainer pid=72801)[0m Metrics Epoch 2
[2m[36m(trainer pid=72801)[0m time (seconds)      41.827708
[2m[36m(trainer pid=72801)[0m train loss                1.065473
[2m[36m(trainer pid=72801)[0m train neg_log_prob        7.097668
[2m[36m(trainer pid=72801)[0m train neg_log_prob_task   2.655032
[2m[36m(trainer pid=72794)[0m tune loss                -0.033255
[2m[36m(trainer pid=72794)[0m tune neg_log_prob        4.860319
[2m[36m(trainer pid=72794)[0m tune neg_log_prob_task   1.668748
[2m[36m(trainer pid=72799)[0m tune loss                -0.023829
[2m[36m(trainer pid=72799)[0m tune neg_log_prob        4.886941
[2m[36m(trainer pid=72799)[0m tune neg_log_prob_task   1.729807
[2m[36m(trainer pid=72801)[0m tune loss                -0.029280
[2m[36m(trainer pid=72801)[0m tune neg_log_prob        4.640930
[2m[36m(trainer pid=72801)[0m tune neg_log_prob_task   1.759556
[2m[36m(trainer pid=72802)[0m Metrics Epoch 2
[2m[36m(trainer pid=72802)[0m time (seconds)      42.575922
[2m[36m(trainer pid=72802)[0m train loss                2.628293
[2m[36m(trainer pid=72802)[0m train neg_log_prob        7.431515
[2m[36m(trainer pid=72802)[0m train neg_log_prob_task   2.793026
[2m[36m(trainer pid=72802)[0m tune loss                -0.041181
[2m[36m(trainer pid=72802)[0m tune neg_log_prob        4.815247
[2m[36m(trainer pid=72802)[0m tune neg_log_prob_task   1.888243
[2m[36m(trainer pid=72794)[0m Metrics Epoch 3
[2m[36m(trainer pid=72794)[0m time (seconds)      31.005200
[2m[36m(trainer pid=72794)[0m train loss                0.130999
[2m[36m(trainer pid=72794)[0m train neg_log_prob        5.196344
[2m[36m(trainer pid=72794)[0m train neg_log_prob_task   2.197404
[2m[36m(trainer pid=72799)[0m Metrics Epoch 3
[2m[36m(trainer pid=72799)[0m time (seconds)      31.530028
[2m[36m(trainer pid=72799)[0m train loss                0.158314
[2m[36m(trainer pid=72799)[0m train neg_log_prob        5.256505
[2m[36m(trainer pid=72799)[0m train neg_log_prob_task   2.295312
[2m[36m(trainer pid=72794)[0m tune loss                -0.053533
[2m[36m(trainer pid=72794)[0m tune neg_log_prob        4.448191
[2m[36m(trainer pid=72794)[0m tune neg_log_prob_task   1.222601
[2m[36m(trainer pid=72801)[0m Metrics Epoch 3
[2m[36m(trainer pid=72801)[0m time (seconds)      31.904026
[2m[36m(trainer pid=72801)[0m train loss                0.081851
[2m[36m(trainer pid=72801)[0m train neg_log_prob        5.324431
[2m[36m(trainer pid=72801)[0m train neg_log_prob_task   2.208686
[2m[36m(trainer pid=72799)[0m tune loss                -0.039996
[2m[36m(trainer pid=72799)[0m tune neg_log_prob        4.496884
[2m[36m(trainer pid=72799)[0m tune neg_log_prob_task   1.337824
[2m[36m(trainer pid=72801)[0m tune loss                -0.053877
[2m[36m(trainer pid=72801)[0m tune neg_log_prob        4.270715
[2m[36m(trainer pid=72801)[0m tune neg_log_prob_task   1.208657
[2m[36m(trainer pid=72802)[0m Metrics Epoch 3
[2m[36m(trainer pid=72802)[0m time (seconds)      32.299958
[2m[36m(trainer pid=72802)[0m train loss                0.089203
[2m[36m(trainer pid=72802)[0m train neg_log_prob        5.026134
[2m[36m(trainer pid=72802)[0m train neg_log_prob_task   2.459153
[2m[36m(trainer pid=72802)[0m tune loss                -0.050657
[2m[36m(trainer pid=72802)[0m tune neg_log_prob        4.472633
[2m[36m(trainer pid=72802)[0m tune neg_log_prob_task   1.552098
[2m[36m(trainer pid=72794)[0m Metrics Epoch 4
[2m[36m(trainer pid=72794)[0m time (seconds)      27.925977
[2m[36m(trainer pid=72794)[0m train loss                -0.008914
[2m[36m(trainer pid=72794)[0m train neg_log_prob        4.599108
[2m[36m(trainer pid=72794)[0m train neg_log_prob_task   1.472777
[2m[36m(trainer pid=72799)[0m Metrics Epoch 4
[2m[36m(trainer pid=72799)[0m time (seconds)      28.273046
[2m[36m(trainer pid=72799)[0m train loss                -0.006873
[2m[36m(trainer pid=72799)[0m train neg_log_prob        4.648480
[2m[36m(trainer pid=72799)[0m train neg_log_prob_task   1.550057
[2m[36m(trainer pid=72794)[0m tune loss                -0.072649
[2m[36m(trainer pid=72794)[0m tune neg_log_prob        4.211470
[2m[36m(trainer pid=72794)[0m tune neg_log_prob_task   1.004383
[2m[36m(trainer pid=72801)[0m Metrics Epoch 4
[2m[36m(trainer pid=72801)[0m time (seconds)      28.518906
[2m[36m(trainer pid=72801)[0m train loss                -0.025868
[2m[36m(trainer pid=72801)[0m train neg_log_prob        4.417770
[2m[36m(trainer pid=72801)[0m train neg_log_prob_task   1.579939
[2m[36m(trainer pid=72799)[0m tune loss                -0.059318
[2m[36m(trainer pid=72799)[0m tune neg_log_prob        4.220562
[2m[36m(trainer pid=72799)[0m tune neg_log_prob_task   1.016612
[2m[36m(trainer pid=72801)[0m tune loss                -0.072371
[2m[36m(trainer pid=72801)[0m tune neg_log_prob        4.079459
[2m[36m(trainer pid=72801)[0m tune neg_log_prob_task   1.051616
[2m[36m(trainer pid=72802)[0m Metrics Epoch 4
[2m[36m(trainer pid=72802)[0m time (seconds)      28.974589
[2m[36m(trainer pid=72802)[0m train loss                -0.002177
[2m[36m(trainer pid=72802)[0m train neg_log_prob        4.613280
[2m[36m(trainer pid=72802)[0m train neg_log_prob_task   1.904966
[2m[36m(trainer pid=72802)[0m tune loss                -0.067423
[2m[36m(trainer pid=72802)[0m tune neg_log_prob        4.147639
[2m[36m(trainer pid=72802)[0m tune neg_log_prob_task   1.063800
[2m[36m(trainer pid=72794)[0m Metrics Epoch 5
[2m[36m(trainer pid=72794)[0m time (seconds)      26.400391
[2m[36m(trainer pid=72794)[0m train loss                -0.033614
[2m[36m(trainer pid=72794)[0m train neg_log_prob        4.334654
[2m[36m(trainer pid=72794)[0m train neg_log_prob_task   1.230988
[2m[36m(trainer pid=72799)[0m Metrics Epoch 5
[2m[36m(trainer pid=72799)[0m time (seconds)      26.662341
[2m[36m(trainer pid=72799)[0m train loss                -0.035513
[2m[36m(trainer pid=72799)[0m train neg_log_prob        4.347472
[2m[36m(trainer pid=72799)[0m train neg_log_prob_task   1.256862
[2m[36m(trainer pid=72794)[0m tune loss                -0.074430
[2m[36m(trainer pid=72794)[0m tune neg_log_prob        4.088122
[2m[36m(trainer pid=72794)[0m tune neg_log_prob_task   0.984429
[2m[36m(trainer pid=72801)[0m Metrics Epoch 5
[2m[36m(trainer pid=72801)[0m time (seconds)      26.834898
[2m[36m(trainer pid=72801)[0m train loss                -0.047239
[2m[36m(trainer pid=72801)[0m train neg_log_prob        4.093122
[2m[36m(trainer pid=72801)[0m train neg_log_prob_task   1.340455
[2m[36m(trainer pid=72799)[0m tune loss                -0.075000
[2m[36m(trainer pid=72799)[0m tune neg_log_prob        4.089580
[2m[36m(trainer pid=72799)[0m tune neg_log_prob_task   0.999538
[2m[36m(trainer pid=72801)[0m tune loss                -0.082060
[2m[36m(trainer pid=72801)[0m tune neg_log_prob        3.926194
[2m[36m(trainer pid=72801)[0m tune neg_log_prob_task   1.011312
[2m[36m(trainer pid=72802)[0m Metrics Epoch 5
[2m[36m(trainer pid=72802)[0m time (seconds)      27.272349
[2m[36m(trainer pid=72802)[0m train loss                -0.031777
[2m[36m(trainer pid=72802)[0m train neg_log_prob        4.328988
[2m[36m(trainer pid=72802)[0m train neg_log_prob_task   1.389285
[2m[36m(trainer pid=72802)[0m tune loss                -0.078237
[2m[36m(trainer pid=72802)[0m tune neg_log_prob        4.035297
[2m[36m(trainer pid=72802)[0m tune neg_log_prob_task   1.025784
[2m[36m(trainer pid=72794)[0m Metrics Epoch 6
[2m[36m(trainer pid=72794)[0m time (seconds)      25.487994
[2m[36m(trainer pid=72794)[0m train loss                -0.048834
[2m[36m(trainer pid=72794)[0m train neg_log_prob        4.156164
[2m[36m(trainer pid=72794)[0m train neg_log_prob_task   1.148000
[2m[36m(trainer pid=72799)[0m Metrics Epoch 6
[2m[36m(trainer pid=72799)[0m time (seconds)      25.706955
[2m[36m(trainer pid=72799)[0m train loss                -0.051944
[2m[36m(trainer pid=72799)[0m train neg_log_prob        4.149230
[2m[36m(trainer pid=72799)[0m train neg_log_prob_task   1.159170
[2m[36m(trainer pid=72801)[0m Metrics Epoch 6
[2m[36m(trainer pid=72801)[0m time (seconds)      25.837230
[2m[36m(trainer pid=72801)[0m train loss                -0.055956
[2m[36m(trainer pid=72801)[0m train neg_log_prob        3.948399
[2m[36m(trainer pid=72801)[0m train neg_log_prob_task   1.255419
[2m[36m(trainer pid=72794)[0m tune loss                -0.078280
[2m[36m(trainer pid=72794)[0m tune neg_log_prob        3.998798
[2m[36m(trainer pid=72794)[0m tune neg_log_prob_task   0.971519
[2m[36m(trainer pid=72799)[0m tune loss                -0.086254
[2m[36m(trainer pid=72799)[0m tune neg_log_prob        3.994713
[2m[36m(trainer pid=72799)[0m tune neg_log_prob_task   1.005286
[2m[36m(trainer pid=72801)[0m tune loss                -0.089585
[2m[36m(trainer pid=72801)[0m tune neg_log_prob        3.835554
[2m[36m(trainer pid=72801)[0m tune neg_log_prob_task   0.988322
[2m[36m(trainer pid=72802)[0m Metrics Epoch 6
[2m[36m(trainer pid=72802)[0m time (seconds)      26.187913
[2m[36m(trainer pid=72802)[0m train loss                -0.047181
[2m[36m(trainer pid=72802)[0m train neg_log_prob        4.141191
[2m[36m(trainer pid=72802)[0m train neg_log_prob_task   1.235007
[2m[36m(trainer pid=72802)[0m tune loss                -0.083823
[2m[36m(trainer pid=72802)[0m tune neg_log_prob        3.937959
[2m[36m(trainer pid=72802)[0m tune neg_log_prob_task   1.018961
[2m[36m(trainer pid=72794)[0m Metrics Epoch 7
[2m[36m(trainer pid=72794)[0m time (seconds)      24.928572
[2m[36m(trainer pid=72794)[0m train loss                -0.055045
[2m[36m(trainer pid=72794)[0m train neg_log_prob        4.037824
[2m[36m(trainer pid=72794)[0m train neg_log_prob_task   1.096811
[2m[36m(trainer pid=72799)[0m Metrics Epoch 7
[2m[36m(trainer pid=72799)[0m time (seconds)      25.058224
[2m[36m(trainer pid=72799)[0m train loss                -0.058134
[2m[36m(trainer pid=72799)[0m train neg_log_prob        4.026925
[2m[36m(trainer pid=72799)[0m train neg_log_prob_task   1.114152
[2m[36m(trainer pid=72801)[0m Metrics Epoch 7
[2m[36m(trainer pid=72801)[0m time (seconds)      25.164268
[2m[36m(trainer pid=72801)[0m train loss                -0.062741
[2m[36m(trainer pid=72801)[0m train neg_log_prob        3.849048
[2m[36m(trainer pid=72801)[0m train neg_log_prob_task   1.185533
[2m[36m(trainer pid=72794)[0m tune loss                -0.082829
[2m[36m(trainer pid=72794)[0m tune neg_log_prob        3.936126
[2m[36m(trainer pid=72794)[0m tune neg_log_prob_task   0.944762
[2m[36m(trainer pid=72799)[0m tune loss                -0.093426
[2m[36m(trainer pid=72799)[0m tune neg_log_prob        3.892528
[2m[36m(trainer pid=72799)[0m tune neg_log_prob_task   1.010326
[2m[36m(trainer pid=72801)[0m tune loss                -0.093850
[2m[36m(trainer pid=72801)[0m tune neg_log_prob        3.746620
[2m[36m(trainer pid=72801)[0m tune neg_log_prob_task   0.964132
[2m[36m(trainer pid=72802)[0m Metrics Epoch 7
[2m[36m(trainer pid=72802)[0m time (seconds)      25.525668
[2m[36m(trainer pid=72802)[0m train loss                -0.055765
[2m[36m(trainer pid=72802)[0m train neg_log_prob        4.015068
[2m[36m(trainer pid=72802)[0m train neg_log_prob_task   1.169744
[2m[36m(trainer pid=72802)[0m tune loss                -0.092655
[2m[36m(trainer pid=72802)[0m tune neg_log_prob        3.882486
[2m[36m(trainer pid=72802)[0m tune neg_log_prob_task   0.969799
[2m[36m(trainer pid=72794)[0m Metrics Epoch 8
[2m[36m(trainer pid=72794)[0m time (seconds)      24.458573
[2m[36m(trainer pid=72794)[0m train loss                -0.061691
[2m[36m(trainer pid=72794)[0m train neg_log_prob        3.943159
[2m[36m(trainer pid=72794)[0m train neg_log_prob_task   1.059757
[2m[36m(trainer pid=72799)[0m Metrics Epoch 8
[2m[36m(trainer pid=72799)[0m time (seconds)      24.594413
[2m[36m(trainer pid=72799)[0m train loss                -0.064620
[2m[36m(trainer pid=72799)[0m train neg_log_prob        3.934078
[2m[36m(trainer pid=72799)[0m train neg_log_prob_task   1.082084
[2m[36m(trainer pid=72794)[0m tune loss                -0.090785
[2m[36m(trainer pid=72794)[0m tune neg_log_prob        3.852422
[2m[36m(trainer pid=72794)[0m tune neg_log_prob_task   0.915212
[2m[36m(trainer pid=72801)[0m Metrics Epoch 8
[2m[36m(trainer pid=72801)[0m time (seconds)      24.708319
[2m[36m(trainer pid=72801)[0m train loss                -0.067007
[2m[36m(trainer pid=72801)[0m train neg_log_prob        3.783371
[2m[36m(trainer pid=72801)[0m train neg_log_prob_task   1.132335
[2m[36m(trainer pid=72799)[0m tune loss                -0.097340
[2m[36m(trainer pid=72799)[0m tune neg_log_prob        3.827027
[2m[36m(trainer pid=72799)[0m tune neg_log_prob_task   0.982419
[2m[36m(trainer pid=72801)[0m tune loss                -0.098381
[2m[36m(trainer pid=72801)[0m tune neg_log_prob        3.705855
[2m[36m(trainer pid=72801)[0m tune neg_log_prob_task   0.984045
[2m[36m(trainer pid=72802)[0m Metrics Epoch 8
[2m[36m(trainer pid=72802)[0m time (seconds)      24.990632
[2m[36m(trainer pid=72802)[0m train loss                -0.062467
[2m[36m(trainer pid=72802)[0m train neg_log_prob        3.917354
[2m[36m(trainer pid=72802)[0m train neg_log_prob_task   1.134231
[2m[36m(trainer pid=72802)[0m tune loss                -0.094879
[2m[36m(trainer pid=72802)[0m tune neg_log_prob        3.810510
[2m[36m(trainer pid=72802)[0m tune neg_log_prob_task   1.016509
[2m[36m(trainer pid=72794)[0m Metrics Epoch 9
[2m[36m(trainer pid=72794)[0m time (seconds)      24.123869
[2m[36m(trainer pid=72794)[0m train loss                -0.065120
[2m[36m(trainer pid=72794)[0m train neg_log_prob        3.869947
[2m[36m(trainer pid=72794)[0m train neg_log_prob_task   1.019011
[2m[36m(trainer pid=72799)[0m Metrics Epoch 9
[2m[36m(trainer pid=72799)[0m time (seconds)      24.254284
[2m[36m(trainer pid=72799)[0m train loss                -0.067610
[2m[36m(trainer pid=72799)[0m train neg_log_prob        3.866826
[2m[36m(trainer pid=72799)[0m train neg_log_prob_task   1.067827
[2m[36m(trainer pid=72794)[0m tune loss                -0.097111
[2m[36m(trainer pid=72794)[0m tune neg_log_prob        3.810449
[2m[36m(trainer pid=72794)[0m tune neg_log_prob_task   0.871507
[2m[36m(trainer pid=72801)[0m Metrics Epoch 9
[2m[36m(trainer pid=72801)[0m time (seconds)      24.389057
[2m[36m(trainer pid=72801)[0m train loss                -0.071424
[2m[36m(trainer pid=72801)[0m train neg_log_prob        3.724588
[2m[36m(trainer pid=72801)[0m train neg_log_prob_task   1.095138
[2m[36m(trainer pid=72799)[0m tune loss                -0.099338
[2m[36m(trainer pid=72799)[0m tune neg_log_prob        3.754988
[2m[36m(trainer pid=72799)[0m tune neg_log_prob_task   0.972896
[2m[36m(trainer pid=72801)[0m tune loss                -0.104504
[2m[36m(trainer pid=72801)[0m tune neg_log_prob        3.652457
[2m[36m(trainer pid=72801)[0m tune neg_log_prob_task   0.977643
[2m[36m(trainer pid=72802)[0m Metrics Epoch 9
[2m[36m(trainer pid=72802)[0m time (seconds)      24.573589
[2m[36m(trainer pid=72802)[0m train loss                -0.066725
[2m[36m(trainer pid=72802)[0m train neg_log_prob        3.852687
[2m[36m(trainer pid=72802)[0m train neg_log_prob_task   1.094043
[2m[36m(trainer pid=72802)[0m tune loss                -0.096005
[2m[36m(trainer pid=72802)[0m tune neg_log_prob        3.745194
[2m[36m(trainer pid=72802)[0m tune neg_log_prob_task   1.073525
[2m[36m(trainer pid=72794)[0m Metrics Epoch 10
[2m[36m(trainer pid=72794)[0m time (seconds)      23.864441
[2m[36m(trainer pid=72794)[0m train loss                -0.071415
[2m[36m(trainer pid=72794)[0m train neg_log_prob        3.804804
[2m[36m(trainer pid=72794)[0m train neg_log_prob_task   0.970031
[2m[36m(trainer pid=72799)[0m Metrics Epoch 10
[2m[36m(trainer pid=72799)[0m time (seconds)      23.983821
[2m[36m(trainer pid=72799)[0m train loss                -0.071553
[2m[36m(trainer pid=72799)[0m train neg_log_prob        3.801147
[2m[36m(trainer pid=72799)[0m train neg_log_prob_task   1.044623
[2m[36m(trainer pid=72794)[0m tune loss                -0.102227
[2m[36m(trainer pid=72794)[0m tune neg_log_prob        3.764604
[2m[36m(trainer pid=72794)[0m tune neg_log_prob_task   0.848763
[2m[36m(trainer pid=72801)[0m Metrics Epoch 10
[2m[36m(trainer pid=72801)[0m time (seconds)      24.115424
[2m[36m(trainer pid=72801)[0m train loss                -0.076051
[2m[36m(trainer pid=72801)[0m train neg_log_prob        3.671865
[2m[36m(trainer pid=72801)[0m train neg_log_prob_task   1.072451
[2m[36m(trainer pid=72799)[0m tune loss                -0.103829
[2m[36m(trainer pid=72799)[0m tune neg_log_prob        3.715284
[2m[36m(trainer pid=72799)[0m tune neg_log_prob_task   0.963169
[2m[36m(trainer pid=72801)[0m tune loss                -0.107369
[2m[36m(trainer pid=72801)[0m tune neg_log_prob        3.611968
[2m[36m(trainer pid=72801)[0m tune neg_log_prob_task   0.946828
[2m[36m(trainer pid=72802)[0m Metrics Epoch 10
[2m[36m(trainer pid=72802)[0m time (seconds)      24.049289
[2m[36m(trainer pid=72802)[0m train loss                -0.070768
[2m[36m(trainer pid=72802)[0m train neg_log_prob        3.787581
[2m[36m(trainer pid=72802)[0m train neg_log_prob_task   1.076384
[2m[36m(trainer pid=72794)[0m Metrics Epoch 10
[2m[36m(trainer pid=72794)[0m best loss                -0.102278
[2m[36m(trainer pid=72794)[0m best neg_log_prob        3.764618
[2m[36m(trainer pid=72794)[0m best neg_log_prob_task   0.850586
[2m[36m(trainer pid=72802)[0m tune loss                -0.101460
[2m[36m(trainer pid=72802)[0m tune neg_log_prob        3.673618
[2m[36m(trainer pid=72802)[0m tune neg_log_prob_task   1.022079
[2m[36m(trainer pid=72799)[0m Metrics Epoch 10
[2m[36m(trainer pid=72799)[0m best loss                -0.104032
[2m[36m(trainer pid=72799)[0m best neg_log_prob        3.713145
[2m[36m(trainer pid=72799)[0m best neg_log_prob_task   0.963749
[2m[36m(trainer pid=72801)[0m Metrics Epoch 10
[2m[36m(trainer pid=72801)[0m best loss                -0.107344
[2m[36m(trainer pid=72801)[0m best neg_log_prob        3.615103
[2m[36m(trainer pid=72801)[0m best neg_log_prob_task   0.945966
[2m[36m(trainer pid=72802)[0m Metrics Epoch 10
[2m[36m(trainer pid=72802)[0m best loss                -0.101042
[2m[36m(trainer pid=72802)[0m best neg_log_prob        3.677463
[2m[36m(trainer pid=72802)[0m best neg_log_prob_task   1.024346
[2m[36m(trainer pid=72794)[0m Metrics Epoch 1
[2m[36m(trainer pid=72794)[0m time (seconds)      15.698756
[2m[36m(trainer pid=72794)[0m train loss                12.309410
[2m[36m(trainer pid=72794)[0m train neg_log_prob        9.808412
[2m[36m(trainer pid=72794)[0m train neg_log_prob_task   2.848939
[2m[36m(trainer pid=72794)[0m tune loss                0.037131
[2m[36m(trainer pid=72794)[0m tune neg_log_prob        5.926297
[2m[36m(trainer pid=72794)[0m tune neg_log_prob_task   1.759071
[2m[36m(trainer pid=72799)[0m Metrics Epoch 1
[2m[36m(trainer pid=72799)[0m time (seconds)      18.654357
[2m[36m(trainer pid=72799)[0m train loss                10.824296
[2m[36m(trainer pid=72799)[0m train neg_log_prob        9.555814
[2m[36m(trainer pid=72799)[0m train neg_log_prob_task   2.840934
[2m[36m(trainer pid=72801)[0m Metrics Epoch 1
[2m[36m(trainer pid=72801)[0m time (seconds)      19.605565
[2m[36m(trainer pid=72801)[0m train loss                8.619420
[2m[36m(trainer pid=72801)[0m train neg_log_prob        9.227220
[2m[36m(trainer pid=72801)[0m train neg_log_prob_task   2.956956
[2m[36m(trainer pid=72802)[0m Metrics Epoch 1
[2m[36m(trainer pid=72802)[0m time (seconds)      19.497772
[2m[36m(trainer pid=72802)[0m train loss                8.797853
[2m[36m(trainer pid=72802)[0m train neg_log_prob        9.603178
[2m[36m(trainer pid=72802)[0m train neg_log_prob_task   2.947110
[2m[36m(trainer pid=72799)[0m tune loss                0.026119
[2m[36m(trainer pid=72799)[0m tune neg_log_prob        5.584839
[2m[36m(trainer pid=72799)[0m tune neg_log_prob_task   2.045050
[2m[36m(trainer pid=72801)[0m tune loss                -0.018909
[2m[36m(trainer pid=72801)[0m tune neg_log_prob        5.463736
[2m[36m(trainer pid=72801)[0m tune neg_log_prob_task   2.101390
[2m[36m(trainer pid=72802)[0m tune loss                -0.011019
[2m[36m(trainer pid=72802)[0m tune neg_log_prob        5.687194
[2m[36m(trainer pid=72802)[0m tune neg_log_prob_task   2.123327
[2m[36m(trainer pid=72794)[0m Metrics Epoch 2
[2m[36m(trainer pid=72794)[0m time (seconds)      37.481779
[2m[36m(trainer pid=72794)[0m train loss                1.806442
[2m[36m(trainer pid=72794)[0m train neg_log_prob        7.141420
[2m[36m(trainer pid=72794)[0m train neg_log_prob_task   2.197060
[2m[36m(trainer pid=72794)[0m tune loss                -0.036115
[2m[36m(trainer pid=72794)[0m tune neg_log_prob        4.927610
[2m[36m(trainer pid=72794)[0m tune neg_log_prob_task   1.251556
[2m[36m(trainer pid=72799)[0m Metrics Epoch 2
[2m[36m(trainer pid=72799)[0m time (seconds)      40.569907
[2m[36m(trainer pid=72799)[0m train loss                1.483169
[2m[36m(trainer pid=72799)[0m train neg_log_prob        7.036520
[2m[36m(trainer pid=72799)[0m train neg_log_prob_task   2.457900
[2m[36m(trainer pid=72801)[0m Metrics Epoch 2
[2m[36m(trainer pid=72801)[0m time (seconds)      41.586267
[2m[36m(trainer pid=72801)[0m train loss                0.845682
[2m[36m(trainer pid=72801)[0m train neg_log_prob        6.474388
[2m[36m(trainer pid=72801)[0m train neg_log_prob_task   2.676839
[2m[36m(trainer pid=72802)[0m Metrics Epoch 2
[2m[36m(trainer pid=72802)[0m time (seconds)      41.427647
[2m[36m(trainer pid=72802)[0m train loss                1.691745
[2m[36m(trainer pid=72802)[0m train neg_log_prob        7.515526
[2m[36m(trainer pid=72802)[0m train neg_log_prob_task   2.673879
[2m[36m(trainer pid=72799)[0m tune loss                -0.041030
[2m[36m(trainer pid=72799)[0m tune neg_log_prob        4.507013
[2m[36m(trainer pid=72799)[0m tune neg_log_prob_task   1.424970
[2m[36m(trainer pid=72801)[0m tune loss                -0.048861
[2m[36m(trainer pid=72801)[0m tune neg_log_prob        4.448619
[2m[36m(trainer pid=72801)[0m tune neg_log_prob_task   1.696657
[2m[36m(trainer pid=72802)[0m tune loss                -0.041838
[2m[36m(trainer pid=72802)[0m tune neg_log_prob        4.731754
[2m[36m(trainer pid=72802)[0m tune neg_log_prob_task   1.885548
[2m[36m(trainer pid=72794)[0m Metrics Epoch 3
[2m[36m(trainer pid=72794)[0m time (seconds)      29.630709
[2m[36m(trainer pid=72794)[0m train loss                0.081337
[2m[36m(trainer pid=72794)[0m train neg_log_prob        5.063598
[2m[36m(trainer pid=72794)[0m train neg_log_prob_task   1.726274
[2m[36m(trainer pid=72794)[0m tune loss                -0.071173
[2m[36m(trainer pid=72794)[0m tune neg_log_prob        4.533055
[2m[36m(trainer pid=72794)[0m tune neg_log_prob_task   1.058890
[2m[36m(trainer pid=72799)[0m Metrics Epoch 3
[2m[36m(trainer pid=72799)[0m time (seconds)      31.163135
[2m[36m(trainer pid=72799)[0m train loss                0.094376
[2m[36m(trainer pid=72799)[0m train neg_log_prob        4.989204
[2m[36m(trainer pid=72799)[0m train neg_log_prob_task   1.743041
[2m[36m(trainer pid=72801)[0m Metrics Epoch 3
[2m[36m(trainer pid=72801)[0m time (seconds)      31.897028
[2m[36m(trainer pid=72801)[0m train loss                0.011807
[2m[36m(trainer pid=72801)[0m train neg_log_prob        4.723690
[2m[36m(trainer pid=72801)[0m train neg_log_prob_task   2.181181
[2m[36m(trainer pid=72802)[0m Metrics Epoch 3
[2m[36m(trainer pid=72802)[0m time (seconds)      31.635692
[2m[36m(trainer pid=72802)[0m train loss                0.310686
[2m[36m(trainer pid=72802)[0m train neg_log_prob        5.825643
[2m[36m(trainer pid=72802)[0m train neg_log_prob_task   2.502896
[2m[36m(trainer pid=72799)[0m tune loss                -0.068648
[2m[36m(trainer pid=72799)[0m tune neg_log_prob        4.198979
[2m[36m(trainer pid=72799)[0m tune neg_log_prob_task   1.088989
[2m[36m(trainer pid=72802)[0m tune loss                -0.057536
[2m[36m(trainer pid=72802)[0m tune neg_log_prob        4.361869
[2m[36m(trainer pid=72802)[0m tune neg_log_prob_task   1.644636
[2m[36m(trainer pid=72801)[0m tune loss                -0.071504
[2m[36m(trainer pid=72801)[0m tune neg_log_prob        4.147721
[2m[36m(trainer pid=72801)[0m tune neg_log_prob_task   1.171564
[2m[36m(trainer pid=72794)[0m Metrics Epoch 4
[2m[36m(trainer pid=72794)[0m time (seconds)      26.986189
[2m[36m(trainer pid=72794)[0m train loss                -0.006981
[2m[36m(trainer pid=72794)[0m train neg_log_prob        4.704334
[2m[36m(trainer pid=72794)[0m train neg_log_prob_task   1.477451
[2m[36m(trainer pid=72794)[0m tune loss                -0.077350
[2m[36m(trainer pid=72794)[0m tune neg_log_prob        4.164286
[2m[36m(trainer pid=72794)[0m tune neg_log_prob_task   1.032938
[2m[36m(trainer pid=72799)[0m Metrics Epoch 4
[2m[36m(trainer pid=72799)[0m time (seconds)      28.039686
[2m[36m(trainer pid=72799)[0m train loss                -0.032764
[2m[36m(trainer pid=72799)[0m train neg_log_prob        4.343257
[2m[36m(trainer pid=72799)[0m train neg_log_prob_task   1.416418
[2m[36m(trainer pid=72802)[0m Metrics Epoch 4
[2m[36m(trainer pid=72802)[0m time (seconds)      28.370331
[2m[36m(trainer pid=72802)[0m train loss                0.020235
[2m[36m(trainer pid=72802)[0m train neg_log_prob        4.766627
[2m[36m(trainer pid=72802)[0m train neg_log_prob_task   2.166431
[2m[36m(trainer pid=72799)[0m tune loss                -0.075194
[2m[36m(trainer pid=72799)[0m tune neg_log_prob        4.047806
[2m[36m(trainer pid=72799)[0m tune neg_log_prob_task   1.031879
[2m[36m(trainer pid=72801)[0m Metrics Epoch 4
[2m[36m(trainer pid=72801)[0m time (seconds)      28.608383
[2m[36m(trainer pid=72801)[0m train loss                -0.039170
[2m[36m(trainer pid=72801)[0m train neg_log_prob        4.289300
[2m[36m(trainer pid=72801)[0m train neg_log_prob_task   1.543729
[2m[36m(trainer pid=72802)[0m tune loss                -0.056503
[2m[36m(trainer pid=72802)[0m tune neg_log_prob        4.207771
[2m[36m(trainer pid=72802)[0m tune neg_log_prob_task   1.238336
[2m[36m(trainer pid=72801)[0m tune loss                -0.078932
[2m[36m(trainer pid=72801)[0m tune neg_log_prob        4.001848
[2m[36m(trainer pid=72801)[0m tune neg_log_prob_task   1.024600
[2m[36m(trainer pid=72794)[0m Metrics Epoch 5
[2m[36m(trainer pid=72794)[0m time (seconds)      25.666927
[2m[36m(trainer pid=72794)[0m train loss                -0.033013
[2m[36m(trainer pid=72794)[0m train neg_log_prob        4.499408
[2m[36m(trainer pid=72794)[0m train neg_log_prob_task   1.313626
[2m[36m(trainer pid=72794)[0m tune loss                -0.082506
[2m[36m(trainer pid=72794)[0m tune neg_log_prob        3.956027
[2m[36m(trainer pid=72794)[0m tune neg_log_prob_task   1.004241
[2m[36m(trainer pid=72799)[0m Metrics Epoch 5
[2m[36m(trainer pid=72799)[0m time (seconds)      26.482414
[2m[36m(trainer pid=72799)[0m train loss                -0.048560
[2m[36m(trainer pid=72799)[0m train neg_log_prob        4.156353
[2m[36m(trainer pid=72799)[0m train neg_log_prob_task   1.264861
[2m[36m(trainer pid=72802)[0m Metrics Epoch 5
[2m[36m(trainer pid=72802)[0m time (seconds)      26.713502
[2m[36m(trainer pid=72802)[0m train loss                -0.027450
[2m[36m(trainer pid=72802)[0m train neg_log_prob        4.418919
[2m[36m(trainer pid=72802)[0m train neg_log_prob_task   1.512008
[2m[36m(trainer pid=72799)[0m tune loss                -0.088417
[2m[36m(trainer pid=72799)[0m tune neg_log_prob        3.974562
[2m[36m(trainer pid=72799)[0m tune neg_log_prob_task   0.994305
[2m[36m(trainer pid=72801)[0m Metrics Epoch 5
[2m[36m(trainer pid=72801)[0m time (seconds)      26.983064
[2m[36m(trainer pid=72801)[0m train loss                -0.052517
[2m[36m(trainer pid=72801)[0m train neg_log_prob        4.085891
[2m[36m(trainer pid=72801)[0m train neg_log_prob_task   1.362390
[2m[36m(trainer pid=72802)[0m tune loss                -0.071379
[2m[36m(trainer pid=72802)[0m tune neg_log_prob        4.097940
[2m[36m(trainer pid=72802)[0m tune neg_log_prob_task   1.028342
[2m[36m(trainer pid=72801)[0m tune loss                -0.083039
[2m[36m(trainer pid=72801)[0m tune neg_log_prob        3.908386
[2m[36m(trainer pid=72801)[0m tune neg_log_prob_task   1.115785
[2m[36m(trainer pid=72794)[0m Metrics Epoch 6
[2m[36m(trainer pid=72794)[0m time (seconds)      24.875811
[2m[36m(trainer pid=72794)[0m train loss                -0.051580
[2m[36m(trainer pid=72794)[0m train neg_log_prob        4.295030
[2m[36m(trainer pid=72794)[0m train neg_log_prob_task   1.214159
[2m[36m(trainer pid=72794)[0m tune loss                -0.082491
[2m[36m(trainer pid=72794)[0m tune neg_log_prob        3.953840
[2m[36m(trainer pid=72794)[0m tune neg_log_prob_task   0.968654
[2m[36m(trainer pid=72799)[0m Metrics Epoch 6
[2m[36m(trainer pid=72799)[0m time (seconds)      25.537665
[2m[36m(trainer pid=72799)[0m train loss                -0.057054
[2m[36m(trainer pid=72799)[0m train neg_log_prob        4.022809
[2m[36m(trainer pid=72799)[0m train neg_log_prob_task   1.198328
[2m[36m(trainer pid=72802)[0m Metrics Epoch 6
[2m[36m(trainer pid=72802)[0m time (seconds)      25.733139
[2m[36m(trainer pid=72802)[0m train loss                -0.045744
[2m[36m(trainer pid=72802)[0m train neg_log_prob        4.204391
[2m[36m(trainer pid=72802)[0m train neg_log_prob_task   1.229737
[2m[36m(trainer pid=72799)[0m tune loss                -0.092399
[2m[36m(trainer pid=72799)[0m tune neg_log_prob        3.871119
[2m[36m(trainer pid=72799)[0m tune neg_log_prob_task   0.984237
[2m[36m(trainer pid=72801)[0m Metrics Epoch 6
[2m[36m(trainer pid=72801)[0m time (seconds)      26.003434
[2m[36m(trainer pid=72801)[0m train loss                -0.060822
[2m[36m(trainer pid=72801)[0m train neg_log_prob        3.948801
[2m[36m(trainer pid=72801)[0m train neg_log_prob_task   1.255505
[2m[36m(trainer pid=72802)[0m tune loss                -0.080437
[2m[36m(trainer pid=72802)[0m tune neg_log_prob        3.985009
[2m[36m(trainer pid=72802)[0m tune neg_log_prob_task   1.014804
[2m[36m(trainer pid=72801)[0m tune loss                -0.089915
[2m[36m(trainer pid=72801)[0m tune neg_log_prob        3.845297
[2m[36m(trainer pid=72801)[0m tune neg_log_prob_task   0.971120
[2m[36m(trainer pid=72794)[0m Metrics Epoch 7
[2m[36m(trainer pid=72794)[0m time (seconds)      24.356320
[2m[36m(trainer pid=72794)[0m train loss                -0.061486
[2m[36m(trainer pid=72794)[0m train neg_log_prob        4.156431
[2m[36m(trainer pid=72794)[0m train neg_log_prob_task   1.147437
[2m[36m(trainer pid=72794)[0m tune loss                -0.080895
[2m[36m(trainer pid=72794)[0m tune neg_log_prob        3.869880
[2m[36m(trainer pid=72794)[0m tune neg_log_prob_task   0.959221
[2m[36m(trainer pid=72799)[0m Metrics Epoch 7
[2m[36m(trainer pid=72799)[0m time (seconds)      24.911944
[2m[36m(trainer pid=72799)[0m train loss                -0.062754
[2m[36m(trainer pid=72799)[0m train neg_log_prob        3.929542
[2m[36m(trainer pid=72799)[0m train neg_log_prob_task   1.139344
[2m[36m(trainer pid=72802)[0m Metrics Epoch 7
[2m[36m(trainer pid=72802)[0m time (seconds)      25.071645
[2m[36m(trainer pid=72802)[0m train loss                -0.055358
[2m[36m(trainer pid=72802)[0m train neg_log_prob        4.060021
[2m[36m(trainer pid=72802)[0m train neg_log_prob_task   1.154132
[2m[36m(trainer pid=72799)[0m tune loss                -0.095443
[2m[36m(trainer pid=72799)[0m tune neg_log_prob        3.828510
[2m[36m(trainer pid=72799)[0m tune neg_log_prob_task   0.978793
[2m[36m(trainer pid=72801)[0m Metrics Epoch 7
[2m[36m(trainer pid=72801)[0m time (seconds)      25.360473
[2m[36m(trainer pid=72801)[0m train loss                -0.067069
[2m[36m(trainer pid=72801)[0m train neg_log_prob        3.857090
[2m[36m(trainer pid=72801)[0m train neg_log_prob_task   1.179144
[2m[36m(trainer pid=72802)[0m tune loss                -0.087595
[2m[36m(trainer pid=72802)[0m tune neg_log_prob        3.894607
[2m[36m(trainer pid=72802)[0m tune neg_log_prob_task   0.992422
[2m[36m(trainer pid=72801)[0m tune loss                -0.092997
[2m[36m(trainer pid=72801)[0m tune neg_log_prob        3.762079
[2m[36m(trainer pid=72801)[0m tune neg_log_prob_task   0.954375
[2m[36m(trainer pid=72794)[0m Metrics Epoch 8
[2m[36m(trainer pid=72794)[0m time (seconds)      23.974831
[2m[36m(trainer pid=72794)[0m train loss                -0.067915
[2m[36m(trainer pid=72794)[0m train neg_log_prob        4.066901
[2m[36m(trainer pid=72794)[0m train neg_log_prob_task   1.106804
[2m[36m(trainer pid=72794)[0m tune loss                -0.089398
[2m[36m(trainer pid=72794)[0m tune neg_log_prob        3.830882
[2m[36m(trainer pid=72794)[0m tune neg_log_prob_task   0.954586
[2m[36m(trainer pid=72799)[0m Metrics Epoch 8
[2m[36m(trainer pid=72799)[0m time (seconds)      24.462776
[2m[36m(trainer pid=72799)[0m train loss                -0.066950
[2m[36m(trainer pid=72799)[0m train neg_log_prob        3.867183
[2m[36m(trainer pid=72799)[0m train neg_log_prob_task   1.100987
[2m[36m(trainer pid=72802)[0m Metrics Epoch 8
[2m[36m(trainer pid=72802)[0m time (seconds)      24.600877
[2m[36m(trainer pid=72802)[0m train loss                -0.060254
[2m[36m(trainer pid=72802)[0m train neg_log_prob        3.972075
[2m[36m(trainer pid=72802)[0m train neg_log_prob_task   1.116067
[2m[36m(trainer pid=72799)[0m tune loss                -0.099292
[2m[36m(trainer pid=72799)[0m tune neg_log_prob        3.829994
[2m[36m(trainer pid=72799)[0m tune neg_log_prob_task   0.946302
[2m[36m(trainer pid=72801)[0m Metrics Epoch 8
[2m[36m(trainer pid=72801)[0m time (seconds)      24.899531
[2m[36m(trainer pid=72801)[0m train loss                -0.072203
[2m[36m(trainer pid=72801)[0m train neg_log_prob        3.776713
[2m[36m(trainer pid=72801)[0m train neg_log_prob_task   1.136297
[2m[36m(trainer pid=72802)[0m tune loss                -0.094085
[2m[36m(trainer pid=72802)[0m tune neg_log_prob        3.868500
[2m[36m(trainer pid=72802)[0m tune neg_log_prob_task   0.993099
[2m[36m(trainer pid=72801)[0m tune loss                -0.097446
[2m[36m(trainer pid=72801)[0m tune neg_log_prob        3.712823
[2m[36m(trainer pid=72801)[0m tune neg_log_prob_task   0.955923
[2m[36m(trainer pid=72794)[0m Metrics Epoch 9
[2m[36m(trainer pid=72794)[0m time (seconds)      23.694569
[2m[36m(trainer pid=72794)[0m train loss                -0.065168
[2m[36m(trainer pid=72794)[0m train neg_log_prob        4.026018
[2m[36m(trainer pid=72794)[0m train neg_log_prob_task   1.129549
[2m[36m(trainer pid=72794)[0m tune loss                -0.074789
[2m[36m(trainer pid=72794)[0m tune neg_log_prob        3.944593
[2m[36m(trainer pid=72794)[0m tune neg_log_prob_task   1.008530
[2m[36m(trainer pid=72799)[0m Metrics Epoch 9
[2m[36m(trainer pid=72799)[0m time (seconds)      24.123339
[2m[36m(trainer pid=72799)[0m train loss                -0.071808
[2m[36m(trainer pid=72799)[0m train neg_log_prob        3.799770
[2m[36m(trainer pid=72799)[0m train neg_log_prob_task   1.069756
[2m[36m(trainer pid=72802)[0m Metrics Epoch 9
[2m[36m(trainer pid=72802)[0m time (seconds)      24.243925
[2m[36m(trainer pid=72802)[0m train loss                -0.066065
[2m[36m(trainer pid=72802)[0m train neg_log_prob        3.895727
[2m[36m(trainer pid=72802)[0m train neg_log_prob_task   1.105006
[2m[36m(trainer pid=72799)[0m tune loss                -0.104327
[2m[36m(trainer pid=72799)[0m tune neg_log_prob        3.748083
[2m[36m(trainer pid=72799)[0m tune neg_log_prob_task   0.927592
[2m[36m(trainer pid=72801)[0m Metrics Epoch 9
[2m[36m(trainer pid=72801)[0m time (seconds)      24.566836
[2m[36m(trainer pid=72801)[0m train loss                -0.075193
[2m[36m(trainer pid=72801)[0m train neg_log_prob        3.713082
[2m[36m(trainer pid=72801)[0m train neg_log_prob_task   1.108486
[2m[36m(trainer pid=72802)[0m tune loss                -0.097422
[2m[36m(trainer pid=72802)[0m tune neg_log_prob        3.796361
[2m[36m(trainer pid=72802)[0m tune neg_log_prob_task   0.984495
[2m[36m(trainer pid=72801)[0m tune loss                -0.101025
[2m[36m(trainer pid=72801)[0m tune neg_log_prob        3.661221
[2m[36m(trainer pid=72801)[0m tune neg_log_prob_task   0.944985
[2m[36m(trainer pid=72794)[0m Metrics Epoch 10
[2m[36m(trainer pid=72794)[0m time (seconds)      23.473979
[2m[36m(trainer pid=72794)[0m train loss                -0.064200
[2m[36m(trainer pid=72794)[0m train neg_log_prob        3.989840
[2m[36m(trainer pid=72794)[0m train neg_log_prob_task   1.171400
[2m[36m(trainer pid=72794)[0m tune loss                -0.089942
[2m[36m(trainer pid=72794)[0m tune neg_log_prob        3.857939
[2m[36m(trainer pid=72794)[0m tune neg_log_prob_task   0.964847
[2m[36m(trainer pid=72799)[0m Metrics Epoch 10
[2m[36m(trainer pid=72799)[0m time (seconds)      23.813339
[2m[36m(trainer pid=72799)[0m train loss                -0.076034
[2m[36m(trainer pid=72799)[0m train neg_log_prob        3.740189
[2m[36m(trainer pid=72799)[0m train neg_log_prob_task   1.050410
[2m[36m(trainer pid=72802)[0m Metrics Epoch 10
[2m[36m(trainer pid=72802)[0m time (seconds)      23.869817
[2m[36m(trainer pid=72802)[0m train loss                -0.069517
[2m[36m(trainer pid=72802)[0m train neg_log_prob        3.840918
[2m[36m(trainer pid=72802)[0m train neg_log_prob_task   1.081060
[2m[36m(trainer pid=72794)[0m Metrics Epoch 10
[2m[36m(trainer pid=72794)[0m best loss                -0.089608
[2m[36m(trainer pid=72794)[0m best neg_log_prob        3.859779
[2m[36m(trainer pid=72794)[0m best neg_log_prob_task   0.964130
[2m[36m(trainer pid=72799)[0m tune loss                -0.109290
[2m[36m(trainer pid=72799)[0m tune neg_log_prob        3.694194
[2m[36m(trainer pid=72799)[0m tune neg_log_prob_task   0.927955
[2m[36m(trainer pid=72802)[0m tune loss                -0.102837
[2m[36m(trainer pid=72802)[0m tune neg_log_prob        3.723171
[2m[36m(trainer pid=72802)[0m tune neg_log_prob_task   0.973244
[2m[36m(trainer pid=72801)[0m Metrics Epoch 10
[2m[36m(trainer pid=72801)[0m time (seconds)      24.058215
[2m[36m(trainer pid=72801)[0m train loss                -0.079803
[2m[36m(trainer pid=72801)[0m train neg_log_prob        3.654375
[2m[36m(trainer pid=72801)[0m train neg_log_prob_task   1.080640
[2m[36m(trainer pid=72801)[0m tune loss                -0.105712
[2m[36m(trainer pid=72801)[0m tune neg_log_prob        3.584905
[2m[36m(trainer pid=72801)[0m tune neg_log_prob_task   0.951125
[2m[36m(trainer pid=72799)[0m Metrics Epoch 10
[2m[36m(trainer pid=72799)[0m best loss                -0.108986
[2m[36m(trainer pid=72799)[0m best neg_log_prob        3.696922
[2m[36m(trainer pid=72799)[0m best neg_log_prob_task   0.927884
[2m[36m(trainer pid=72802)[0m Metrics Epoch 10
[2m[36m(trainer pid=72802)[0m best loss                -0.102645
[2m[36m(trainer pid=72802)[0m best neg_log_prob        3.722687
[2m[36m(trainer pid=72802)[0m best neg_log_prob_task   0.977074
[2m[36m(trainer pid=72801)[0m Metrics Epoch 10
[2m[36m(trainer pid=72801)[0m best loss                -0.105313
[2m[36m(trainer pid=72801)[0m best neg_log_prob        3.587296
[2m[36m(trainer pid=72801)[0m best neg_log_prob_task   0.951678
[2m[36m(trainer pid=72794)[0m Metrics Epoch 1
[2m[36m(trainer pid=72794)[0m time (seconds)      8.768126
[2m[36m(trainer pid=72794)[0m train loss                9.251155
[2m[36m(trainer pid=72794)[0m train neg_log_prob        9.506155
[2m[36m(trainer pid=72794)[0m train neg_log_prob_task   2.858181
[2m[36m(trainer pid=72794)[0m tune loss                -0.000337
[2m[36m(trainer pid=72794)[0m tune neg_log_prob        5.712652
[2m[36m(trainer pid=72794)[0m tune neg_log_prob_task   1.944394
[2m[36m(trainer pid=72799)[0m Metrics Epoch 1
[2m[36m(trainer pid=72799)[0m time (seconds)      10.053749
[2m[36m(trainer pid=72799)[0m train loss                8.808248
[2m[36m(trainer pid=72799)[0m train neg_log_prob        9.296858
[2m[36m(trainer pid=72799)[0m train neg_log_prob_task   2.945986
[2m[36m(trainer pid=72799)[0m tune loss                0.001725
[2m[36m(trainer pid=72799)[0m tune neg_log_prob        5.552854
[2m[36m(trainer pid=72799)[0m tune neg_log_prob_task   2.178734
[2m[36m(trainer pid=72794)[0m Metrics Epoch 2
[2m[36m(trainer pid=72794)[0m time (seconds)      19.955294
[2m[36m(trainer pid=72794)[0m train loss                1.256410
[2m[36m(trainer pid=72794)[0m train neg_log_prob        7.234911
[2m[36m(trainer pid=72794)[0m train neg_log_prob_task   2.456890
[2m[36m(trainer pid=72794)[0m tune loss                -0.026227
[2m[36m(trainer pid=72794)[0m tune neg_log_prob        4.709282
[2m[36m(trainer pid=72794)[0m tune neg_log_prob_task   1.337543
[2m[36m(trainer pid=72799)[0m Metrics Epoch 2
[2m[36m(trainer pid=72799)[0m time (seconds)      21.393032
[2m[36m(trainer pid=72799)[0m train loss                0.894377
[2m[36m(trainer pid=72799)[0m train neg_log_prob        6.695817
[2m[36m(trainer pid=72799)[0m train neg_log_prob_task   2.625364
[2m[36m(trainer pid=72799)[0m tune loss                -0.043606
[2m[36m(trainer pid=72799)[0m tune neg_log_prob        4.493189
[2m[36m(trainer pid=72799)[0m tune neg_log_prob_task   1.661158
[2m[36m(trainer pid=72794)[0m Metrics Epoch 3
[2m[36m(trainer pid=72794)[0m time (seconds)      15.646784
[2m[36m(trainer pid=72794)[0m train loss                0.130212
[2m[36m(trainer pid=72794)[0m train neg_log_prob        5.442388
[2m[36m(trainer pid=72794)[0m train neg_log_prob_task   1.738885
[2m[36m(trainer pid=72794)[0m tune loss                -0.038795
[2m[36m(trainer pid=72794)[0m tune neg_log_prob        4.226000
[2m[36m(trainer pid=72794)[0m tune neg_log_prob_task   1.082338
[2m[36m(trainer pid=72799)[0m Metrics Epoch 3
[2m[36m(trainer pid=72799)[0m time (seconds)      16.356823
[2m[36m(trainer pid=72799)[0m train loss                0.032621
[2m[36m(trainer pid=72799)[0m train neg_log_prob        4.840794
[2m[36m(trainer pid=72799)[0m train neg_log_prob_task   2.075827
[2m[36m(trainer pid=72799)[0m tune loss                -0.066583
[2m[36m(trainer pid=72799)[0m tune neg_log_prob        4.264032
[2m[36m(trainer pid=72799)[0m tune neg_log_prob_task   1.076267
[2m[36m(trainer pid=72794)[0m Metrics Epoch 4
[2m[36m(trainer pid=72794)[0m time (seconds)      14.205505
[2m[36m(trainer pid=72794)[0m train loss                -0.010279
[2m[36m(trainer pid=72794)[0m train neg_log_prob        4.468094
[2m[36m(trainer pid=72794)[0m train neg_log_prob_task   1.387208
[2m[36m(trainer pid=72794)[0m tune loss                -0.054566
[2m[36m(trainer pid=72794)[0m tune neg_log_prob        4.116093
[2m[36m(trainer pid=72794)[0m tune neg_log_prob_task   0.981549
[2m[36m(trainer pid=72799)[0m Metrics Epoch 4
[2m[36m(trainer pid=72799)[0m time (seconds)      14.683487
[2m[36m(trainer pid=72799)[0m train loss                -0.036759
[2m[36m(trainer pid=72799)[0m train neg_log_prob        4.330320
[2m[36m(trainer pid=72799)[0m train neg_log_prob_task   1.396325
[2m[36m(trainer pid=72799)[0m tune loss                -0.074610
[2m[36m(trainer pid=72799)[0m tune neg_log_prob        4.120614
[2m[36m(trainer pid=72799)[0m tune neg_log_prob_task   1.023281
[2m[36m(trainer pid=72794)[0m Metrics Epoch 5
[2m[36m(trainer pid=72794)[0m time (seconds)      13.489703
[2m[36m(trainer pid=72794)[0m train loss                -0.039288
[2m[36m(trainer pid=72794)[0m train neg_log_prob        4.184583
[2m[36m(trainer pid=72794)[0m train neg_log_prob_task   1.253502
[2m[36m(trainer pid=72794)[0m tune loss                -0.077745
[2m[36m(trainer pid=72794)[0m tune neg_log_prob        3.985354
[2m[36m(trainer pid=72794)[0m tune neg_log_prob_task   0.994815
[2m[36m(trainer pid=72799)[0m Metrics Epoch 5
[2m[36m(trainer pid=72799)[0m time (seconds)      13.848405
[2m[36m(trainer pid=72799)[0m train loss                -0.051694
[2m[36m(trainer pid=72799)[0m train neg_log_prob        4.145080
[2m[36m(trainer pid=72799)[0m train neg_log_prob_task   1.222816
[2m[36m(trainer pid=72799)[0m tune loss                -0.089623
[2m[36m(trainer pid=72799)[0m tune neg_log_prob        3.976497
[2m[36m(trainer pid=72799)[0m tune neg_log_prob_task   1.015523
[2m[36m(trainer pid=72794)[0m Metrics Epoch 6
[2m[36m(trainer pid=72794)[0m time (seconds)      13.058573
[2m[36m(trainer pid=72794)[0m train loss                -0.055950
[2m[36m(trainer pid=72794)[0m train neg_log_prob        4.034856
[2m[36m(trainer pid=72794)[0m train neg_log_prob_task   1.190530
[2m[36m(trainer pid=72794)[0m tune loss                -0.091599
[2m[36m(trainer pid=72794)[0m tune neg_log_prob        3.865997
[2m[36m(trainer pid=72794)[0m tune neg_log_prob_task   0.999408
[2m[36m(trainer pid=72799)[0m Metrics Epoch 6
[2m[36m(trainer pid=72799)[0m time (seconds)      13.344524
[2m[36m(trainer pid=72799)[0m train loss                -0.060468
[2m[36m(trainer pid=72799)[0m train neg_log_prob        4.009245
[2m[36m(trainer pid=72799)[0m train neg_log_prob_task   1.155906
[2m[36m(trainer pid=72799)[0m tune loss                -0.096061
[2m[36m(trainer pid=72799)[0m tune neg_log_prob        3.906390
[2m[36m(trainer pid=72799)[0m tune neg_log_prob_task   0.952845
[2m[36m(trainer pid=72794)[0m Metrics Epoch 7
[2m[36m(trainer pid=72794)[0m time (seconds)      12.771994
[2m[36m(trainer pid=72794)[0m train loss                -0.063887
[2m[36m(trainer pid=72794)[0m train neg_log_prob        3.935131
[2m[36m(trainer pid=72794)[0m train neg_log_prob_task   1.150058
[2m[36m(trainer pid=72794)[0m tune loss                -0.098947
[2m[36m(trainer pid=72794)[0m tune neg_log_prob        3.781256
[2m[36m(trainer pid=72794)[0m tune neg_log_prob_task   0.975049
[2m[36m(trainer pid=72799)[0m Metrics Epoch 7
[2m[36m(trainer pid=72799)[0m time (seconds)      13.010544
[2m[36m(trainer pid=72799)[0m train loss                -0.067698
[2m[36m(trainer pid=72799)[0m train neg_log_prob        3.911090
[2m[36m(trainer pid=72799)[0m train neg_log_prob_task   1.116214
[2m[36m(trainer pid=72799)[0m tune loss                -0.101858
[2m[36m(trainer pid=72799)[0m tune neg_log_prob        3.835014
[2m[36m(trainer pid=72799)[0m tune neg_log_prob_task   0.955643
[2m[36m(trainer pid=72794)[0m Metrics Epoch 8
[2m[36m(trainer pid=72794)[0m time (seconds)      12.566790
[2m[36m(trainer pid=72794)[0m train loss                -0.069725
[2m[36m(trainer pid=72794)[0m train neg_log_prob        3.855377
[2m[36m(trainer pid=72794)[0m train neg_log_prob_task   1.103061
[2m[36m(trainer pid=72794)[0m tune loss                -0.105545
[2m[36m(trainer pid=72794)[0m tune neg_log_prob        3.721138
[2m[36m(trainer pid=72794)[0m tune neg_log_prob_task   0.929214
[2m[36m(trainer pid=72799)[0m Metrics Epoch 8
[2m[36m(trainer pid=72799)[0m time (seconds)      12.877439
[2m[36m(trainer pid=72799)[0m train loss                -0.072143
[2m[36m(trainer pid=72799)[0m train neg_log_prob        3.838642
[2m[36m(trainer pid=72799)[0m train neg_log_prob_task   1.084739
[2m[36m(trainer pid=72799)[0m tune loss                -0.104985
[2m[36m(trainer pid=72799)[0m tune neg_log_prob        3.772143
[2m[36m(trainer pid=72799)[0m tune neg_log_prob_task   0.902101
[2m[36m(trainer pid=72794)[0m Metrics Epoch 9
[2m[36m(trainer pid=72794)[0m time (seconds)      12.479652
[2m[36m(trainer pid=72794)[0m train loss                -0.074943
[2m[36m(trainer pid=72794)[0m train neg_log_prob        3.784952
[2m[36m(trainer pid=72794)[0m train neg_log_prob_task   1.072825
[2m[36m(trainer pid=72794)[0m tune loss                -0.111608
[2m[36m(trainer pid=72794)[0m tune neg_log_prob        3.672760
[2m[36m(trainer pid=72794)[0m tune neg_log_prob_task   0.922653
[2m[36m(trainer pid=72799)[0m Metrics Epoch 9
[2m[36m(trainer pid=72799)[0m time (seconds)      12.721052
[2m[36m(trainer pid=72799)[0m train loss                -0.076051
[2m[36m(trainer pid=72799)[0m train neg_log_prob        3.773331
[2m[36m(trainer pid=72799)[0m train neg_log_prob_task   1.041862
[2m[36m(trainer pid=72799)[0m tune loss                -0.107461
[2m[36m(trainer pid=72799)[0m tune neg_log_prob        3.700507
[2m[36m(trainer pid=72799)[0m tune neg_log_prob_task   0.927644
[2m[36m(trainer pid=72794)[0m Metrics Epoch 10
[2m[36m(trainer pid=72794)[0m time (seconds)      12.343760
[2m[36m(trainer pid=72794)[0m train loss                -0.079569
[2m[36m(trainer pid=72794)[0m train neg_log_prob        3.733061
[2m[36m(trainer pid=72794)[0m train neg_log_prob_task   1.057570
[2m[36m(trainer pid=72794)[0m tune loss                -0.116848
[2m[36m(trainer pid=72794)[0m tune neg_log_prob        3.594023
[2m[36m(trainer pid=72794)[0m tune neg_log_prob_task   0.887510
[2m[36m(trainer pid=72799)[0m Metrics Epoch 10
[2m[36m(trainer pid=72799)[0m time (seconds)      12.443998
[2m[36m(trainer pid=72799)[0m train loss                -0.078178
[2m[36m(trainer pid=72799)[0m train neg_log_prob        3.724791
[2m[36m(trainer pid=72799)[0m train neg_log_prob_task   1.007489
[2m[36m(trainer pid=72794)[0m Metrics Epoch 10
[2m[36m(trainer pid=72794)[0m best loss                -0.116762
[2m[36m(trainer pid=72794)[0m best neg_log_prob        3.595480
[2m[36m(trainer pid=72794)[0m best neg_log_prob_task   0.889319
[2m[36m(trainer pid=72799)[0m tune loss                -0.111923
[2m[36m(trainer pid=72799)[0m tune neg_log_prob        3.668489
[2m[36m(trainer pid=72799)[0m tune neg_log_prob_task   0.931675
[2m[36m(trainer pid=72799)[0m Metrics Epoch 10
[2m[36m(trainer pid=72799)[0m best loss                -0.112282
[2m[36m(trainer pid=72799)[0m best neg_log_prob        3.665664
[2m[36m(trainer pid=72799)[0m best neg_log_prob_task   0.931641
