Running overcast with high resolution
[2m[36m(pid=53061)[0m 2022-06-09 17:30:55,696 overcast.models.core.AppendedTreatmentAttentionNetwork INFO: Loading saved checkpoint output/jasmin-daily_treatment-MERRA_aod_covariates-MERRA_RH950-MERRA_RH850-MERRA_RH700-MERRA_LTS-MERRA_W500-ERA_sst_outcomes-Cloud_Effective_Radius-Cloud_Optical_Thickness-Cloud_Water_Path_bins-1_bs-True/appended-treatment-transformer/dh-256_nco-24_nct-24_dp-3_nh-4_ns-0.01_bt-0.0_ln-False_dr-0.5_sn-0.0_lr-0.0002_bs-32_ep-10/checkpoints/model-1/mu/best_checkpoint.pt
[2m[36m(pid=53061)[0m 2022-06-09 17:30:56,192 overcast.models.core.AppendedTreatmentAttentionNetwork INFO: Loading saved checkpoint output/jasmin-daily_treatment-MERRA_aod_covariates-MERRA_RH950-MERRA_RH850-MERRA_RH700-MERRA_LTS-MERRA_W500-ERA_sst_outcomes-Cloud_Effective_Radius-Cloud_Optical_Thickness-Cloud_Water_Path_bins-1_bs-True/appended-treatment-transformer/dh-256_nco-24_nct-24_dp-3_nh-4_ns-0.01_bt-0.0_ln-False_dr-0.5_sn-0.0_lr-0.0002_bs-32_ep-10/checkpoints/model-1/mu/best_checkpoint.pt
[2m[36m(pid=53071)[0m 2022-06-09 17:30:56,741 overcast.models.core.AppendedTreatmentAttentionNetwork INFO: Loading saved checkpoint output/jasmin-daily_treatment-MERRA_aod_covariates-MERRA_RH950-MERRA_RH850-MERRA_RH700-MERRA_LTS-MERRA_W500-ERA_sst_outcomes-Cloud_Effective_Radius-Cloud_Optical_Thickness-Cloud_Water_Path_bins-1_bs-True/appended-treatment-transformer/dh-256_nco-24_nct-24_dp-3_nh-4_ns-0.01_bt-0.0_ln-False_dr-0.5_sn-0.0_lr-0.0002_bs-32_ep-10/checkpoints/model-2/mu/best_checkpoint.pt
[2m[36m(pid=53062)[0m 2022-06-09 17:30:56,885 overcast.models.core.AppendedTreatmentAttentionNetwork INFO: Loading saved checkpoint output/jasmin-daily_treatment-MERRA_aod_covariates-MERRA_RH950-MERRA_RH850-MERRA_RH700-MERRA_LTS-MERRA_W500-ERA_sst_outcomes-Cloud_Effective_Radius-Cloud_Optical_Thickness-Cloud_Water_Path_bins-1_bs-True/appended-treatment-transformer/dh-256_nco-24_nct-24_dp-3_nh-4_ns-0.01_bt-0.0_ln-False_dr-0.5_sn-0.0_lr-0.0002_bs-32_ep-10/checkpoints/model-0/mu/best_checkpoint.pt
[2m[36m(pid=53071)[0m 2022-06-09 17:30:57,174 overcast.models.core.AppendedTreatmentAttentionNetwork INFO: Loading saved checkpoint output/jasmin-daily_treatment-MERRA_aod_covariates-MERRA_RH950-MERRA_RH850-MERRA_RH700-MERRA_LTS-MERRA_W500-ERA_sst_outcomes-Cloud_Effective_Radius-Cloud_Optical_Thickness-Cloud_Water_Path_bins-1_bs-True/appended-treatment-transformer/dh-256_nco-24_nct-24_dp-3_nh-4_ns-0.01_bt-0.0_ln-False_dr-0.5_sn-0.0_lr-0.0002_bs-32_ep-10/checkpoints/model-2/mu/best_checkpoint.pt
[2m[36m(pid=53062)[0m 2022-06-09 17:30:57,459 overcast.models.core.AppendedTreatmentAttentionNetwork INFO: Loading saved checkpoint output/jasmin-daily_treatment-MERRA_aod_covariates-MERRA_RH950-MERRA_RH850-MERRA_RH700-MERRA_LTS-MERRA_W500-ERA_sst_outcomes-Cloud_Effective_Radius-Cloud_Optical_Thickness-Cloud_Water_Path_bins-1_bs-True/appended-treatment-transformer/dh-256_nco-24_nct-24_dp-3_nh-4_ns-0.01_bt-0.0_ln-False_dr-0.5_sn-0.0_lr-0.0002_bs-32_ep-10/checkpoints/model-0/mu/best_checkpoint.pt
[2m[36m(pid=53076)[0m 2022-06-09 17:30:59,620 overcast.models.core.AppendedTreatmentAttentionNetwork INFO: Loading saved checkpoint output/jasmin-daily_treatment-MERRA_aod_covariates-MERRA_RH950-MERRA_RH850-MERRA_RH700-MERRA_LTS-MERRA_W500-ERA_sst_outcomes-Cloud_Effective_Radius-Cloud_Optical_Thickness-Cloud_Water_Path_bins-1_bs-True/appended-treatment-transformer/dh-256_nco-24_nct-24_dp-3_nh-4_ns-0.01_bt-0.0_ln-False_dr-0.5_sn-0.0_lr-0.0002_bs-32_ep-10/checkpoints/model-3/mu/best_checkpoint.pt
[2m[36m(pid=53076)[0m 2022-06-09 17:31:00,239 overcast.models.core.AppendedTreatmentAttentionNetwork INFO: Loading saved checkpoint output/jasmin-daily_treatment-MERRA_aod_covariates-MERRA_RH950-MERRA_RH850-MERRA_RH700-MERRA_LTS-MERRA_W500-ERA_sst_outcomes-Cloud_Effective_Radius-Cloud_Optical_Thickness-Cloud_Water_Path_bins-1_bs-True/appended-treatment-transformer/dh-256_nco-24_nct-24_dp-3_nh-4_ns-0.01_bt-0.0_ln-False_dr-0.5_sn-0.0_lr-0.0002_bs-32_ep-10/checkpoints/model-3/mu/best_checkpoint.pt
[2m[36m(pid=53061)[0m 2022-06-09 17:32:07,864 overcast.models.core.AppendedTreatmentAttentionNetwork INFO: Loading saved checkpoint output/jasmin-daily_treatment-MERRA_aod_covariates-MERRA_RH950-MERRA_RH850-MERRA_RH700-MERRA_LTS-MERRA_W500-ERA_sst_outcomes-Cloud_Effective_Radius-Cloud_Optical_Thickness-Cloud_Water_Path_bins-1_bs-True/appended-treatment-transformer/dh-256_nco-24_nct-24_dp-3_nh-4_ns-0.01_bt-0.0_ln-False_dr-0.5_sn-0.0_lr-0.0002_bs-32_ep-10/checkpoints/model-4/mu/best_checkpoint.pt
[2m[36m(pid=53061)[0m 2022-06-09 17:32:08,573 overcast.models.core.AppendedTreatmentAttentionNetwork INFO: Loading saved checkpoint output/jasmin-daily_treatment-MERRA_aod_covariates-MERRA_RH950-MERRA_RH850-MERRA_RH700-MERRA_LTS-MERRA_W500-ERA_sst_outcomes-Cloud_Effective_Radius-Cloud_Optical_Thickness-Cloud_Water_Path_bins-1_bs-True/appended-treatment-transformer/dh-256_nco-24_nct-24_dp-3_nh-4_ns-0.01_bt-0.0_ln-False_dr-0.5_sn-0.0_lr-0.0002_bs-32_ep-10/checkpoints/model-4/mu/best_checkpoint.pt
[2m[36m(pid=53071)[0m 2022-06-09 17:32:11,984 overcast.models.core.AppendedTreatmentAttentionNetwork INFO: Loading saved checkpoint output/jasmin-daily_treatment-MERRA_aod_covariates-MERRA_RH950-MERRA_RH850-MERRA_RH700-MERRA_LTS-MERRA_W500-ERA_sst_outcomes-Cloud_Effective_Radius-Cloud_Optical_Thickness-Cloud_Water_Path_bins-1_bs-True/appended-treatment-transformer/dh-256_nco-24_nct-24_dp-3_nh-4_ns-0.01_bt-0.0_ln-False_dr-0.5_sn-0.0_lr-0.0002_bs-32_ep-10/checkpoints/model-5/mu/best_checkpoint.pt
[2m[36m(pid=53071)[0m 2022-06-09 17:32:12,374 overcast.models.core.AppendedTreatmentAttentionNetwork INFO: Loading saved checkpoint output/jasmin-daily_treatment-MERRA_aod_covariates-MERRA_RH950-MERRA_RH850-MERRA_RH700-MERRA_LTS-MERRA_W500-ERA_sst_outcomes-Cloud_Effective_Radius-Cloud_Optical_Thickness-Cloud_Water_Path_bins-1_bs-True/appended-treatment-transformer/dh-256_nco-24_nct-24_dp-3_nh-4_ns-0.01_bt-0.0_ln-False_dr-0.5_sn-0.0_lr-0.0002_bs-32_ep-10/checkpoints/model-5/mu/best_checkpoint.pt
[2m[36m(pid=53062)[0m 2022-06-09 17:32:12,607 overcast.models.core.AppendedTreatmentAttentionNetwork INFO: Loading saved checkpoint output/jasmin-daily_treatment-MERRA_aod_covariates-MERRA_RH950-MERRA_RH850-MERRA_RH700-MERRA_LTS-MERRA_W500-ERA_sst_outcomes-Cloud_Effective_Radius-Cloud_Optical_Thickness-Cloud_Water_Path_bins-1_bs-True/appended-treatment-transformer/dh-256_nco-24_nct-24_dp-3_nh-4_ns-0.01_bt-0.0_ln-False_dr-0.5_sn-0.0_lr-0.0002_bs-32_ep-10/checkpoints/model-6/mu/best_checkpoint.pt
[2m[36m(pid=53062)[0m 2022-06-09 17:32:13,270 overcast.models.core.AppendedTreatmentAttentionNetwork INFO: Loading saved checkpoint output/jasmin-daily_treatment-MERRA_aod_covariates-MERRA_RH950-MERRA_RH850-MERRA_RH700-MERRA_LTS-MERRA_W500-ERA_sst_outcomes-Cloud_Effective_Radius-Cloud_Optical_Thickness-Cloud_Water_Path_bins-1_bs-True/appended-treatment-transformer/dh-256_nco-24_nct-24_dp-3_nh-4_ns-0.01_bt-0.0_ln-False_dr-0.5_sn-0.0_lr-0.0002_bs-32_ep-10/checkpoints/model-6/mu/best_checkpoint.pt
[2m[36m(pid=53076)[0m 2022-06-09 17:32:15,069 overcast.models.core.AppendedTreatmentAttentionNetwork INFO: Loading saved checkpoint output/jasmin-daily_treatment-MERRA_aod_covariates-MERRA_RH950-MERRA_RH850-MERRA_RH700-MERRA_LTS-MERRA_W500-ERA_sst_outcomes-Cloud_Effective_Radius-Cloud_Optical_Thickness-Cloud_Water_Path_bins-1_bs-True/appended-treatment-transformer/dh-256_nco-24_nct-24_dp-3_nh-4_ns-0.01_bt-0.0_ln-False_dr-0.5_sn-0.0_lr-0.0002_bs-32_ep-10/checkpoints/model-7/mu/best_checkpoint.pt
[2m[36m(pid=53076)[0m 2022-06-09 17:32:15,514 overcast.models.core.AppendedTreatmentAttentionNetwork INFO: Loading saved checkpoint output/jasmin-daily_treatment-MERRA_aod_covariates-MERRA_RH950-MERRA_RH850-MERRA_RH700-MERRA_LTS-MERRA_W500-ERA_sst_outcomes-Cloud_Effective_Radius-Cloud_Optical_Thickness-Cloud_Water_Path_bins-1_bs-True/appended-treatment-transformer/dh-256_nco-24_nct-24_dp-3_nh-4_ns-0.01_bt-0.0_ln-False_dr-0.5_sn-0.0_lr-0.0002_bs-32_ep-10/checkpoints/model-7/mu/best_checkpoint.pt
[2m[36m(pid=53061)[0m 2022-06-09 17:32:55,547 overcast.models.core.AppendedTreatmentAttentionNetwork INFO: Loading saved checkpoint output/jasmin-daily_treatment-MERRA_aod_covariates-MERRA_RH950-MERRA_RH850-MERRA_RH700-MERRA_LTS-MERRA_W500-ERA_sst_outcomes-Cloud_Effective_Radius-Cloud_Optical_Thickness-Cloud_Water_Path_bins-1_bs-True/appended-treatment-transformer/dh-256_nco-24_nct-24_dp-3_nh-4_ns-0.01_bt-0.0_ln-False_dr-0.5_sn-0.0_lr-0.0002_bs-32_ep-10/checkpoints/model-8/mu/best_checkpoint.pt
[2m[36m(pid=53061)[0m 2022-06-09 17:32:56,013 overcast.models.core.AppendedTreatmentAttentionNetwork INFO: Loading saved checkpoint output/jasmin-daily_treatment-MERRA_aod_covariates-MERRA_RH950-MERRA_RH850-MERRA_RH700-MERRA_LTS-MERRA_W500-ERA_sst_outcomes-Cloud_Effective_Radius-Cloud_Optical_Thickness-Cloud_Water_Path_bins-1_bs-True/appended-treatment-transformer/dh-256_nco-24_nct-24_dp-3_nh-4_ns-0.01_bt-0.0_ln-False_dr-0.5_sn-0.0_lr-0.0002_bs-32_ep-10/checkpoints/model-8/mu/best_checkpoint.pt
[2m[36m(pid=53071)[0m 2022-06-09 17:32:58,559 overcast.models.core.AppendedTreatmentAttentionNetwork INFO: Loading saved checkpoint output/jasmin-daily_treatment-MERRA_aod_covariates-MERRA_RH950-MERRA_RH850-MERRA_RH700-MERRA_LTS-MERRA_W500-ERA_sst_outcomes-Cloud_Effective_Radius-Cloud_Optical_Thickness-Cloud_Water_Path_bins-1_bs-True/appended-treatment-transformer/dh-256_nco-24_nct-24_dp-3_nh-4_ns-0.01_bt-0.0_ln-False_dr-0.5_sn-0.0_lr-0.0002_bs-32_ep-10/checkpoints/model-9/mu/best_checkpoint.pt
[2m[36m(pid=53071)[0m 2022-06-09 17:32:58,878 overcast.models.core.AppendedTreatmentAttentionNetwork INFO: Loading saved checkpoint output/jasmin-daily_treatment-MERRA_aod_covariates-MERRA_RH950-MERRA_RH850-MERRA_RH700-MERRA_LTS-MERRA_W500-ERA_sst_outcomes-Cloud_Effective_Radius-Cloud_Optical_Thickness-Cloud_Water_Path_bins-1_bs-True/appended-treatment-transformer/dh-256_nco-24_nct-24_dp-3_nh-4_ns-0.01_bt-0.0_ln-False_dr-0.5_sn-0.0_lr-0.0002_bs-32_ep-10/checkpoints/model-9/mu/best_checkpoint.pt
[2m[36m(trainer pid=53061)[0m MERRA_aod
[2m[36m(trainer pid=53071)[0m MERRA_aod
[2m[36m(trainer pid=53062)[0m MERRA_aod
[2m[36m(trainer pid=53076)[0m MERRA_aod
[2m[36m(trainer pid=53061)[0m MERRA_aod
[2m[36m(trainer pid=53071)[0m MERRA_aod
[2m[36m(trainer pid=53062)[0m MERRA_aod
[2m[36m(trainer pid=53076)[0m MERRA_aod
[2m[36m(trainer pid=53061)[0m Metrics Epoch 1
[2m[36m(trainer pid=53061)[0m time (seconds)      3.957007
[2m[36m(trainer pid=53061)[0m train loss                10.576881
[2m[36m(trainer pid=53061)[0m train neg_log_prob        9.866212
[2m[36m(trainer pid=53061)[0m train neg_log_prob_task   3.922655
[2m[36m(trainer pid=53061)[0m tune loss                0.038581
[2m[36m(trainer pid=53061)[0m tune neg_log_prob        4.902277
[2m[36m(trainer pid=53061)[0m tune neg_log_prob_task   2.384472
[2m[36m(trainer pid=53071)[0m Metrics Epoch 1
[2m[36m(trainer pid=53071)[0m time (seconds)      4.321309
[2m[36m(trainer pid=53071)[0m train loss                11.423292
[2m[36m(trainer pid=53071)[0m train neg_log_prob        9.804227
[2m[36m(trainer pid=53071)[0m train neg_log_prob_task   3.782937
[2m[36m(trainer pid=53062)[0m Metrics Epoch 1
[2m[36m(trainer pid=53062)[0m time (seconds)      4.569983
[2m[36m(trainer pid=53062)[0m train loss                9.030200
[2m[36m(trainer pid=53062)[0m train neg_log_prob        9.599962
[2m[36m(trainer pid=53062)[0m train neg_log_prob_task   3.892383
[2m[36m(trainer pid=53071)[0m tune loss                0.012995
[2m[36m(trainer pid=53071)[0m tune neg_log_prob        4.900287
[2m[36m(trainer pid=53071)[0m tune neg_log_prob_task   2.271176
[2m[36m(trainer pid=53062)[0m tune loss                0.048554
[2m[36m(trainer pid=53062)[0m tune neg_log_prob        4.863349
[2m[36m(trainer pid=53062)[0m tune neg_log_prob_task   2.382262
[2m[36m(trainer pid=53061)[0m Metrics Epoch 2
[2m[36m(trainer pid=53061)[0m time (seconds)      8.365271
[2m[36m(trainer pid=53061)[0m train loss                6.558561
[2m[36m(trainer pid=53061)[0m train neg_log_prob        8.678319
[2m[36m(trainer pid=53061)[0m train neg_log_prob_task   3.533426
[2m[36m(trainer pid=53061)[0m tune loss                0.008625
[2m[36m(trainer pid=53061)[0m tune neg_log_prob        4.379580
[2m[36m(trainer pid=53061)[0m tune neg_log_prob_task   2.304218
[2m[36m(trainer pid=53071)[0m Metrics Epoch 2
[2m[36m(trainer pid=53071)[0m time (seconds)      9.055465
[2m[36m(trainer pid=53071)[0m train loss                8.428718
[2m[36m(trainer pid=53071)[0m train neg_log_prob        8.873015
[2m[36m(trainer pid=53071)[0m train neg_log_prob_task   3.511561
[2m[36m(trainer pid=53062)[0m Metrics Epoch 2
[2m[36m(trainer pid=53062)[0m time (seconds)      9.409207
[2m[36m(trainer pid=53062)[0m train loss                6.784958
[2m[36m(trainer pid=53062)[0m train neg_log_prob        8.626638
[2m[36m(trainer pid=53062)[0m train neg_log_prob_task   3.480307
[2m[36m(trainer pid=53071)[0m tune loss                0.008694
[2m[36m(trainer pid=53071)[0m tune neg_log_prob        4.466785
[2m[36m(trainer pid=53071)[0m tune neg_log_prob_task   2.359522
[2m[36m(trainer pid=53062)[0m tune loss                0.023222
[2m[36m(trainer pid=53062)[0m tune neg_log_prob        4.424789
[2m[36m(trainer pid=53062)[0m tune neg_log_prob_task   2.243702
[2m[36m(trainer pid=53076)[0m Metrics Epoch 1
[2m[36m(trainer pid=53076)[0m time (seconds)      5.994319
[2m[36m(trainer pid=53076)[0m train loss                9.224630
[2m[36m(trainer pid=53076)[0m train neg_log_prob        9.409422
[2m[36m(trainer pid=53076)[0m train neg_log_prob_task   3.849268
[2m[36m(trainer pid=53076)[0m tune loss                0.016078
[2m[36m(trainer pid=53076)[0m tune neg_log_prob        4.712300
[2m[36m(trainer pid=53076)[0m tune neg_log_prob_task   2.389116
[2m[36m(trainer pid=53061)[0m Metrics Epoch 3
[2m[36m(trainer pid=53061)[0m time (seconds)      6.901294
[2m[36m(trainer pid=53061)[0m train loss                3.439820
[2m[36m(trainer pid=53061)[0m train neg_log_prob        7.780671
[2m[36m(trainer pid=53061)[0m train neg_log_prob_task   3.468652
[2m[36m(trainer pid=53061)[0m tune loss                0.011920
[2m[36m(trainer pid=53061)[0m tune neg_log_prob        4.101158
[2m[36m(trainer pid=53061)[0m tune neg_log_prob_task   2.247483
[2m[36m(trainer pid=53071)[0m Metrics Epoch 3
[2m[36m(trainer pid=53071)[0m time (seconds)      7.281962
[2m[36m(trainer pid=53071)[0m train loss                4.130405
[2m[36m(trainer pid=53071)[0m train neg_log_prob        7.950693
[2m[36m(trainer pid=53071)[0m train neg_log_prob_task   3.410536
[2m[36m(trainer pid=53062)[0m Metrics Epoch 3
[2m[36m(trainer pid=53062)[0m time (seconds)      7.442628
[2m[36m(trainer pid=53062)[0m train loss                3.765761
[2m[36m(trainer pid=53062)[0m train neg_log_prob        7.894766
[2m[36m(trainer pid=53062)[0m train neg_log_prob_task   3.431052
[2m[36m(trainer pid=53071)[0m tune loss                0.008142
[2m[36m(trainer pid=53071)[0m tune neg_log_prob        4.209095
[2m[36m(trainer pid=53071)[0m tune neg_log_prob_task   2.272631
[2m[36m(trainer pid=53062)[0m tune loss                0.019549
[2m[36m(trainer pid=53062)[0m tune neg_log_prob        4.252695
[2m[36m(trainer pid=53062)[0m tune neg_log_prob_task   2.244718
[2m[36m(trainer pid=53076)[0m Metrics Epoch 2
[2m[36m(trainer pid=53076)[0m time (seconds)      11.424309
[2m[36m(trainer pid=53076)[0m train loss                5.418487
[2m[36m(trainer pid=53076)[0m train neg_log_prob        8.174390
[2m[36m(trainer pid=53076)[0m train neg_log_prob_task   3.498405
[2m[36m(trainer pid=53076)[0m tune loss                -0.005055
[2m[36m(trainer pid=53076)[0m tune neg_log_prob        4.218949
[2m[36m(trainer pid=53076)[0m tune neg_log_prob_task   2.289143
[2m[36m(trainer pid=53061)[0m Metrics Epoch 4
[2m[36m(trainer pid=53061)[0m time (seconds)      6.436656
[2m[36m(trainer pid=53061)[0m train loss                1.459198
[2m[36m(trainer pid=53061)[0m train neg_log_prob        6.814832
[2m[36m(trainer pid=53061)[0m train neg_log_prob_task   3.331256
[2m[36m(trainer pid=53061)[0m tune loss                0.010833
[2m[36m(trainer pid=53061)[0m tune neg_log_prob        3.976160
[2m[36m(trainer pid=53061)[0m tune neg_log_prob_task   2.160772
[2m[36m(trainer pid=53071)[0m Metrics Epoch 4
[2m[36m(trainer pid=53071)[0m time (seconds)      6.692033
[2m[36m(trainer pid=53071)[0m train loss                2.099863
[2m[36m(trainer pid=53071)[0m train neg_log_prob        7.137182
[2m[36m(trainer pid=53071)[0m train neg_log_prob_task   3.307029
[2m[36m(trainer pid=53062)[0m Metrics Epoch 4
[2m[36m(trainer pid=53062)[0m time (seconds)      6.778237
[2m[36m(trainer pid=53062)[0m train loss                2.533542
[2m[36m(trainer pid=53062)[0m train neg_log_prob        7.364379
[2m[36m(trainer pid=53062)[0m train neg_log_prob_task   3.384060
[2m[36m(trainer pid=53071)[0m tune loss                0.001599
[2m[36m(trainer pid=53071)[0m tune neg_log_prob        4.015835
[2m[36m(trainer pid=53071)[0m tune neg_log_prob_task   2.205443
[2m[36m(trainer pid=53062)[0m tune loss                0.013306
[2m[36m(trainer pid=53062)[0m tune neg_log_prob        4.071089
[2m[36m(trainer pid=53062)[0m tune neg_log_prob_task   2.213150
[2m[36m(trainer pid=53076)[0m Metrics Epoch 3
[2m[36m(trainer pid=53076)[0m time (seconds)      8.451376
[2m[36m(trainer pid=53076)[0m train loss                2.166928
[2m[36m(trainer pid=53076)[0m train neg_log_prob        7.046271
[2m[36m(trainer pid=53076)[0m train neg_log_prob_task   3.372909
[2m[36m(trainer pid=53076)[0m tune loss                -0.000221
[2m[36m(trainer pid=53076)[0m tune neg_log_prob        4.013807
[2m[36m(trainer pid=53076)[0m tune neg_log_prob_task   2.172870
[2m[36m(trainer pid=53061)[0m Metrics Epoch 5
[2m[36m(trainer pid=53061)[0m time (seconds)      6.189049
[2m[36m(trainer pid=53061)[0m train loss                0.703410
[2m[36m(trainer pid=53061)[0m train neg_log_prob        6.103369
[2m[36m(trainer pid=53061)[0m train neg_log_prob_task   3.234071
[2m[36m(trainer pid=53061)[0m tune loss                0.004862
[2m[36m(trainer pid=53061)[0m tune neg_log_prob        3.942855
[2m[36m(trainer pid=53061)[0m tune neg_log_prob_task   2.122768
[2m[36m(trainer pid=53071)[0m Metrics Epoch 5
[2m[36m(trainer pid=53071)[0m time (seconds)      6.412887
[2m[36m(trainer pid=53071)[0m train loss                1.182605
[2m[36m(trainer pid=53071)[0m train neg_log_prob        6.541394
[2m[36m(trainer pid=53071)[0m train neg_log_prob_task   3.234506
[2m[36m(trainer pid=53062)[0m Metrics Epoch 5
[2m[36m(trainer pid=53062)[0m time (seconds)      6.460826
[2m[36m(trainer pid=53062)[0m train loss                1.332770
[2m[36m(trainer pid=53062)[0m train neg_log_prob        6.617769
[2m[36m(trainer pid=53062)[0m train neg_log_prob_task   3.279380
[2m[36m(trainer pid=53071)[0m tune loss                0.000212
[2m[36m(trainer pid=53071)[0m tune neg_log_prob        3.965773
[2m[36m(trainer pid=53071)[0m tune neg_log_prob_task   2.115954
[2m[36m(trainer pid=53062)[0m tune loss                0.011990
[2m[36m(trainer pid=53062)[0m tune neg_log_prob        3.959541
[2m[36m(trainer pid=53062)[0m tune neg_log_prob_task   2.106224
[2m[36m(trainer pid=53076)[0m Metrics Epoch 4
[2m[36m(trainer pid=53076)[0m time (seconds)      7.448645
[2m[36m(trainer pid=53076)[0m train loss                0.859373
[2m[36m(trainer pid=53076)[0m train neg_log_prob        6.108875
[2m[36m(trainer pid=53076)[0m train neg_log_prob_task   3.273999
[2m[36m(trainer pid=53076)[0m tune loss                -0.001253
[2m[36m(trainer pid=53076)[0m tune neg_log_prob        3.928372
[2m[36m(trainer pid=53076)[0m tune neg_log_prob_task   2.089025
[2m[36m(trainer pid=53061)[0m Metrics Epoch 6
[2m[36m(trainer pid=53061)[0m time (seconds)      6.039078
[2m[36m(trainer pid=53061)[0m train loss                0.309840
[2m[36m(trainer pid=53061)[0m train neg_log_prob        5.426068
[2m[36m(trainer pid=53061)[0m train neg_log_prob_task   3.080977
[2m[36m(trainer pid=53061)[0m tune loss                0.002269
[2m[36m(trainer pid=53061)[0m tune neg_log_prob        3.959138
[2m[36m(trainer pid=53061)[0m tune neg_log_prob_task   2.035779
[2m[36m(trainer pid=53071)[0m Metrics Epoch 6
[2m[36m(trainer pid=53071)[0m time (seconds)      6.231035
[2m[36m(trainer pid=53071)[0m train loss                0.647745
[2m[36m(trainer pid=53071)[0m train neg_log_prob        6.005069
[2m[36m(trainer pid=53071)[0m train neg_log_prob_task   3.141882
[2m[36m(trainer pid=53062)[0m Metrics Epoch 6
[2m[36m(trainer pid=53062)[0m time (seconds)      6.269585
[2m[36m(trainer pid=53062)[0m train loss                0.702587
[2m[36m(trainer pid=53062)[0m train neg_log_prob        6.008962
[2m[36m(trainer pid=53062)[0m train neg_log_prob_task   3.120479
[2m[36m(trainer pid=53071)[0m tune loss                -0.000981
[2m[36m(trainer pid=53071)[0m tune neg_log_prob        3.926688
[2m[36m(trainer pid=53071)[0m tune neg_log_prob_task   2.030440
[2m[36m(trainer pid=53062)[0m tune loss                0.007940
[2m[36m(trainer pid=53062)[0m tune neg_log_prob        3.946122
[2m[36m(trainer pid=53062)[0m tune neg_log_prob_task   1.976427
[2m[36m(trainer pid=53076)[0m Metrics Epoch 5
[2m[36m(trainer pid=53076)[0m time (seconds)      6.957827
[2m[36m(trainer pid=53076)[0m train loss                0.366633
[2m[36m(trainer pid=53076)[0m train neg_log_prob        5.391245
[2m[36m(trainer pid=53076)[0m train neg_log_prob_task   3.171070
[2m[36m(trainer pid=53076)[0m tune loss                -0.001042
[2m[36m(trainer pid=53076)[0m tune neg_log_prob        3.917199
[2m[36m(trainer pid=53076)[0m tune neg_log_prob_task   2.024810
[2m[36m(trainer pid=53061)[0m Metrics Epoch 7
[2m[36m(trainer pid=53061)[0m time (seconds)      5.939255
[2m[36m(trainer pid=53061)[0m train loss                0.210187
[2m[36m(trainer pid=53061)[0m train neg_log_prob        5.155637
[2m[36m(trainer pid=53061)[0m train neg_log_prob_task   2.992505
[2m[36m(trainer pid=53061)[0m tune loss                0.000177
[2m[36m(trainer pid=53061)[0m tune neg_log_prob        3.936511
[2m[36m(trainer pid=53061)[0m tune neg_log_prob_task   1.947645
[2m[36m(trainer pid=53071)[0m Metrics Epoch 7
[2m[36m(trainer pid=53071)[0m time (seconds)      6.103021
[2m[36m(trainer pid=53071)[0m train loss                0.353883
[2m[36m(trainer pid=53071)[0m train neg_log_prob        5.504325
[2m[36m(trainer pid=53071)[0m train neg_log_prob_task   3.026742
[2m[36m(trainer pid=53062)[0m Metrics Epoch 7
[2m[36m(trainer pid=53062)[0m time (seconds)      6.138277
[2m[36m(trainer pid=53062)[0m train loss                0.373254
[2m[36m(trainer pid=53062)[0m train neg_log_prob        5.498886
[2m[36m(trainer pid=53062)[0m train neg_log_prob_task   2.945261
[2m[36m(trainer pid=53071)[0m tune loss                -0.000548
[2m[36m(trainer pid=53071)[0m tune neg_log_prob        3.934675
[2m[36m(trainer pid=53071)[0m tune neg_log_prob_task   1.947271
[2m[36m(trainer pid=53062)[0m tune loss                0.005366
[2m[36m(trainer pid=53062)[0m tune neg_log_prob        3.924278
[2m[36m(trainer pid=53062)[0m tune neg_log_prob_task   1.851914
[2m[36m(trainer pid=53076)[0m Metrics Epoch 6
[2m[36m(trainer pid=53076)[0m time (seconds)      6.668047
[2m[36m(trainer pid=53076)[0m train loss                0.166467
[2m[36m(trainer pid=53076)[0m train neg_log_prob        4.837374
[2m[36m(trainer pid=53076)[0m train neg_log_prob_task   3.057667
[2m[36m(trainer pid=53076)[0m tune loss                -0.000711
[2m[36m(trainer pid=53076)[0m tune neg_log_prob        3.940015
[2m[36m(trainer pid=53076)[0m tune neg_log_prob_task   1.957092
[2m[36m(trainer pid=53061)[0m Metrics Epoch 8
[2m[36m(trainer pid=53061)[0m time (seconds)      5.871340
[2m[36m(trainer pid=53061)[0m train loss                0.110973
[2m[36m(trainer pid=53061)[0m train neg_log_prob        4.771721
[2m[36m(trainer pid=53061)[0m train neg_log_prob_task   2.830460
[2m[36m(trainer pid=53061)[0m tune loss                -0.000371
[2m[36m(trainer pid=53061)[0m tune neg_log_prob        3.899326
[2m[36m(trainer pid=53061)[0m tune neg_log_prob_task   1.839627
[2m[36m(trainer pid=53071)[0m Metrics Epoch 8
[2m[36m(trainer pid=53071)[0m time (seconds)      6.007145
[2m[36m(trainer pid=53071)[0m train loss                0.207395
[2m[36m(trainer pid=53071)[0m train neg_log_prob        5.112928
[2m[36m(trainer pid=53071)[0m train neg_log_prob_task   2.860905
[2m[36m(trainer pid=53062)[0m Metrics Epoch 8
[2m[36m(trainer pid=53062)[0m time (seconds)      6.050589
[2m[36m(trainer pid=53062)[0m train loss                0.229931
[2m[36m(trainer pid=53062)[0m train neg_log_prob        5.138430
[2m[36m(trainer pid=53062)[0m train neg_log_prob_task   2.752597
[2m[36m(trainer pid=53071)[0m tune loss                -0.000494
[2m[36m(trainer pid=53071)[0m tune neg_log_prob        3.958029
[2m[36m(trainer pid=53071)[0m tune neg_log_prob_task   1.809225
[2m[36m(trainer pid=53062)[0m tune loss                0.003116
[2m[36m(trainer pid=53062)[0m tune neg_log_prob        3.947077
[2m[36m(trainer pid=53062)[0m tune neg_log_prob_task   1.743012
[2m[36m(trainer pid=53076)[0m Metrics Epoch 7
[2m[36m(trainer pid=53076)[0m time (seconds)      6.472824
[2m[36m(trainer pid=53076)[0m train loss                0.090088
[2m[36m(trainer pid=53076)[0m train neg_log_prob        4.515401
[2m[36m(trainer pid=53076)[0m train neg_log_prob_task   2.973302
[2m[36m(trainer pid=53076)[0m tune loss                0.000109
[2m[36m(trainer pid=53076)[0m tune neg_log_prob        3.927170
[2m[36m(trainer pid=53076)[0m tune neg_log_prob_task   1.868216
[2m[36m(trainer pid=53061)[0m Metrics Epoch 9
[2m[36m(trainer pid=53061)[0m time (seconds)      5.815853
[2m[36m(trainer pid=53061)[0m train loss                0.067544
[2m[36m(trainer pid=53061)[0m train neg_log_prob        4.422922
[2m[36m(trainer pid=53061)[0m train neg_log_prob_task   2.596750
[2m[36m(trainer pid=53061)[0m tune loss                -0.001944
[2m[36m(trainer pid=53061)[0m tune neg_log_prob        3.862977
[2m[36m(trainer pid=53061)[0m tune neg_log_prob_task   1.697284
[2m[36m(trainer pid=53071)[0m Metrics Epoch 9
[2m[36m(trainer pid=53071)[0m time (seconds)      5.938482
[2m[36m(trainer pid=53071)[0m train loss                0.128094
[2m[36m(trainer pid=53071)[0m train neg_log_prob        4.835588
[2m[36m(trainer pid=53071)[0m train neg_log_prob_task   2.692548
[2m[36m(trainer pid=53062)[0m Metrics Epoch 9
[2m[36m(trainer pid=53062)[0m time (seconds)      5.978828
[2m[36m(trainer pid=53062)[0m train loss                0.151993
[2m[36m(trainer pid=53062)[0m train neg_log_prob        4.806818
[2m[36m(trainer pid=53062)[0m train neg_log_prob_task   2.492071
[2m[36m(trainer pid=53071)[0m tune loss                -0.001690
[2m[36m(trainer pid=53071)[0m tune neg_log_prob        3.950561
[2m[36m(trainer pid=53071)[0m tune neg_log_prob_task   1.741757
[2m[36m(trainer pid=53062)[0m tune loss                0.002131
[2m[36m(trainer pid=53062)[0m tune neg_log_prob        3.906884
[2m[36m(trainer pid=53062)[0m tune neg_log_prob_task   1.634746
[2m[36m(trainer pid=53076)[0m Metrics Epoch 8
[2m[36m(trainer pid=53076)[0m time (seconds)      6.343297
[2m[36m(trainer pid=53076)[0m train loss                0.055344
[2m[36m(trainer pid=53076)[0m train neg_log_prob        4.222512
[2m[36m(trainer pid=53076)[0m train neg_log_prob_task   2.829203
[2m[36m(trainer pid=53076)[0m tune loss                -0.000853
[2m[36m(trainer pid=53076)[0m tune neg_log_prob        3.839463
[2m[36m(trainer pid=53076)[0m tune neg_log_prob_task   1.794675
[2m[36m(trainer pid=53061)[0m Metrics Epoch 10
[2m[36m(trainer pid=53061)[0m time (seconds)      5.773186
[2m[36m(trainer pid=53061)[0m train loss                0.044459
[2m[36m(trainer pid=53061)[0m train neg_log_prob        4.131620
[2m[36m(trainer pid=53061)[0m train neg_log_prob_task   2.359611
[2m[36m(trainer pid=53061)[0m tune loss                -0.001926
[2m[36m(trainer pid=53061)[0m tune neg_log_prob        3.709885
[2m[36m(trainer pid=53061)[0m tune neg_log_prob_task   1.610900
[2m[36m(trainer pid=53071)[0m Metrics Epoch 10
[2m[36m(trainer pid=53071)[0m time (seconds)      5.872290
[2m[36m(trainer pid=53071)[0m train loss                0.088471
[2m[36m(trainer pid=53071)[0m train neg_log_prob        4.569837
[2m[36m(trainer pid=53071)[0m train neg_log_prob_task   2.479486
[2m[36m(trainer pid=53062)[0m Metrics Epoch 10
[2m[36m(trainer pid=53062)[0m time (seconds)      5.895952
[2m[36m(trainer pid=53062)[0m train loss                0.105103
[2m[36m(trainer pid=53062)[0m train neg_log_prob        4.522371
[2m[36m(trainer pid=53062)[0m train neg_log_prob_task   2.198240
[2m[36m(trainer pid=53071)[0m tune loss                -0.002597
[2m[36m(trainer pid=53071)[0m tune neg_log_prob        3.894415
[2m[36m(trainer pid=53071)[0m tune neg_log_prob_task   1.667524
[2m[36m(trainer pid=53062)[0m tune loss                0.000931
[2m[36m(trainer pid=53062)[0m tune neg_log_prob        3.855777
[2m[36m(trainer pid=53062)[0m tune neg_log_prob_task   1.572967
[2m[36m(trainer pid=53076)[0m Metrics Epoch 9
[2m[36m(trainer pid=53076)[0m time (seconds)      6.016776
[2m[36m(trainer pid=53076)[0m train loss                0.037929
[2m[36m(trainer pid=53076)[0m train neg_log_prob        3.918878
[2m[36m(trainer pid=53076)[0m train neg_log_prob_task   2.668467
[2m[36m(trainer pid=53061)[0m Metrics Epoch 9
[2m[36m(trainer pid=53061)[0m best loss                -0.001907
[2m[36m(trainer pid=53061)[0m best neg_log_prob        3.859000
[2m[36m(trainer pid=53061)[0m best neg_log_prob_task   1.696024
[2m[36m(trainer pid=53076)[0m tune loss                -0.000456
[2m[36m(trainer pid=53076)[0m tune neg_log_prob        3.657119
[2m[36m(trainer pid=53076)[0m tune neg_log_prob_task   1.725768
[2m[36m(trainer pid=53071)[0m Metrics Epoch 10
[2m[36m(trainer pid=53071)[0m best loss                -0.001854
[2m[36m(trainer pid=53071)[0m best neg_log_prob        3.911985
[2m[36m(trainer pid=53071)[0m best neg_log_prob_task   1.667017
[2m[36m(trainer pid=53062)[0m Metrics Epoch 10
[2m[36m(trainer pid=53062)[0m best loss                0.001203
[2m[36m(trainer pid=53062)[0m best neg_log_prob        3.856139
[2m[36m(trainer pid=53062)[0m best neg_log_prob_task   1.572842
[2m[36m(trainer pid=53076)[0m Metrics Epoch 10
[2m[36m(trainer pid=53076)[0m time (seconds)      5.576571
[2m[36m(trainer pid=53076)[0m train loss                0.023003
[2m[36m(trainer pid=53076)[0m train neg_log_prob        3.583481
[2m[36m(trainer pid=53076)[0m train neg_log_prob_task   2.460047
[2m[36m(trainer pid=53076)[0m tune loss                -0.000200
[2m[36m(trainer pid=53076)[0m tune neg_log_prob        3.507119
[2m[36m(trainer pid=53076)[0m tune neg_log_prob_task   1.630308
[2m[36m(trainer pid=53076)[0m Metrics Epoch 2
[2m[36m(trainer pid=53076)[0m best loss                -0.005525
[2m[36m(trainer pid=53076)[0m best neg_log_prob        4.226375
[2m[36m(trainer pid=53076)[0m best neg_log_prob_task   2.295903
[2m[36m(trainer pid=53061)[0m MERRA_aod
[2m[36m(trainer pid=53071)[0m MERRA_aod
[2m[36m(trainer pid=53062)[0m MERRA_aod
[2m[36m(trainer pid=53076)[0m MERRA_aod
[2m[36m(trainer pid=53061)[0m MERRA_aod
[2m[36m(trainer pid=53071)[0m MERRA_aod
[2m[36m(trainer pid=53062)[0m MERRA_aod
[2m[36m(trainer pid=53061)[0m Metrics Epoch 1
[2m[36m(trainer pid=53061)[0m time (seconds)      1.712330
[2m[36m(trainer pid=53061)[0m train loss                8.415957
[2m[36m(trainer pid=53061)[0m train neg_log_prob        9.292309
[2m[36m(trainer pid=53061)[0m train neg_log_prob_task   3.728177
[2m[36m(trainer pid=53061)[0m tune loss                0.025421
[2m[36m(trainer pid=53061)[0m tune neg_log_prob        4.579028
[2m[36m(trainer pid=53061)[0m tune neg_log_prob_task   2.296352
[2m[36m(trainer pid=53071)[0m Metrics Epoch 1
[2m[36m(trainer pid=53071)[0m time (seconds)      3.601723
[2m[36m(trainer pid=53071)[0m train loss                9.396544
[2m[36m(trainer pid=53071)[0m train neg_log_prob        9.550610
[2m[36m(trainer pid=53071)[0m train neg_log_prob_task   3.797089
[2m[36m(trainer pid=53061)[0m Metrics Epoch 2
[2m[36m(trainer pid=53061)[0m time (seconds)      5.686829
[2m[36m(trainer pid=53061)[0m train loss                5.147258
[2m[36m(trainer pid=53061)[0m train neg_log_prob        8.256081
[2m[36m(trainer pid=53061)[0m train neg_log_prob_task   3.469593
[2m[36m(trainer pid=53062)[0m Metrics Epoch 1
[2m[36m(trainer pid=53062)[0m time (seconds)      3.525019
[2m[36m(trainer pid=53062)[0m train loss                8.782141
[2m[36m(trainer pid=53062)[0m train neg_log_prob        9.466030
[2m[36m(trainer pid=53062)[0m train neg_log_prob_task   3.734121
[2m[36m(trainer pid=53071)[0m tune loss                0.008187
[2m[36m(trainer pid=53071)[0m tune neg_log_prob        4.678636
[2m[36m(trainer pid=53071)[0m tune neg_log_prob_task   2.327437
[2m[36m(trainer pid=53061)[0m tune loss                0.013547
[2m[36m(trainer pid=53061)[0m tune neg_log_prob        4.239201
[2m[36m(trainer pid=53061)[0m tune neg_log_prob_task   2.226819
[2m[36m(trainer pid=53062)[0m tune loss                0.013395
[2m[36m(trainer pid=53062)[0m tune neg_log_prob        4.626638
[2m[36m(trainer pid=53062)[0m tune neg_log_prob_task   2.169360
[2m[36m(trainer pid=53076)[0m MERRA_aod
[2m[36m(trainer pid=53071)[0m Metrics Epoch 2
[2m[36m(trainer pid=53071)[0m time (seconds)      8.288444
[2m[36m(trainer pid=53071)[0m train loss                4.321436
[2m[36m(trainer pid=53071)[0m train neg_log_prob        7.963027
[2m[36m(trainer pid=53071)[0m train neg_log_prob_task   3.398500
[2m[36m(trainer pid=53061)[0m Metrics Epoch 3
[2m[36m(trainer pid=53061)[0m time (seconds)      5.254926
[2m[36m(trainer pid=53061)[0m train loss                2.732503
[2m[36m(trainer pid=53061)[0m train neg_log_prob        7.485325
[2m[36m(trainer pid=53061)[0m train neg_log_prob_task   3.437749
[2m[36m(trainer pid=53071)[0m tune loss                0.005462
[2m[36m(trainer pid=53071)[0m tune neg_log_prob        4.149147
[2m[36m(trainer pid=53071)[0m tune neg_log_prob_task   2.219376
[2m[36m(trainer pid=53062)[0m Metrics Epoch 2
[2m[36m(trainer pid=53062)[0m time (seconds)      8.566719
[2m[36m(trainer pid=53062)[0m train loss                4.689779
[2m[36m(trainer pid=53062)[0m train neg_log_prob        8.135372
[2m[36m(trainer pid=53062)[0m train neg_log_prob_task   3.454640
[2m[36m(trainer pid=53061)[0m tune loss                0.007289
[2m[36m(trainer pid=53061)[0m tune neg_log_prob        4.088274
[2m[36m(trainer pid=53061)[0m tune neg_log_prob_task   2.204489
[2m[36m(trainer pid=53062)[0m tune loss                0.005419
[2m[36m(trainer pid=53062)[0m tune neg_log_prob        4.155071
[2m[36m(trainer pid=53062)[0m tune neg_log_prob_task   2.253874
[2m[36m(trainer pid=53076)[0m Metrics Epoch 1
[2m[36m(trainer pid=53076)[0m time (seconds)      4.741677
[2m[36m(trainer pid=53076)[0m train loss                11.054998
[2m[36m(trainer pid=53076)[0m train neg_log_prob        9.574225
[2m[36m(trainer pid=53076)[0m train neg_log_prob_task   3.784554
[2m[36m(trainer pid=53076)[0m tune loss                0.022131
[2m[36m(trainer pid=53076)[0m tune neg_log_prob        4.775829
[2m[36m(trainer pid=53076)[0m tune neg_log_prob_task   2.321949
[2m[36m(trainer pid=53071)[0m Metrics Epoch 3
[2m[36m(trainer pid=53071)[0m time (seconds)      6.888384
[2m[36m(trainer pid=53071)[0m train loss                1.620130
[2m[36m(trainer pid=53071)[0m train neg_log_prob        6.873456
[2m[36m(trainer pid=53071)[0m train neg_log_prob_task   3.352119
[2m[36m(trainer pid=53061)[0m Metrics Epoch 4
[2m[36m(trainer pid=53061)[0m time (seconds)      5.312129
[2m[36m(trainer pid=53061)[0m train loss                1.301651
[2m[36m(trainer pid=53061)[0m train neg_log_prob        6.682508
[2m[36m(trainer pid=53061)[0m train neg_log_prob_task   3.355450
[2m[36m(trainer pid=53071)[0m tune loss                0.002306
[2m[36m(trainer pid=53071)[0m tune neg_log_prob        4.019245
[2m[36m(trainer pid=53071)[0m tune neg_log_prob_task   2.196275
[2m[36m(trainer pid=53061)[0m tune loss                0.007060
[2m[36m(trainer pid=53061)[0m tune neg_log_prob        3.966118
[2m[36m(trainer pid=53061)[0m tune neg_log_prob_task   2.161617
[2m[36m(trainer pid=53062)[0m Metrics Epoch 3
[2m[36m(trainer pid=53062)[0m time (seconds)      7.076781
[2m[36m(trainer pid=53062)[0m train loss                1.878558
[2m[36m(trainer pid=53062)[0m train neg_log_prob        7.056069
[2m[36m(trainer pid=53062)[0m train neg_log_prob_task   3.372250
[2m[36m(trainer pid=53062)[0m tune loss                -0.000152
[2m[36m(trainer pid=53062)[0m tune neg_log_prob        4.009203
[2m[36m(trainer pid=53062)[0m tune neg_log_prob_task   2.281137
[2m[36m(trainer pid=53076)[0m Metrics Epoch 2
[2m[36m(trainer pid=53076)[0m time (seconds)      10.226906
[2m[36m(trainer pid=53076)[0m train loss                6.471230
[2m[36m(trainer pid=53076)[0m train neg_log_prob        8.392871
[2m[36m(trainer pid=53076)[0m train neg_log_prob_task   3.435479
[2m[36m(trainer pid=53076)[0m tune loss                0.003674
[2m[36m(trainer pid=53076)[0m tune neg_log_prob        4.291319
[2m[36m(trainer pid=53076)[0m tune neg_log_prob_task   2.193203
[2m[36m(trainer pid=53071)[0m Metrics Epoch 4
[2m[36m(trainer pid=53071)[0m time (seconds)      6.393235
[2m[36m(trainer pid=53071)[0m train loss                0.698139
[2m[36m(trainer pid=53071)[0m train neg_log_prob        6.012615
[2m[36m(trainer pid=53071)[0m train neg_log_prob_task   3.258375
[2m[36m(trainer pid=53061)[0m Metrics Epoch 5
[2m[36m(trainer pid=53061)[0m time (seconds)      5.340246
[2m[36m(trainer pid=53061)[0m train loss                0.681606
[2m[36m(trainer pid=53061)[0m train neg_log_prob        6.059399
[2m[36m(trainer pid=53061)[0m train neg_log_prob_task   3.302418
[2m[36m(trainer pid=53071)[0m tune loss                -0.001364
[2m[36m(trainer pid=53071)[0m tune neg_log_prob        3.913566
[2m[36m(trainer pid=53071)[0m tune neg_log_prob_task   2.090758
[2m[36m(trainer pid=53061)[0m tune loss                0.003982
[2m[36m(trainer pid=53061)[0m tune neg_log_prob        3.960787
[2m[36m(trainer pid=53061)[0m tune neg_log_prob_task   2.093452
[2m[36m(trainer pid=53062)[0m Metrics Epoch 4
[2m[36m(trainer pid=53062)[0m time (seconds)      6.592124
[2m[36m(trainer pid=53062)[0m train loss                0.789336
[2m[36m(trainer pid=53062)[0m train neg_log_prob        6.173593
[2m[36m(trainer pid=53062)[0m train neg_log_prob_task   3.294181
[2m[36m(trainer pid=53062)[0m tune loss                0.000828
[2m[36m(trainer pid=53062)[0m tune neg_log_prob        3.994534
[2m[36m(trainer pid=53062)[0m tune neg_log_prob_task   2.163307
[2m[36m(trainer pid=53076)[0m Metrics Epoch 3
[2m[36m(trainer pid=53076)[0m time (seconds)      7.829807
[2m[36m(trainer pid=53076)[0m train loss                2.993030
[2m[36m(trainer pid=53076)[0m train neg_log_prob        7.403906
[2m[36m(trainer pid=53076)[0m train neg_log_prob_task   3.324283
[2m[36m(trainer pid=53076)[0m tune loss                -0.001158
[2m[36m(trainer pid=53076)[0m tune neg_log_prob        4.063191
[2m[36m(trainer pid=53076)[0m tune neg_log_prob_task   2.152631
[2m[36m(trainer pid=53071)[0m Metrics Epoch 5
[2m[36m(trainer pid=53071)[0m time (seconds)      6.154608
[2m[36m(trainer pid=53071)[0m train loss                0.277504
[2m[36m(trainer pid=53071)[0m train neg_log_prob        5.313915
[2m[36m(trainer pid=53071)[0m train neg_log_prob_task   3.182435
[2m[36m(trainer pid=53061)[0m Metrics Epoch 6
[2m[36m(trainer pid=53061)[0m time (seconds)      5.360488
[2m[36m(trainer pid=53061)[0m train loss                0.368408
[2m[36m(trainer pid=53061)[0m train neg_log_prob        5.555839
[2m[36m(trainer pid=53061)[0m train neg_log_prob_task   3.236519
[2m[36m(trainer pid=53071)[0m tune loss                -0.000388
[2m[36m(trainer pid=53071)[0m tune neg_log_prob        3.941755
[2m[36m(trainer pid=53071)[0m tune neg_log_prob_task   2.084170
[2m[36m(trainer pid=53061)[0m tune loss                0.001824
[2m[36m(trainer pid=53061)[0m tune neg_log_prob        3.977007
[2m[36m(trainer pid=53061)[0m tune neg_log_prob_task   2.043075
[2m[36m(trainer pid=53062)[0m Metrics Epoch 5
[2m[36m(trainer pid=53062)[0m time (seconds)      6.348151
[2m[36m(trainer pid=53062)[0m train loss                0.283312
[2m[36m(trainer pid=53062)[0m train neg_log_prob        5.342763
[2m[36m(trainer pid=53062)[0m train neg_log_prob_task   3.176072
[2m[36m(trainer pid=53062)[0m tune loss                -0.001103
[2m[36m(trainer pid=53062)[0m tune neg_log_prob        3.991594
[2m[36m(trainer pid=53062)[0m tune neg_log_prob_task   2.046377
[2m[36m(trainer pid=53076)[0m Metrics Epoch 4
[2m[36m(trainer pid=53076)[0m time (seconds)      7.039663
[2m[36m(trainer pid=53076)[0m train loss                1.482376
[2m[36m(trainer pid=53076)[0m train neg_log_prob        6.650150
[2m[36m(trainer pid=53076)[0m train neg_log_prob_task   3.239127
[2m[36m(trainer pid=53076)[0m tune loss                -0.005142
[2m[36m(trainer pid=53076)[0m tune neg_log_prob        3.954972
[2m[36m(trainer pid=53076)[0m tune neg_log_prob_task   2.108121
[2m[36m(trainer pid=53071)[0m Metrics Epoch 6
[2m[36m(trainer pid=53071)[0m time (seconds)      6.022036
[2m[36m(trainer pid=53071)[0m train loss                0.127133
[2m[36m(trainer pid=53071)[0m train neg_log_prob        4.809967
[2m[36m(trainer pid=53071)[0m train neg_log_prob_task   3.075210
[2m[36m(trainer pid=53061)[0m Metrics Epoch 7
[2m[36m(trainer pid=53061)[0m time (seconds)      5.378241
[2m[36m(trainer pid=53061)[0m train loss                0.188015
[2m[36m(trainer pid=53061)[0m train neg_log_prob        5.087289
[2m[36m(trainer pid=53061)[0m train neg_log_prob_task   3.100433
[2m[36m(trainer pid=53071)[0m tune loss                -0.002961
[2m[36m(trainer pid=53071)[0m tune neg_log_prob        3.941034
[2m[36m(trainer pid=53071)[0m tune neg_log_prob_task   1.950343
[2m[36m(trainer pid=53061)[0m tune loss                0.000770
[2m[36m(trainer pid=53061)[0m tune neg_log_prob        3.933075
[2m[36m(trainer pid=53061)[0m tune neg_log_prob_task   1.965110
[2m[36m(trainer pid=53062)[0m Metrics Epoch 6
[2m[36m(trainer pid=53062)[0m time (seconds)      6.189862
[2m[36m(trainer pid=53062)[0m train loss                0.115896
[2m[36m(trainer pid=53062)[0m train neg_log_prob        4.750797
[2m[36m(trainer pid=53062)[0m train neg_log_prob_task   3.080314
[2m[36m(trainer pid=53062)[0m tune loss                -0.001194
[2m[36m(trainer pid=53062)[0m tune neg_log_prob        3.950705
[2m[36m(trainer pid=53062)[0m tune neg_log_prob_task   1.956381
[2m[36m(trainer pid=53076)[0m Metrics Epoch 5
[2m[36m(trainer pid=53076)[0m time (seconds)      6.639904
[2m[36m(trainer pid=53076)[0m train loss                0.747621
[2m[36m(trainer pid=53076)[0m train neg_log_prob        5.999260
[2m[36m(trainer pid=53076)[0m train neg_log_prob_task   3.166982
[2m[36m(trainer pid=53076)[0m tune loss                -0.006507
[2m[36m(trainer pid=53076)[0m tune neg_log_prob        3.930126
[2m[36m(trainer pid=53076)[0m tune neg_log_prob_task   2.010199
[2m[36m(trainer pid=53071)[0m Metrics Epoch 7
[2m[36m(trainer pid=53071)[0m time (seconds)      5.934898
[2m[36m(trainer pid=53071)[0m train loss                0.063994
[2m[36m(trainer pid=53071)[0m train neg_log_prob        4.407943
[2m[36m(trainer pid=53071)[0m train neg_log_prob_task   2.926633
[2m[36m(trainer pid=53061)[0m Metrics Epoch 8
[2m[36m(trainer pid=53061)[0m time (seconds)      5.389125
[2m[36m(trainer pid=53061)[0m train loss                0.108197
[2m[36m(trainer pid=53061)[0m train neg_log_prob        4.730920
[2m[36m(trainer pid=53061)[0m train neg_log_prob_task   2.951258
[2m[36m(trainer pid=53071)[0m tune loss                -0.003786
[2m[36m(trainer pid=53071)[0m tune neg_log_prob        3.914013
[2m[36m(trainer pid=53071)[0m tune neg_log_prob_task   1.865042
[2m[36m(trainer pid=53061)[0m tune loss                -0.000715
[2m[36m(trainer pid=53061)[0m tune neg_log_prob        3.956078
[2m[36m(trainer pid=53061)[0m tune neg_log_prob_task   1.897113
[2m[36m(trainer pid=53062)[0m Metrics Epoch 7
[2m[36m(trainer pid=53062)[0m time (seconds)      6.068421
[2m[36m(trainer pid=53062)[0m train loss                0.048612
[2m[36m(trainer pid=53062)[0m train neg_log_prob        4.306463
[2m[36m(trainer pid=53062)[0m train neg_log_prob_task   2.958955
[2m[36m(trainer pid=53062)[0m tune loss                0.000411
[2m[36m(trainer pid=53062)[0m tune neg_log_prob        3.959997
[2m[36m(trainer pid=53062)[0m tune neg_log_prob_task   1.855108
[2m[36m(trainer pid=53076)[0m Metrics Epoch 6
[2m[36m(trainer pid=53076)[0m time (seconds)      6.432010
[2m[36m(trainer pid=53076)[0m train loss                0.522986
[2m[36m(trainer pid=53076)[0m train neg_log_prob        5.717403
[2m[36m(trainer pid=53076)[0m train neg_log_prob_task   3.152453
[2m[36m(trainer pid=53076)[0m tune loss                -0.005497
[2m[36m(trainer pid=53076)[0m tune neg_log_prob        3.943273
[2m[36m(trainer pid=53076)[0m tune neg_log_prob_task   1.944770
[2m[36m(trainer pid=53071)[0m Metrics Epoch 8
[2m[36m(trainer pid=53071)[0m time (seconds)      5.861239
[2m[36m(trainer pid=53071)[0m train loss                0.041106
[2m[36m(trainer pid=53071)[0m train neg_log_prob        4.187375
[2m[36m(trainer pid=53071)[0m train neg_log_prob_task   2.817512
[2m[36m(trainer pid=53061)[0m Metrics Epoch 9
[2m[36m(trainer pid=53061)[0m time (seconds)      5.401980
[2m[36m(trainer pid=53061)[0m train loss                0.071032
[2m[36m(trainer pid=53061)[0m train neg_log_prob        4.476184
[2m[36m(trainer pid=53061)[0m train neg_log_prob_task   2.751055
[2m[36m(trainer pid=53071)[0m tune loss                -0.003748
[2m[36m(trainer pid=53071)[0m tune neg_log_prob        3.900942
[2m[36m(trainer pid=53071)[0m tune neg_log_prob_task   1.751194
[2m[36m(trainer pid=53061)[0m tune loss                0.000132
[2m[36m(trainer pid=53061)[0m tune neg_log_prob        3.941064
[2m[36m(trainer pid=53061)[0m tune neg_log_prob_task   1.756577
[2m[36m(trainer pid=53062)[0m Metrics Epoch 8
[2m[36m(trainer pid=53062)[0m time (seconds)      5.983510
[2m[36m(trainer pid=53062)[0m train loss                0.026776
[2m[36m(trainer pid=53062)[0m train neg_log_prob        4.040999
[2m[36m(trainer pid=53062)[0m train neg_log_prob_task   2.847414
[2m[36m(trainer pid=53062)[0m tune loss                0.001530
[2m[36m(trainer pid=53062)[0m tune neg_log_prob        3.991007
[2m[36m(trainer pid=53062)[0m tune neg_log_prob_task   1.783155
[2m[36m(trainer pid=53076)[0m Metrics Epoch 7
[2m[36m(trainer pid=53076)[0m time (seconds)      6.288367
[2m[36m(trainer pid=53076)[0m train loss                0.287506
[2m[36m(trainer pid=53076)[0m train neg_log_prob        5.258465
[2m[36m(trainer pid=53076)[0m train neg_log_prob_task   3.025599
[2m[36m(trainer pid=53076)[0m tune loss                -0.005461
[2m[36m(trainer pid=53076)[0m tune neg_log_prob        3.942694
[2m[36m(trainer pid=53076)[0m tune neg_log_prob_task   1.875398
[2m[36m(trainer pid=53071)[0m Metrics Epoch 9
[2m[36m(trainer pid=53071)[0m time (seconds)      5.809324
[2m[36m(trainer pid=53071)[0m train loss                0.028354
[2m[36m(trainer pid=53071)[0m train neg_log_prob        3.923861
[2m[36m(trainer pid=53071)[0m train neg_log_prob_task   2.628125
[2m[36m(trainer pid=53061)[0m Metrics Epoch 10
[2m[36m(trainer pid=53061)[0m time (seconds)      5.408117
[2m[36m(trainer pid=53061)[0m train loss                0.050389
[2m[36m(trainer pid=53061)[0m train neg_log_prob        4.244764
[2m[36m(trainer pid=53061)[0m train neg_log_prob_task   2.543143
[2m[36m(trainer pid=53071)[0m tune loss                -0.004869
[2m[36m(trainer pid=53071)[0m tune neg_log_prob        3.785959
[2m[36m(trainer pid=53071)[0m tune neg_log_prob_task   1.669938
[2m[36m(trainer pid=53061)[0m tune loss                -0.001121
[2m[36m(trainer pid=53061)[0m tune neg_log_prob        3.877552
[2m[36m(trainer pid=53061)[0m tune neg_log_prob_task   1.629605
[2m[36m(trainer pid=53062)[0m Metrics Epoch 9
[2m[36m(trainer pid=53062)[0m time (seconds)      5.898596
[2m[36m(trainer pid=53062)[0m train loss                0.021473
[2m[36m(trainer pid=53062)[0m train neg_log_prob        3.739616
[2m[36m(trainer pid=53062)[0m train neg_log_prob_task   2.681753
[2m[36m(trainer pid=53062)[0m tune loss                0.001872
[2m[36m(trainer pid=53062)[0m tune neg_log_prob        3.784942
[2m[36m(trainer pid=53062)[0m tune neg_log_prob_task   1.695863
[2m[36m(trainer pid=53076)[0m Metrics Epoch 8
[2m[36m(trainer pid=53076)[0m time (seconds)      6.129579
[2m[36m(trainer pid=53076)[0m train loss                0.188401
[2m[36m(trainer pid=53076)[0m train neg_log_prob        4.942959
[2m[36m(trainer pid=53076)[0m train neg_log_prob_task   2.865564
[2m[36m(trainer pid=53076)[0m tune loss                -0.005562
[2m[36m(trainer pid=53076)[0m tune neg_log_prob        3.902581
[2m[36m(trainer pid=53076)[0m tune neg_log_prob_task   1.766351
[2m[36m(trainer pid=53061)[0m Metrics Epoch 10
[2m[36m(trainer pid=53061)[0m best loss                -0.000293
[2m[36m(trainer pid=53061)[0m best neg_log_prob        3.891152
[2m[36m(trainer pid=53061)[0m best neg_log_prob_task   1.624369
[2m[36m(trainer pid=53071)[0m Metrics Epoch 10
[2m[36m(trainer pid=53071)[0m time (seconds)      5.666999
[2m[36m(trainer pid=53071)[0m train loss                0.022560
[2m[36m(trainer pid=53071)[0m train neg_log_prob        3.632061
[2m[36m(trainer pid=53071)[0m train neg_log_prob_task   2.431175
[2m[36m(trainer pid=53071)[0m tune loss                -0.004446
[2m[36m(trainer pid=53071)[0m tune neg_log_prob        3.653819
[2m[36m(trainer pid=53071)[0m tune neg_log_prob_task   1.559499
[2m[36m(trainer pid=53062)[0m Metrics Epoch 10
[2m[36m(trainer pid=53062)[0m time (seconds)      5.695469
[2m[36m(trainer pid=53062)[0m train loss                0.014057
[2m[36m(trainer pid=53062)[0m train neg_log_prob        3.319460
[2m[36m(trainer pid=53062)[0m train neg_log_prob_task   2.501569
[2m[36m(trainer pid=53062)[0m tune loss                0.000685
[2m[36m(trainer pid=53062)[0m tune neg_log_prob        3.538663
[2m[36m(trainer pid=53062)[0m tune neg_log_prob_task   1.621536
[2m[36m(trainer pid=53076)[0m Metrics Epoch 9
[2m[36m(trainer pid=53076)[0m time (seconds)      5.823458
[2m[36m(trainer pid=53076)[0m train loss                0.105837
[2m[36m(trainer pid=53076)[0m train neg_log_prob        4.606376
[2m[36m(trainer pid=53076)[0m train neg_log_prob_task   2.607927
[2m[36m(trainer pid=53076)[0m tune loss                -0.005403
[2m[36m(trainer pid=53076)[0m tune neg_log_prob        3.943462
[2m[36m(trainer pid=53076)[0m tune neg_log_prob_task   1.656977
[2m[36m(trainer pid=53071)[0m Metrics Epoch 9
[2m[36m(trainer pid=53071)[0m best loss                -0.004003
[2m[36m(trainer pid=53071)[0m best neg_log_prob        3.790297
[2m[36m(trainer pid=53071)[0m best neg_log_prob_task   1.671929
[2m[36m(trainer pid=53062)[0m Metrics Epoch 6
[2m[36m(trainer pid=53062)[0m best loss                -0.000567
[2m[36m(trainer pid=53062)[0m best neg_log_prob        3.945561
[2m[36m(trainer pid=53062)[0m best neg_log_prob_task   1.961444
[2m[36m(trainer pid=53076)[0m Metrics Epoch 10
[2m[36m(trainer pid=53076)[0m time (seconds)      5.408661
[2m[36m(trainer pid=53076)[0m train loss                0.076320
[2m[36m(trainer pid=53076)[0m train neg_log_prob        4.368222
[2m[36m(trainer pid=53076)[0m train neg_log_prob_task   2.311462
[2m[36m(trainer pid=53076)[0m tune loss                -0.005335
[2m[36m(trainer pid=53076)[0m tune neg_log_prob        3.850444
[2m[36m(trainer pid=53076)[0m tune neg_log_prob_task   1.578184
[2m[36m(trainer pid=53076)[0m Metrics Epoch 5
[2m[36m(trainer pid=53076)[0m best loss                -0.007902
[2m[36m(trainer pid=53076)[0m best neg_log_prob        3.959542
[2m[36m(trainer pid=53076)[0m best neg_log_prob_task   2.014341
[2m[36m(trainer pid=53061)[0m MERRA_aod
[2m[36m(trainer pid=53071)[0m MERRA_aod
[2m[36m(trainer pid=53061)[0m MERRA_aod
[2m[36m(trainer pid=53061)[0m Metrics Epoch 1
[2m[36m(trainer pid=53061)[0m time (seconds)      1.461037
[2m[36m(trainer pid=53061)[0m train loss                10.021278
[2m[36m(trainer pid=53061)[0m train neg_log_prob        9.724860
[2m[36m(trainer pid=53061)[0m train neg_log_prob_task   3.852358
[2m[36m(trainer pid=53061)[0m tune loss                0.024340
[2m[36m(trainer pid=53061)[0m tune neg_log_prob        4.627663
[2m[36m(trainer pid=53061)[0m tune neg_log_prob_task   2.274023
[2m[36m(trainer pid=53071)[0m MERRA_aod
[2m[36m(trainer pid=53061)[0m Metrics Epoch 2
[2m[36m(trainer pid=53061)[0m time (seconds)      3.131579
[2m[36m(trainer pid=53061)[0m train loss                5.121962
[2m[36m(trainer pid=53061)[0m train neg_log_prob        8.264228
[2m[36m(trainer pid=53061)[0m train neg_log_prob_task   3.499484
[2m[36m(trainer pid=53061)[0m tune loss                0.007005
[2m[36m(trainer pid=53061)[0m tune neg_log_prob        4.195893
[2m[36m(trainer pid=53061)[0m tune neg_log_prob_task   2.179394
[2m[36m(trainer pid=53071)[0m Metrics Epoch 1
[2m[36m(trainer pid=53071)[0m time (seconds)      2.486453
[2m[36m(trainer pid=53071)[0m train loss                10.077468
[2m[36m(trainer pid=53071)[0m train neg_log_prob        9.646352
[2m[36m(trainer pid=53071)[0m train neg_log_prob_task   3.729620
[2m[36m(trainer pid=53071)[0m tune loss                0.068349
[2m[36m(trainer pid=53071)[0m tune neg_log_prob        4.895987
[2m[36m(trainer pid=53071)[0m tune neg_log_prob_task   2.207061
[2m[36m(trainer pid=53061)[0m Metrics Epoch 3
[2m[36m(trainer pid=53061)[0m time (seconds)      2.964705
[2m[36m(trainer pid=53061)[0m train loss                2.478579
[2m[36m(trainer pid=53061)[0m train neg_log_prob        7.382694
[2m[36m(trainer pid=53061)[0m train neg_log_prob_task   3.445615
[2m[36m(trainer pid=53061)[0m tune loss                0.001101
[2m[36m(trainer pid=53061)[0m tune neg_log_prob        4.024823
[2m[36m(trainer pid=53061)[0m tune neg_log_prob_task   2.057114
[2m[36m(trainer pid=53071)[0m Metrics Epoch 2
[2m[36m(trainer pid=53071)[0m time (seconds)      5.295932
[2m[36m(trainer pid=53071)[0m train loss                6.910191
[2m[36m(trainer pid=53071)[0m train neg_log_prob        8.561507
[2m[36m(trainer pid=53071)[0m train neg_log_prob_task   3.441214
[2m[36m(trainer pid=53071)[0m tune loss                0.024486
[2m[36m(trainer pid=53071)[0m tune neg_log_prob        4.401138
[2m[36m(trainer pid=53071)[0m tune neg_log_prob_task   2.158615
[2m[36m(trainer pid=53061)[0m Metrics Epoch 4
[2m[36m(trainer pid=53061)[0m time (seconds)      2.908373
[2m[36m(trainer pid=53061)[0m train loss                1.365661
[2m[36m(trainer pid=53061)[0m train neg_log_prob        6.637743
[2m[36m(trainer pid=53061)[0m train neg_log_prob_task   3.370928
[2m[36m(trainer pid=53061)[0m tune loss                -0.001352
[2m[36m(trainer pid=53061)[0m tune neg_log_prob        3.951609
[2m[36m(trainer pid=53061)[0m tune neg_log_prob_task   2.142869
[2m[36m(trainer pid=53071)[0m Metrics Epoch 3
[2m[36m(trainer pid=53071)[0m time (seconds)      4.047015
[2m[36m(trainer pid=53071)[0m train loss                2.937924
[2m[36m(trainer pid=53071)[0m train neg_log_prob        7.511823
[2m[36m(trainer pid=53071)[0m train neg_log_prob_task   3.322953
[2m[36m(trainer pid=53071)[0m tune loss                0.011692
[2m[36m(trainer pid=53071)[0m tune neg_log_prob        4.157144
[2m[36m(trainer pid=53071)[0m tune neg_log_prob_task   2.143184
[2m[36m(trainer pid=53061)[0m Metrics Epoch 5
[2m[36m(trainer pid=53061)[0m time (seconds)      2.881520
[2m[36m(trainer pid=53061)[0m train loss                0.528308
[2m[36m(trainer pid=53061)[0m train neg_log_prob        5.748805
[2m[36m(trainer pid=53061)[0m train neg_log_prob_task   3.203479
[2m[36m(trainer pid=53061)[0m tune loss                -0.000724
[2m[36m(trainer pid=53061)[0m tune neg_log_prob        3.929029
[2m[36m(trainer pid=53061)[0m tune neg_log_prob_task   1.921675
[2m[36m(trainer pid=53071)[0m Metrics Epoch 4
[2m[36m(trainer pid=53071)[0m time (seconds)      3.629217
[2m[36m(trainer pid=53071)[0m train loss                1.487328
[2m[36m(trainer pid=53071)[0m train neg_log_prob        6.726573
[2m[36m(trainer pid=53071)[0m train neg_log_prob_task   3.239586
[2m[36m(trainer pid=53071)[0m tune loss                0.006103
[2m[36m(trainer pid=53071)[0m tune neg_log_prob        4.028950
[2m[36m(trainer pid=53071)[0m tune neg_log_prob_task   2.083841
[2m[36m(trainer pid=53061)[0m Metrics Epoch 6
[2m[36m(trainer pid=53061)[0m time (seconds)      2.864587
[2m[36m(trainer pid=53061)[0m train loss                0.208669
[2m[36m(trainer pid=53061)[0m train neg_log_prob        5.104659
[2m[36m(trainer pid=53061)[0m train neg_log_prob_task   3.010194
[2m[36m(trainer pid=53061)[0m tune loss                -0.000388
[2m[36m(trainer pid=53061)[0m tune neg_log_prob        3.937677
[2m[36m(trainer pid=53061)[0m tune neg_log_prob_task   1.830820
[2m[36m(trainer pid=53071)[0m Metrics Epoch 5
[2m[36m(trainer pid=53071)[0m time (seconds)      3.453145
[2m[36m(trainer pid=53071)[0m train loss                0.838985
[2m[36m(trainer pid=53071)[0m train neg_log_prob        6.171829
[2m[36m(trainer pid=53071)[0m train neg_log_prob_task   3.159132
[2m[36m(trainer pid=53071)[0m tune loss                0.004188
[2m[36m(trainer pid=53071)[0m tune neg_log_prob        3.962388
[2m[36m(trainer pid=53071)[0m tune neg_log_prob_task   2.033457
[2m[36m(trainer pid=53061)[0m Metrics Epoch 7
[2m[36m(trainer pid=53061)[0m time (seconds)      2.872925
[2m[36m(trainer pid=53061)[0m train loss                0.097381
[2m[36m(trainer pid=53061)[0m train neg_log_prob        4.634933
[2m[36m(trainer pid=53061)[0m train neg_log_prob_task   2.794977
[2m[36m(trainer pid=53061)[0m tune loss                0.000315
[2m[36m(trainer pid=53061)[0m tune neg_log_prob        3.971429
[2m[36m(trainer pid=53061)[0m tune neg_log_prob_task   1.742971
[2m[36m(trainer pid=53071)[0m Metrics Epoch 6
[2m[36m(trainer pid=53071)[0m time (seconds)      3.325203
[2m[36m(trainer pid=53071)[0m train loss                0.426363
[2m[36m(trainer pid=53071)[0m train neg_log_prob        5.582996
[2m[36m(trainer pid=53071)[0m train neg_log_prob_task   3.025532
[2m[36m(trainer pid=53071)[0m tune loss                0.000820
[2m[36m(trainer pid=53071)[0m tune neg_log_prob        3.924190
[2m[36m(trainer pid=53071)[0m tune neg_log_prob_task   1.952027
[2m[36m(trainer pid=53061)[0m Metrics Epoch 8
[2m[36m(trainer pid=53061)[0m time (seconds)      2.859246
[2m[36m(trainer pid=53061)[0m train loss                0.054985
[2m[36m(trainer pid=53061)[0m train neg_log_prob        4.265091
[2m[36m(trainer pid=53061)[0m train neg_log_prob_task   2.535209
[2m[36m(trainer pid=53061)[0m tune loss                0.000977
[2m[36m(trainer pid=53061)[0m tune neg_log_prob        3.965663
[2m[36m(trainer pid=53061)[0m tune neg_log_prob_task   1.614239
[2m[36m(trainer pid=53071)[0m Metrics Epoch 7
[2m[36m(trainer pid=53071)[0m time (seconds)      3.237098
[2m[36m(trainer pid=53071)[0m train loss                0.235928
[2m[36m(trainer pid=53071)[0m train neg_log_prob        5.165486
[2m[36m(trainer pid=53071)[0m train neg_log_prob_task   2.880925
[2m[36m(trainer pid=53071)[0m tune loss                -0.001167
[2m[36m(trainer pid=53071)[0m tune neg_log_prob        3.922529
[2m[36m(trainer pid=53071)[0m tune neg_log_prob_task   1.818511
[2m[36m(trainer pid=53061)[0m Metrics Epoch 9
[2m[36m(trainer pid=53061)[0m time (seconds)      2.850617
[2m[36m(trainer pid=53061)[0m train loss                0.035933
[2m[36m(trainer pid=53061)[0m train neg_log_prob        4.014331
[2m[36m(trainer pid=53061)[0m train neg_log_prob_task   2.264793
[2m[36m(trainer pid=53061)[0m tune loss                0.000143
[2m[36m(trainer pid=53061)[0m tune neg_log_prob        3.794082
[2m[36m(trainer pid=53061)[0m tune neg_log_prob_task   1.552519
[2m[36m(trainer pid=53071)[0m Metrics Epoch 8
[2m[36m(trainer pid=53071)[0m time (seconds)      3.174373
[2m[36m(trainer pid=53071)[0m train loss                0.137168
[2m[36m(trainer pid=53071)[0m train neg_log_prob        4.801345
[2m[36m(trainer pid=53071)[0m train neg_log_prob_task   2.648987
[2m[36m(trainer pid=53071)[0m tune loss                -0.003202
[2m[36m(trainer pid=53071)[0m tune neg_log_prob        3.904277
[2m[36m(trainer pid=53071)[0m tune neg_log_prob_task   1.699973
[2m[36m(trainer pid=53061)[0m Metrics Epoch 10
[2m[36m(trainer pid=53061)[0m time (seconds)      2.843657
[2m[36m(trainer pid=53061)[0m train loss                0.026987
[2m[36m(trainer pid=53061)[0m train neg_log_prob        3.697173
[2m[36m(trainer pid=53061)[0m train neg_log_prob_task   2.060819
[2m[36m(trainer pid=53061)[0m tune loss                -0.000040
[2m[36m(trainer pid=53061)[0m tune neg_log_prob        3.678304
[2m[36m(trainer pid=53061)[0m tune neg_log_prob_task   1.618327
[2m[36m(trainer pid=53071)[0m Metrics Epoch 9
[2m[36m(trainer pid=53071)[0m time (seconds)      3.022670
[2m[36m(trainer pid=53071)[0m train loss                0.087348
[2m[36m(trainer pid=53071)[0m train neg_log_prob        4.523442
[2m[36m(trainer pid=53071)[0m train neg_log_prob_task   2.393029
[2m[36m(trainer pid=53071)[0m tune loss                -0.003704
[2m[36m(trainer pid=53071)[0m tune neg_log_prob        3.817451
[2m[36m(trainer pid=53071)[0m tune neg_log_prob_task   1.630640
[2m[36m(trainer pid=53061)[0m Metrics Epoch 4
[2m[36m(trainer pid=53061)[0m best loss                -0.000776
[2m[36m(trainer pid=53061)[0m best neg_log_prob        3.978748
[2m[36m(trainer pid=53061)[0m best neg_log_prob_task   2.143925
[2m[36m(trainer pid=53071)[0m Metrics Epoch 10
[2m[36m(trainer pid=53071)[0m time (seconds)      2.868324
[2m[36m(trainer pid=53071)[0m train loss                0.055734
[2m[36m(trainer pid=53071)[0m train neg_log_prob        4.246177
[2m[36m(trainer pid=53071)[0m train neg_log_prob_task   2.088372
[2m[36m(trainer pid=53071)[0m tune loss                -0.004279
[2m[36m(trainer pid=53071)[0m tune neg_log_prob        3.703597
[2m[36m(trainer pid=53071)[0m tune neg_log_prob_task   1.572310
[2m[36m(trainer pid=53071)[0m Metrics Epoch 10
[2m[36m(trainer pid=53071)[0m best loss                -0.004523
[2m[36m(trainer pid=53071)[0m best neg_log_prob        3.737457
[2m[36m(trainer pid=53071)[0m best neg_log_prob_task   1.555920
