Running overcast
Traceback (most recent call last):
  File "/home/users/msolal/miniconda3/envs/overcast/bin/overcast", line 33, in <module>
    sys.exit(load_entry_point('overcast', 'console_scripts', 'overcast')())
  File "/home/users/msolal/miniconda3/envs/overcast/bin/overcast", line 25, in importlib_load_entry_point
    return next(matches).load()
  File "/home/users/msolal/miniconda3/envs/overcast/lib/python3.9/importlib/metadata.py", line 77, in load
    module = import_module(match.group('module'))
  File "/home/users/msolal/miniconda3/envs/overcast/lib/python3.9/importlib/__init__.py", line 127, in import_module
    return _bootstrap._gcd_import(name[level:], package, level)
  File "<frozen importlib._bootstrap>", line 1030, in _gcd_import
  File "<frozen importlib._bootstrap>", line 1007, in _find_and_load
  File "<frozen importlib._bootstrap>", line 986, in _find_and_load_unlocked
  File "<frozen importlib._bootstrap>", line 680, in _load_unlocked
  File "<frozen importlib._bootstrap_external>", line 790, in exec_module
  File "<frozen importlib._bootstrap>", line 228, in _call_with_frames_removed
  File "/home/users/msolal/msc-project/overcast/overcast/main.py", line 120, in <module>
    if resolution == "high"
NameError: name 'resolution' is not defined
/apps/slurm/spool/slurmd/job3101087/slurm_script: line 23: appended-treatment-transformer: command not found
